Release 14.1 - xst P.15xf (nt64)
Copyright (c) 1995-2012 Xilinx, Inc.  All rights reserved.
--> Parameter TMPDIR set to xst/projnav.tmp


Total REAL time to Xst completion: 0.00 secs
Total CPU time to Xst completion: 0.18 secs
 
--> Parameter xsthdpdir set to xst


Total REAL time to Xst completion: 0.00 secs
Total CPU time to Xst completion: 0.18 secs
 
--> Reading design: Encryption.prj

TABLE OF CONTENTS
  1) Synthesis Options Summary
  2) HDL Parsing
  3) HDL Elaboration
  4) HDL Synthesis
       4.1) HDL Synthesis Report
  5) Advanced HDL Synthesis
       5.1) Advanced HDL Synthesis Report
  6) Low Level Synthesis
  7) Partition Report
  8) Design Summary
       8.1) Primitive and Black Box Usage
       8.2) Device utilization summary
       8.3) Partition Resource Summary
       8.4) Timing Report
            8.4.1) Clock Information
            8.4.2) Asynchronous Control Signals Information
            8.4.3) Timing Summary
            8.4.4) Timing Details
            8.4.5) Cross Clock Domains Report


=========================================================================
*                      Synthesis Options Summary                        *
=========================================================================
---- Source Parameters
Input File Name                    : "Encryption.prj"
Ignore Synthesis Constraint File   : NO

---- Target Parameters
Output File Name                   : "Encryption"
Output Format                      : NGC
Target Device                      : xc7a100t-3-csg324

---- Source Options
Top Module Name                    : Encryption
Automatic FSM Extraction           : YES
FSM Encoding Algorithm             : Auto
Safe Implementation                : No
FSM Style                          : LUT
RAM Extraction                     : Yes
RAM Style                          : Auto
ROM Extraction                     : Yes
Shift Register Extraction          : YES
ROM Style                          : Auto
Resource Sharing                   : YES
Asynchronous To Synchronous        : NO
Shift Register Minimum Size        : 2
Use DSP Block                      : Auto
Automatic Register Balancing       : No

---- Target Options
LUT Combining                      : Auto
Reduce Control Sets                : Auto
Add IO Buffers                     : YES
Global Maximum Fanout              : 100000
Add Generic Clock Buffer(BUFG)     : 32
Register Duplication               : YES
Optimize Instantiated Primitives   : NO
Use Clock Enable                   : Auto
Use Synchronous Set                : Auto
Use Synchronous Reset              : Auto
Pack IO Registers into IOBs        : Auto
Equivalent register Removal        : YES

---- General Options
Optimization Goal                  : Speed
Optimization Effort                : 1
Power Reduction                    : NO
Keep Hierarchy                     : No
Netlist Hierarchy                  : As_Optimized
RTL Output                         : Yes
Global Optimization                : AllClockNets
Read Cores                         : YES
Write Timing Constraints           : NO
Cross Clock Analysis               : NO
Hierarchy Separator                : /
Bus Delimiter                      : <>
Case Specifier                     : Maintain
Slice Utilization Ratio            : 100
BRAM Utilization Ratio             : 100
DSP48 Utilization Ratio            : 100
Auto BRAM Packing                  : NO
Slice Utilization Ratio Delta      : 5

=========================================================================


=========================================================================
*                          HDL Parsing                                  *
=========================================================================
Analyzing Verilog file "C:\Users\Kyle\Ubuntu One\ModelSim\CSCI370\Verilog\AES\Encryption.v" into library work
Parsing module <Encryption>.
INFO:HDLCompiler:693 - "C:\Users\Kyle\Ubuntu One\ModelSim\CSCI370\Verilog\AES\Encryption.v" Line 28. parameter declaration becomes local in Encryption with formal parameter declaration list
INFO:HDLCompiler:693 - "C:\Users\Kyle\Ubuntu One\ModelSim\CSCI370\Verilog\AES\Encryption.v" Line 32. parameter declaration becomes local in Encryption with formal parameter declaration list

=========================================================================
*                            HDL Elaboration                            *
=========================================================================

Elaborating module <Encryption>.
WARNING:HDLCompiler:413 - "C:\Users\Kyle\Ubuntu One\ModelSim\CSCI370\Verilog\AES\Encryption.v" Line 51: Result of 40-bit expression is truncated to fit in 12-bit target.
WARNING:HDLCompiler:413 - "C:\Users\Kyle\Ubuntu One\ModelSim\CSCI370\Verilog\AES\Encryption.v" Line 52: Result of 5-bit expression is truncated to fit in 4-bit target.
"C:\Users\Kyle\Ubuntu One\ModelSim\CSCI370\Verilog\AES\Encryption.v" Line 104. $display Encryption Completed

=========================================================================
*                           HDL Synthesis                               *
=========================================================================

Synthesizing Unit <Encryption>.
    Related source file is "C:\Users\Kyle\Ubuntu One\ModelSim\CSCI370\Verilog\AES\Encryption.v".
        ADDR_WIDTH = 4
        DATA_WIDTH = 8
        MEM_DEPTH = 64
    Found 1-bit register for signal <done>.
    Found 1-bit register for signal <finished>.
    Found 1-bit register for signal <mem_wr_ena>.
    Found 4-bit register for signal <memIn_addr>.
    Found 4-bit register for signal <memOut_addr>.
    Found 8-bit register for signal <data_out>.
    Found 108-bit register for signal <n0163[107:0]>.
    Found 1-bit register for signal <start>.
    Found 4-bit adder for signal <memIn_addr[3]_GND_1_o_add_6_OUT> created at line 52.
    Found 8-bit adder for signal <mem[1][7]_GND_1_o_add_20_OUT> created at line 72.
    Found 8-bit adder for signal <mem[5][7]_GND_1_o_add_24_OUT> created at line 75.
    Found 8-bit adder for signal <mem[3][7]_GND_1_o_add_31_OUT> created at line 87.
    Summary:
	inferred   4 Adder/Subtractor(s).
	inferred 128 D-type flip-flop(s).
	inferred  69 Multiplexer(s).
Unit <Encryption> synthesized.

=========================================================================
HDL Synthesis Report

Macro Statistics
# Adders/Subtractors                                   : 4
 4-bit adder                                           : 1
 8-bit adder                                           : 3
# Registers                                            : 8
 1-bit register                                        : 4
 108-bit register                                      : 1
 4-bit register                                        : 2
 8-bit register                                        : 1
# Multiplexers                                         : 69
 1-bit 2-to-1 multiplexer                              : 65
 4-bit 2-to-1 multiplexer                              : 3
 8-bit 2-to-1 multiplexer                              : 1
# Xors                                                 : 3
 8-bit xor2                                            : 3

=========================================================================

=========================================================================
*                       Advanced HDL Synthesis                          *
=========================================================================

WARNING:Xst:1710 - FF/Latch <mem_8_96> (without init value) has a constant value of 0 in block <Encryption>. This FF/Latch will be trimmed during the optimization process.
WARNING:Xst:1895 - Due to other FF/Latch trimming, FF/Latch <mem_8_97> (without init value) has a constant value of 0 in block <Encryption>. This FF/Latch will be trimmed during the optimization process.
WARNING:Xst:1895 - Due to other FF/Latch trimming, FF/Latch <mem_8_98> (without init value) has a constant value of 0 in block <Encryption>. This FF/Latch will be trimmed during the optimization process.
WARNING:Xst:1895 - Due to other FF/Latch trimming, FF/Latch <mem_8_99> (without init value) has a constant value of 0 in block <Encryption>. This FF/Latch will be trimmed during the optimization process.
WARNING:Xst:1895 - Due to other FF/Latch trimming, FF/Latch <mem_8_100> (without init value) has a constant value of 0 in block <Encryption>. This FF/Latch will be trimmed during the optimization process.
WARNING:Xst:1895 - Due to other FF/Latch trimming, FF/Latch <mem_8_101> (without init value) has a constant value of 0 in block <Encryption>. This FF/Latch will be trimmed during the optimization process.
WARNING:Xst:1895 - Due to other FF/Latch trimming, FF/Latch <mem_8_102> (without init value) has a constant value of 0 in block <Encryption>. This FF/Latch will be trimmed during the optimization process.
WARNING:Xst:1895 - Due to other FF/Latch trimming, FF/Latch <mem_8_103> (without init value) has a constant value of 0 in block <Encryption>. This FF/Latch will be trimmed during the optimization process.
WARNING:Xst:1895 - Due to other FF/Latch trimming, FF/Latch <mem_8_104> (without init value) has a constant value of 0 in block <Encryption>. This FF/Latch will be trimmed during the optimization process.
WARNING:Xst:1895 - Due to other FF/Latch trimming, FF/Latch <mem_8_105> (without init value) has a constant value of 0 in block <Encryption>. This FF/Latch will be trimmed during the optimization process.
WARNING:Xst:1895 - Due to other FF/Latch trimming, FF/Latch <mem_8_106> (without init value) has a constant value of 0 in block <Encryption>. This FF/Latch will be trimmed during the optimization process.
WARNING:Xst:1895 - Due to other FF/Latch trimming, FF/Latch <mem_8_107> (without init value) has a constant value of 0 in block <Encryption>. This FF/Latch will be trimmed during the optimization process.
WARNING:Xst:1895 - Due to other FF/Latch trimming, FF/Latch <mem_8_95> (without init value) has a constant value of 0 in block <Encryption>. This FF/Latch will be trimmed during the optimization process.
WARNING:Xst:1895 - Due to other FF/Latch trimming, FF/Latch <mem_8_94> (without init value) has a constant value of 0 in block <Encryption>. This FF/Latch will be trimmed during the optimization process.
WARNING:Xst:1895 - Due to other FF/Latch trimming, FF/Latch <mem_8_93> (without init value) has a constant value of 0 in block <Encryption>. This FF/Latch will be trimmed during the optimization process.
WARNING:Xst:1895 - Due to other FF/Latch trimming, FF/Latch <mem_8_92> (without init value) has a constant value of 0 in block <Encryption>. This FF/Latch will be trimmed during the optimization process.
WARNING:Xst:1895 - Due to other FF/Latch trimming, FF/Latch <mem_8_83> (without init value) has a constant value of 0 in block <Encryption>. This FF/Latch will be trimmed during the optimization process.
WARNING:Xst:1895 - Due to other FF/Latch trimming, FF/Latch <mem_8_82> (without init value) has a constant value of 0 in block <Encryption>. This FF/Latch will be trimmed during the optimization process.
WARNING:Xst:1895 - Due to other FF/Latch trimming, FF/Latch <mem_8_81> (without init value) has a constant value of 0 in block <Encryption>. This FF/Latch will be trimmed during the optimization process.
WARNING:Xst:1895 - Due to other FF/Latch trimming, FF/Latch <mem_8_80> (without init value) has a constant value of 0 in block <Encryption>. This FF/Latch will be trimmed during the optimization process.
WARNING:Xst:1895 - Due to other FF/Latch trimming, FF/Latch <mem_8_71> (without init value) has a constant value of 0 in block <Encryption>. This FF/Latch will be trimmed during the optimization process.
WARNING:Xst:1895 - Due to other FF/Latch trimming, FF/Latch <mem_8_70> (without init value) has a constant value of 0 in block <Encryption>. This FF/Latch will be trimmed during the optimization process.
WARNING:Xst:1895 - Due to other FF/Latch trimming, FF/Latch <mem_8_69> (without init value) has a constant value of 0 in block <Encryption>. This FF/Latch will be trimmed during the optimization process.
WARNING:Xst:1895 - Due to other FF/Latch trimming, FF/Latch <mem_8_68> (without init value) has a constant value of 0 in block <Encryption>. This FF/Latch will be trimmed during the optimization process.
WARNING:Xst:1895 - Due to other FF/Latch trimming, FF/Latch <mem_8_59> (without init value) has a constant value of 0 in block <Encryption>. This FF/Latch will be trimmed during the optimization process.
WARNING:Xst:1895 - Due to other FF/Latch trimming, FF/Latch <mem_8_58> (without init value) has a constant value of 0 in block <Encryption>. This FF/Latch will be trimmed during the optimization process.
WARNING:Xst:1895 - Due to other FF/Latch trimming, FF/Latch <mem_8_57> (without init value) has a constant value of 0 in block <Encryption>. This FF/Latch will be trimmed during the optimization process.
WARNING:Xst:1895 - Due to other FF/Latch trimming, FF/Latch <mem_8_56> (without init value) has a constant value of 0 in block <Encryption>. This FF/Latch will be trimmed during the optimization process.
WARNING:Xst:1895 - Due to other FF/Latch trimming, FF/Latch <mem_8_47> (without init value) has a constant value of 0 in block <Encryption>. This FF/Latch will be trimmed during the optimization process.
WARNING:Xst:1895 - Due to other FF/Latch trimming, FF/Latch <mem_8_46> (without init value) has a constant value of 0 in block <Encryption>. This FF/Latch will be trimmed during the optimization process.
WARNING:Xst:1895 - Due to other FF/Latch trimming, FF/Latch <mem_8_45> (without init value) has a constant value of 0 in block <Encryption>. This FF/Latch will be trimmed during the optimization process.
WARNING:Xst:1895 - Due to other FF/Latch trimming, FF/Latch <mem_8_44> (without init value) has a constant value of 0 in block <Encryption>. This FF/Latch will be trimmed during the optimization process.
WARNING:Xst:1895 - Due to other FF/Latch trimming, FF/Latch <mem_8_32> (without init value) has a constant value of 0 in block <Encryption>. This FF/Latch will be trimmed during the optimization process.
WARNING:Xst:1895 - Due to other FF/Latch trimming, FF/Latch <mem_8_33> (without init value) has a constant value of 0 in block <Encryption>. This FF/Latch will be trimmed during the optimization process.
WARNING:Xst:1895 - Due to other FF/Latch trimming, FF/Latch <mem_8_34> (without init value) has a constant value of 0 in block <Encryption>. This FF/Latch will be trimmed during the optimization process.
WARNING:Xst:1895 - Due to other FF/Latch trimming, FF/Latch <mem_8_35> (without init value) has a constant value of 0 in block <Encryption>. This FF/Latch will be trimmed during the optimization process.
WARNING:Xst:1895 - Due to other FF/Latch trimming, FF/Latch <mem_8_23> (without init value) has a constant value of 0 in block <Encryption>. This FF/Latch will be trimmed during the optimization process.
WARNING:Xst:1895 - Due to other FF/Latch trimming, FF/Latch <mem_8_22> (without init value) has a constant value of 0 in block <Encryption>. This FF/Latch will be trimmed during the optimization process.
WARNING:Xst:1895 - Due to other FF/Latch trimming, FF/Latch <mem_8_21> (without init value) has a constant value of 0 in block <Encryption>. This FF/Latch will be trimmed during the optimization process.
WARNING:Xst:1895 - Due to other FF/Latch trimming, FF/Latch <mem_8_20> (without init value) has a constant value of 0 in block <Encryption>. This FF/Latch will be trimmed during the optimization process.
WARNING:Xst:1895 - Due to other FF/Latch trimming, FF/Latch <mem_8_11> (without init value) has a constant value of 0 in block <Encryption>. This FF/Latch will be trimmed during the optimization process.
WARNING:Xst:1895 - Due to other FF/Latch trimming, FF/Latch <mem_8_10> (without init value) has a constant value of 0 in block <Encryption>. This FF/Latch will be trimmed during the optimization process.
WARNING:Xst:1895 - Due to other FF/Latch trimming, FF/Latch <mem_8_9> (without init value) has a constant value of 0 in block <Encryption>. This FF/Latch will be trimmed during the optimization process.
WARNING:Xst:1895 - Due to other FF/Latch trimming, FF/Latch <mem_8_8> (without init value) has a constant value of 0 in block <Encryption>. This FF/Latch will be trimmed during the optimization process.
WARNING:Xst:2404 -  FFs/Latches <mem_8<107:92>> (without init value) have a constant value of 0 in block <Encryption>.

=========================================================================
Advanced HDL Synthesis Report

Macro Statistics
# Adders/Subtractors                                   : 4
 4-bit adder                                           : 1
 8-bit adder                                           : 3
# Registers                                            : 112
 Flip-Flops                                            : 112
# Multiplexers                                         : 69
 1-bit 2-to-1 multiplexer                              : 65
 4-bit 2-to-1 multiplexer                              : 3
 8-bit 2-to-1 multiplexer                              : 1
# Xors                                                 : 3
 8-bit xor2                                            : 3

=========================================================================

=========================================================================
*                         Low Level Synthesis                           *
=========================================================================
WARNING:Xst:1710 - FF/Latch <mem_8_83> (without init value) has a constant value of 0 in block <Encryption>. This FF/Latch will be trimmed during the optimization process.
WARNING:Xst:1895 - Due to other FF/Latch trimming, FF/Latch <mem_8_82> (without init value) has a constant value of 0 in block <Encryption>. This FF/Latch will be trimmed during the optimization process.
WARNING:Xst:1895 - Due to other FF/Latch trimming, FF/Latch <mem_8_81> (without init value) has a constant value of 0 in block <Encryption>. This FF/Latch will be trimmed during the optimization process.
WARNING:Xst:1895 - Due to other FF/Latch trimming, FF/Latch <mem_8_80> (without init value) has a constant value of 0 in block <Encryption>. This FF/Latch will be trimmed during the optimization process.
WARNING:Xst:1895 - Due to other FF/Latch trimming, FF/Latch <mem_8_71> (without init value) has a constant value of 0 in block <Encryption>. This FF/Latch will be trimmed during the optimization process.
WARNING:Xst:1895 - Due to other FF/Latch trimming, FF/Latch <mem_8_70> (without init value) has a constant value of 0 in block <Encryption>. This FF/Latch will be trimmed during the optimization process.
WARNING:Xst:1895 - Due to other FF/Latch trimming, FF/Latch <mem_8_69> (without init value) has a constant value of 0 in block <Encryption>. This FF/Latch will be trimmed during the optimization process.
WARNING:Xst:1895 - Due to other FF/Latch trimming, FF/Latch <mem_8_68> (without init value) has a constant value of 0 in block <Encryption>. This FF/Latch will be trimmed during the optimization process.
WARNING:Xst:1895 - Due to other FF/Latch trimming, FF/Latch <mem_8_59> (without init value) has a constant value of 0 in block <Encryption>. This FF/Latch will be trimmed during the optimization process.
WARNING:Xst:1895 - Due to other FF/Latch trimming, FF/Latch <mem_8_58> (without init value) has a constant value of 0 in block <Encryption>. This FF/Latch will be trimmed during the optimization process.
WARNING:Xst:1895 - Due to other FF/Latch trimming, FF/Latch <mem_8_57> (without init value) has a constant value of 0 in block <Encryption>. This FF/Latch will be trimmed during the optimization process.
WARNING:Xst:1895 - Due to other FF/Latch trimming, FF/Latch <mem_8_56> (without init value) has a constant value of 0 in block <Encryption>. This FF/Latch will be trimmed during the optimization process.
WARNING:Xst:1895 - Due to other FF/Latch trimming, FF/Latch <mem_8_47> (without init value) has a constant value of 0 in block <Encryption>. This FF/Latch will be trimmed during the optimization process.
WARNING:Xst:1895 - Due to other FF/Latch trimming, FF/Latch <mem_8_46> (without init value) has a constant value of 0 in block <Encryption>. This FF/Latch will be trimmed during the optimization process.
WARNING:Xst:1895 - Due to other FF/Latch trimming, FF/Latch <mem_8_45> (without init value) has a constant value of 0 in block <Encryption>. This FF/Latch will be trimmed during the optimization process.
WARNING:Xst:1895 - Due to other FF/Latch trimming, FF/Latch <mem_8_44> (without init value) has a constant value of 0 in block <Encryption>. This FF/Latch will be trimmed during the optimization process.
WARNING:Xst:1895 - Due to other FF/Latch trimming, FF/Latch <mem_8_35> (without init value) has a constant value of 0 in block <Encryption>. This FF/Latch will be trimmed during the optimization process.
WARNING:Xst:1895 - Due to other FF/Latch trimming, FF/Latch <mem_8_34> (without init value) has a constant value of 0 in block <Encryption>. This FF/Latch will be trimmed during the optimization process.
WARNING:Xst:1895 - Due to other FF/Latch trimming, FF/Latch <mem_8_33> (without init value) has a constant value of 0 in block <Encryption>. This FF/Latch will be trimmed during the optimization process.
WARNING:Xst:1895 - Due to other FF/Latch trimming, FF/Latch <mem_8_32> (without init value) has a constant value of 0 in block <Encryption>. This FF/Latch will be trimmed during the optimization process.
WARNING:Xst:1895 - Due to other FF/Latch trimming, FF/Latch <mem_8_23> (without init value) has a constant value of 0 in block <Encryption>. This FF/Latch will be trimmed during the optimization process.
WARNING:Xst:1895 - Due to other FF/Latch trimming, FF/Latch <mem_8_22> (without init value) has a constant value of 0 in block <Encryption>. This FF/Latch will be trimmed during the optimization process.
WARNING:Xst:1895 - Due to other FF/Latch trimming, FF/Latch <mem_8_21> (without init value) has a constant value of 0 in block <Encryption>. This FF/Latch will be trimmed during the optimization process.
WARNING:Xst:1895 - Due to other FF/Latch trimming, FF/Latch <mem_8_20> (without init value) has a constant value of 0 in block <Encryption>. This FF/Latch will be trimmed during the optimization process.
WARNING:Xst:1895 - Due to other FF/Latch trimming, FF/Latch <mem_8_11> (without init value) has a constant value of 0 in block <Encryption>. This FF/Latch will be trimmed during the optimization process.
WARNING:Xst:1895 - Due to other FF/Latch trimming, FF/Latch <mem_8_10> (without init value) has a constant value of 0 in block <Encryption>. This FF/Latch will be trimmed during the optimization process.
WARNING:Xst:1895 - Due to other FF/Latch trimming, FF/Latch <mem_8_9> (without init value) has a constant value of 0 in block <Encryption>. This FF/Latch will be trimmed during the optimization process.
WARNING:Xst:1895 - Due to other FF/Latch trimming, FF/Latch <mem_8_8> (without init value) has a constant value of 0 in block <Encryption>. This FF/Latch will be trimmed during the optimization process.
WARNING:Xst:1710 - FF/Latch <mem_8_85> (without init value) has a constant value of 0 in block <Encryption>. This FF/Latch will be trimmed during the optimization process.
WARNING:Xst:1895 - Due to other FF/Latch trimming, FF/Latch <mem_8_84> (without init value) has a constant value of 0 in block <Encryption>. This FF/Latch will be trimmed during the optimization process.
WARNING:Xst:1895 - Due to other FF/Latch trimming, FF/Latch <mem_8_79> (without init value) has a constant value of 0 in block <Encryption>. This FF/Latch will be trimmed during the optimization process.
WARNING:Xst:1895 - Due to other FF/Latch trimming, FF/Latch <mem_8_78> (without init value) has a constant value of 0 in block <Encryption>. This FF/Latch will be trimmed during the optimization process.
WARNING:Xst:1895 - Due to other FF/Latch trimming, FF/Latch <mem_8_77> (without init value) has a constant value of 0 in block <Encryption>. This FF/Latch will be trimmed during the optimization process.
WARNING:Xst:1895 - Due to other FF/Latch trimming, FF/Latch <mem_8_76> (without init value) has a constant value of 0 in block <Encryption>. This FF/Latch will be trimmed during the optimization process.
WARNING:Xst:1895 - Due to other FF/Latch trimming, FF/Latch <mem_8_75> (without init value) has a constant value of 0 in block <Encryption>. This FF/Latch will be trimmed during the optimization process.
WARNING:Xst:1895 - Due to other FF/Latch trimming, FF/Latch <mem_8_74> (without init value) has a constant value of 0 in block <Encryption>. This FF/Latch will be trimmed during the optimization process.
WARNING:Xst:1895 - Due to other FF/Latch trimming, FF/Latch <mem_8_73> (without init value) has a constant value of 0 in block <Encryption>. This FF/Latch will be trimmed during the optimization process.
WARNING:Xst:1895 - Due to other FF/Latch trimming, FF/Latch <mem_8_72> (without init value) has a constant value of 0 in block <Encryption>. This FF/Latch will be trimmed during the optimization process.
WARNING:Xst:1895 - Due to other FF/Latch trimming, FF/Latch <mem_8_67> (without init value) has a constant value of 0 in block <Encryption>. This FF/Latch will be trimmed during the optimization process.
WARNING:Xst:1895 - Due to other FF/Latch trimming, FF/Latch <mem_8_66> (without init value) has a constant value of 0 in block <Encryption>. This FF/Latch will be trimmed during the optimization process.
WARNING:Xst:1895 - Due to other FF/Latch trimming, FF/Latch <mem_8_65> (without init value) has a constant value of 0 in block <Encryption>. This FF/Latch will be trimmed during the optimization process.
WARNING:Xst:1895 - Due to other FF/Latch trimming, FF/Latch <mem_8_64> (without init value) has a constant value of 0 in block <Encryption>. This FF/Latch will be trimmed during the optimization process.
WARNING:Xst:1895 - Due to other FF/Latch trimming, FF/Latch <mem_8_63> (without init value) has a constant value of 0 in block <Encryption>. This FF/Latch will be trimmed during the optimization process.
WARNING:Xst:1895 - Due to other FF/Latch trimming, FF/Latch <mem_8_62> (without init value) has a constant value of 0 in block <Encryption>. This FF/Latch will be trimmed during the optimization process.
WARNING:Xst:1895 - Due to other FF/Latch trimming, FF/Latch <mem_8_61> (without init value) has a constant value of 0 in block <Encryption>. This FF/Latch will be trimmed during the optimization process.
WARNING:Xst:1895 - Due to other FF/Latch trimming, FF/Latch <mem_8_60> (without init value) has a constant value of 0 in block <Encryption>. This FF/Latch will be trimmed during the optimization process.
WARNING:Xst:1895 - Due to other FF/Latch trimming, FF/Latch <data_out_7> (without init value) has a constant value of 0 in block <Encryption>. This FF/Latch will be trimmed during the optimization process.
WARNING:Xst:1895 - Due to other FF/Latch trimming, FF/Latch <data_out_6> (without init value) has a constant value of 0 in block <Encryption>. This FF/Latch will be trimmed during the optimization process.
WARNING:Xst:1895 - Due to other FF/Latch trimming, FF/Latch <data_out_5> (without init value) has a constant value of 0 in block <Encryption>. This FF/Latch will be trimmed during the optimization process.
WARNING:Xst:1895 - Due to other FF/Latch trimming, FF/Latch <data_out_4> (without init value) has a constant value of 0 in block <Encryption>. This FF/Latch will be trimmed during the optimization process.
WARNING:Xst:1895 - Due to other FF/Latch trimming, FF/Latch <data_out_3> (without init value) has a constant value of 0 in block <Encryption>. This FF/Latch will be trimmed during the optimization process.
WARNING:Xst:1895 - Due to other FF/Latch trimming, FF/Latch <data_out_2> (without init value) has a constant value of 0 in block <Encryption>. This FF/Latch will be trimmed during the optimization process.
WARNING:Xst:1895 - Due to other FF/Latch trimming, FF/Latch <data_out_1> (without init value) has a constant value of 0 in block <Encryption>. This FF/Latch will be trimmed during the optimization process.
WARNING:Xst:1895 - Due to other FF/Latch trimming, FF/Latch <data_out_0> (without init value) has a constant value of 0 in block <Encryption>. This FF/Latch will be trimmed during the optimization process.
WARNING:Xst:1895 - Due to other FF/Latch trimming, FF/Latch <memOut_addr_3> (without init value) has a constant value of 0 in block <Encryption>. This FF/Latch will be trimmed during the optimization process.
WARNING:Xst:1895 - Due to other FF/Latch trimming, FF/Latch <memOut_addr_2> (without init value) has a constant value of 0 in block <Encryption>. This FF/Latch will be trimmed during the optimization process.
WARNING:Xst:1895 - Due to other FF/Latch trimming, FF/Latch <memOut_addr_1> (without init value) has a constant value of 0 in block <Encryption>. This FF/Latch will be trimmed during the optimization process.
WARNING:Xst:1895 - Due to other FF/Latch trimming, FF/Latch <memOut_addr_0> (without init value) has a constant value of 0 in block <Encryption>. This FF/Latch will be trimmed during the optimization process.
WARNING:Xst:1895 - Due to other FF/Latch trimming, FF/Latch <mem_8_91> (without init value) has a constant value of 0 in block <Encryption>. This FF/Latch will be trimmed during the optimization process.
WARNING:Xst:1895 - Due to other FF/Latch trimming, FF/Latch <mem_8_90> (without init value) has a constant value of 0 in block <Encryption>. This FF/Latch will be trimmed during the optimization process.
WARNING:Xst:1895 - Due to other FF/Latch trimming, FF/Latch <mem_8_89> (without init value) has a constant value of 0 in block <Encryption>. This FF/Latch will be trimmed during the optimization process.
WARNING:Xst:1895 - Due to other FF/Latch trimming, FF/Latch <mem_8_88> (without init value) has a constant value of 0 in block <Encryption>. This FF/Latch will be trimmed during the optimization process.
WARNING:Xst:1895 - Due to other FF/Latch trimming, FF/Latch <mem_8_87> (without init value) has a constant value of 0 in block <Encryption>. This FF/Latch will be trimmed during the optimization process.
WARNING:Xst:1895 - Due to other FF/Latch trimming, FF/Latch <mem_8_86> (without init value) has a constant value of 0 in block <Encryption>. This FF/Latch will be trimmed during the optimization process.
WARNING:Xst:1895 - Due to other FF/Latch trimming, FF/Latch <mem_8_26> (without init value) has a constant value of 0 in block <Encryption>. This FF/Latch will be trimmed during the optimization process.
WARNING:Xst:1895 - Due to other FF/Latch trimming, FF/Latch <mem_8_25> (without init value) has a constant value of 0 in block <Encryption>. This FF/Latch will be trimmed during the optimization process.
WARNING:Xst:1895 - Due to other FF/Latch trimming, FF/Latch <mem_8_24> (without init value) has a constant value of 0 in block <Encryption>. This FF/Latch will be trimmed during the optimization process.
WARNING:Xst:1895 - Due to other FF/Latch trimming, FF/Latch <mem_8_19> (without init value) has a constant value of 0 in block <Encryption>. This FF/Latch will be trimmed during the optimization process.
WARNING:Xst:1895 - Due to other FF/Latch trimming, FF/Latch <mem_8_18> (without init value) has a constant value of 0 in block <Encryption>. This FF/Latch will be trimmed during the optimization process.
WARNING:Xst:1895 - Due to other FF/Latch trimming, FF/Latch <mem_8_17> (without init value) has a constant value of 0 in block <Encryption>. This FF/Latch will be trimmed during the optimization process.
WARNING:Xst:1895 - Due to other FF/Latch trimming, FF/Latch <mem_8_16> (without init value) has a constant value of 0 in block <Encryption>. This FF/Latch will be trimmed during the optimization process.
WARNING:Xst:1895 - Due to other FF/Latch trimming, FF/Latch <mem_8_15> (without init value) has a constant value of 0 in block <Encryption>. This FF/Latch will be trimmed during the optimization process.
WARNING:Xst:1895 - Due to other FF/Latch trimming, FF/Latch <mem_8_14> (without init value) has a constant value of 0 in block <Encryption>. This FF/Latch will be trimmed during the optimization process.
WARNING:Xst:1895 - Due to other FF/Latch trimming, FF/Latch <mem_8_13> (without init value) has a constant value of 0 in block <Encryption>. This FF/Latch will be trimmed during the optimization process.
WARNING:Xst:1895 - Due to other FF/Latch trimming, FF/Latch <mem_8_12> (without init value) has a constant value of 0 in block <Encryption>. This FF/Latch will be trimmed during the optimization process.
WARNING:Xst:1895 - Due to other FF/Latch trimming, FF/Latch <mem_8_7> (without init value) has a constant value of 0 in block <Encryption>. This FF/Latch will be trimmed during the optimization process.
WARNING:Xst:1895 - Due to other FF/Latch trimming, FF/Latch <mem_8_6> (without init value) has a constant value of 0 in block <Encryption>. This FF/Latch will be trimmed during the optimization process.
WARNING:Xst:1895 - Due to other FF/Latch trimming, FF/Latch <mem_8_5> (without init value) has a constant value of 0 in block <Encryption>. This FF/Latch will be trimmed during the optimization process.
WARNING:Xst:1895 - Due to other FF/Latch trimming, FF/Latch <mem_8_4> (without init value) has a constant value of 0 in block <Encryption>. This FF/Latch will be trimmed during the optimization process.
WARNING:Xst:1895 - Due to other FF/Latch trimming, FF/Latch <mem_8_3> (without init value) has a constant value of 0 in block <Encryption>. This FF/Latch will be trimmed during the optimization process.
WARNING:Xst:1895 - Due to other FF/Latch trimming, FF/Latch <mem_8_2> (without init value) has a constant value of 0 in block <Encryption>. This FF/Latch will be trimmed during the optimization process.
WARNING:Xst:1895 - Due to other FF/Latch trimming, FF/Latch <mem_8_1> (without init value) has a constant value of 0 in block <Encryption>. This FF/Latch will be trimmed during the optimization process.
WARNING:Xst:1895 - Due to other FF/Latch trimming, FF/Latch <mem_8_0> (without init value) has a constant value of 0 in block <Encryption>. This FF/Latch will be trimmed during the optimization process.
WARNING:Xst:1895 - Due to other FF/Latch trimming, FF/Latch <mem_wr_ena> (without init value) has a constant value of 0 in block <Encryption>. This FF/Latch will be trimmed during the optimization process.
WARNING:Xst:1895 - Due to other FF/Latch trimming, FF/Latch <mem_8_43> (without init value) has a constant value of 0 in block <Encryption>. This FF/Latch will be trimmed during the optimization process.
WARNING:Xst:1895 - Due to other FF/Latch trimming, FF/Latch <mem_8_42> (without init value) has a constant value of 0 in block <Encryption>. This FF/Latch will be trimmed during the optimization process.
WARNING:Xst:1895 - Due to other FF/Latch trimming, FF/Latch <mem_8_41> (without init value) has a constant value of 0 in block <Encryption>. This FF/Latch will be trimmed during the optimization process.
WARNING:Xst:1895 - Due to other FF/Latch trimming, FF/Latch <mem_8_40> (without init value) has a constant value of 0 in block <Encryption>. This FF/Latch will be trimmed during the optimization process.
WARNING:Xst:1895 - Due to other FF/Latch trimming, FF/Latch <mem_8_39> (without init value) has a constant value of 0 in block <Encryption>. This FF/Latch will be trimmed during the optimization process.
WARNING:Xst:1895 - Due to other FF/Latch trimming, FF/Latch <mem_8_38> (without init value) has a constant value of 0 in block <Encryption>. This FF/Latch will be trimmed during the optimization process.
WARNING:Xst:1895 - Due to other FF/Latch trimming, FF/Latch <mem_8_37> (without init value) has a constant value of 0 in block <Encryption>. This FF/Latch will be trimmed during the optimization process.
WARNING:Xst:1895 - Due to other FF/Latch trimming, FF/Latch <mem_8_36> (without init value) has a constant value of 0 in block <Encryption>. This FF/Latch will be trimmed during the optimization process.
WARNING:Xst:1895 - Due to other FF/Latch trimming, FF/Latch <mem_8_31> (without init value) has a constant value of 0 in block <Encryption>. This FF/Latch will be trimmed during the optimization process.
WARNING:Xst:1895 - Due to other FF/Latch trimming, FF/Latch <mem_8_30> (without init value) has a constant value of 0 in block <Encryption>. This FF/Latch will be trimmed during the optimization process.
WARNING:Xst:1895 - Due to other FF/Latch trimming, FF/Latch <mem_8_29> (without init value) has a constant value of 0 in block <Encryption>. This FF/Latch will be trimmed during the optimization process.
WARNING:Xst:1895 - Due to other FF/Latch trimming, FF/Latch <mem_8_28> (without init value) has a constant value of 0 in block <Encryption>. This FF/Latch will be trimmed during the optimization process.
WARNING:Xst:1895 - Due to other FF/Latch trimming, FF/Latch <mem_8_27> (without init value) has a constant value of 0 in block <Encryption>. This FF/Latch will be trimmed during the optimization process.
WARNING:Xst:1895 - Due to other FF/Latch trimming, FF/Latch <mem_8_48> (without init value) has a constant value of 0 in block <Encryption>. This FF/Latch will be trimmed during the optimization process.
WARNING:Xst:1895 - Due to other FF/Latch trimming, FF/Latch <mem_8_49> (without init value) has a constant value of 0 in block <Encryption>. This FF/Latch will be trimmed during the optimization process.
WARNING:Xst:1895 - Due to other FF/Latch trimming, FF/Latch <mem_8_50> (without init value) has a constant value of 0 in block <Encryption>. This FF/Latch will be trimmed during the optimization process.
WARNING:Xst:1895 - Due to other FF/Latch trimming, FF/Latch <mem_8_55> (without init value) has a constant value of 0 in block <Encryption>. This FF/Latch will be trimmed during the optimization process.
WARNING:Xst:1895 - Due to other FF/Latch trimming, FF/Latch <mem_8_54> (without init value) has a constant value of 0 in block <Encryption>. This FF/Latch will be trimmed during the optimization process.
WARNING:Xst:1895 - Due to other FF/Latch trimming, FF/Latch <mem_8_53> (without init value) has a constant value of 0 in block <Encryption>. This FF/Latch will be trimmed during the optimization process.
WARNING:Xst:1895 - Due to other FF/Latch trimming, FF/Latch <mem_8_52> (without init value) has a constant value of 0 in block <Encryption>. This FF/Latch will be trimmed during the optimization process.
WARNING:Xst:1895 - Due to other FF/Latch trimming, FF/Latch <mem_8_51> (without init value) has a constant value of 0 in block <Encryption>. This FF/Latch will be trimmed during the optimization process.

Optimizing unit <Encryption> ...
WARNING:Xst:1710 - FF/Latch <memIn_addr_0> (without init value) has a constant value of 0 in block <Encryption>. This FF/Latch will be trimmed during the optimization process.
WARNING:Xst:1895 - Due to other FF/Latch trimming, FF/Latch <memIn_addr_1> (without init value) has a constant value of 0 in block <Encryption>. This FF/Latch will be trimmed during the optimization process.
WARNING:Xst:1895 - Due to other FF/Latch trimming, FF/Latch <memIn_addr_2> (without init value) has a constant value of 0 in block <Encryption>. This FF/Latch will be trimmed during the optimization process.
WARNING:Xst:1895 - Due to other FF/Latch trimming, FF/Latch <memIn_addr_3> (without init value) has a constant value of 0 in block <Encryption>. This FF/Latch will be trimmed during the optimization process.

Mapping all equations...
Building and optimizing final netlist ...
Found area constraint ratio of 100 (+ 5) on block Encryption, actual ratio is 0.

Final Macro Processing ...

=========================================================================
Final Register Report

Macro Statistics
# Registers                                            : 3
 Flip-Flops                                            : 3

=========================================================================

=========================================================================
*                           Partition Report                            *
=========================================================================

Partition Implementation Status
-------------------------------

  No Partitions were found in this design.

-------------------------------

=========================================================================
*                            Design Summary                             *
=========================================================================

Top Level Output File Name         : Encryption.ngc

Primitive and Black Box Usage:
------------------------------
# BELS                             : 4
#      GND                         : 1
#      LUT3                        : 1
#      LUT4                        : 2
# FlipFlops/Latches                : 3
#      FD                          : 1
#      FDR                         : 2
# Clock Buffers                    : 1
#      BUFGP                       : 1
# IO Buffers                       : 20
#      IBUF                        : 2
#      OBUF                        : 18

Device utilization summary:
---------------------------

Selected Device : 7a100tcsg324-3 


Slice Logic Utilization: 
 Number of Slice Registers:               3  out of  126800     0%  
 Number of Slice LUTs:                    3  out of  63400     0%  
    Number used as Logic:                 3  out of  63400     0%  

Slice Logic Distribution: 
 Number of LUT Flip Flop pairs used:      6
   Number with an unused Flip Flop:       3  out of      6    50%  
   Number with an unused LUT:             3  out of      6    50%  
   Number of fully used LUT-FF pairs:     0  out of      6     0%  
   Number of unique control sets:         2

IO Utilization: 
 Number of IOs:                          37
 Number of bonded IOBs:                  21  out of    210    10%  

Specific Feature Utilization:
 Number of BUFG/BUFGCTRLs:                1  out of     32     3%  

---------------------------
Partition Resource Summary:
---------------------------

  No Partitions were found in this design.

---------------------------


=========================================================================
Timing Report

NOTE: THESE TIMING NUMBERS ARE ONLY A SYNTHESIS ESTIMATE.
      FOR ACCURATE TIMING INFORMATION PLEASE REFER TO THE TRACE REPORT
      GENERATED AFTER PLACE-and-ROUTE.

Clock Information:
------------------
-----------------------------------+------------------------+-------+
Clock Signal                       | Clock buffer(FF name)  | Load  |
-----------------------------------+------------------------+-------+
clk                                | BUFGP                  | 3     |
-----------------------------------+------------------------+-------+

Asynchronous Control Signals Information:
----------------------------------------
No asynchronous control signals found in this design

Timing Summary:
---------------
Speed Grade: -3

   Minimum period: 0.987ns (Maximum Frequency: 1013.069MHz)
   Minimum input arrival time before clock: 0.672ns
   Maximum output required time after clock: 0.645ns
   Maximum combinational path delay: No path found

Timing Details:
---------------
All values displayed in nanoseconds (ns)

=========================================================================
Timing constraint: Default period analysis for Clock 'clk'
  Clock period: 0.987ns (frequency: 1013.069MHz)
  Total number of paths / destination ports: 7 / 3
-------------------------------------------------------------------------
Delay:               0.987ns (Levels of Logic = 1)
  Source:            start (FF)
  Destination:       finished (FF)
  Source Clock:      clk rising
  Destination Clock: clk rising

  Data Path: start to finished
                                Gate     Net
    Cell:in->out      fanout   Delay   Delay  Logical Name (Net Name)
    ----------------------------------------  ------------
     FDR:C->Q              3   0.361   0.521  start (start)
     LUT4:I1->O            1   0.097   0.000  finished_glue_set (finished_glue_set)
     FDR:D                     0.008          finished
    ----------------------------------------
    Total                      0.987ns (0.466ns logic, 0.521ns route)
                                       (47.2% logic, 52.8% route)

=========================================================================
Timing constraint: Default OFFSET IN BEFORE for Clock 'clk'
  Total number of paths / destination ports: 6 / 5
-------------------------------------------------------------------------
Offset:              0.672ns (Levels of Logic = 2)
  Source:            ena (PAD)
  Destination:       finished (FF)
  Destination Clock: clk rising

  Data Path: ena to finished
                                Gate     Net
    Cell:in->out      fanout   Delay   Delay  Logical Name (Net Name)
    ----------------------------------------  ------------
     IBUF:I->O             3   0.001   0.566  ena_IBUF (ena_IBUF)
     LUT4:I0->O            1   0.097   0.000  finished_glue_set (finished_glue_set)
     FDR:D                     0.008          finished
    ----------------------------------------
    Total                      0.672ns (0.106ns logic, 0.566ns route)
                                       (15.8% logic, 84.2% route)

=========================================================================
Timing constraint: Default OFFSET OUT AFTER for Clock 'clk'
  Total number of paths / destination ports: 1 / 1
-------------------------------------------------------------------------
Offset:              0.645ns (Levels of Logic = 1)
  Source:            finished (FF)
  Destination:       finished (PAD)
  Source Clock:      clk rising

  Data Path: finished to finished
                                Gate     Net
    Cell:in->out      fanout   Delay   Delay  Logical Name (Net Name)
    ----------------------------------------  ------------
     FDR:C->Q              2   0.361   0.283  finished (finished_OBUF)
     OBUF:I->O                 0.000          finished_OBUF (finished)
    ----------------------------------------
    Total                      0.645ns (0.361ns logic, 0.283ns route)
                                       (56.0% logic, 44.0% route)

=========================================================================

Cross Clock Domains Report:
--------------------------

Clock to Setup on destination clock clk
---------------+---------+---------+---------+---------+
               | Src:Rise| Src:Fall| Src:Rise| Src:Fall|
Source Clock   |Dest:Rise|Dest:Rise|Dest:Fall|Dest:Fall|
---------------+---------+---------+---------+---------+
clk            |    0.987|         |         |         |
---------------+---------+---------+---------+---------+

=========================================================================


Total REAL time to Xst completion: 11.00 secs
Total CPU time to Xst completion: 11.85 secs
 
--> 

Total memory usage is 426424 kilobytes

Number of errors   :    0 (   0 filtered)
Number of warnings :  156 (   0 filtered)
Number of infos    :    0 (   0 filtered)

