--------------------------------------------------------------------------------
Release 14.7 Trace  (nt64)
Copyright (c) 1995-2013 Xilinx, Inc.  All rights reserved.

C:\Xilinx\14.7\ISE_DS\ISE\bin\nt64\unwrapped\trce.exe
C:\SkyDrive\School\Polytechnic\EL6463_AdvancedHardwareDesign\Labs\Lab7\rc5_impl\smartxplorer_results\run2\rc5.ncd
C:\SkyDrive\School\Polytechnic\EL6463_AdvancedHardwareDesign\Labs\Lab7\rc5_impl\smartxplorer_results\run2\rc5.pcf
-xml
C:\SkyDrive\School\Polytechnic\EL6463_AdvancedHardwareDesign\Labs\Lab7\rc5_impl\smartxplorer_results\run2\rc5.twx
-v 3 -s 4 -n 3 -fastpaths -o
C:\SkyDrive\School\Polytechnic\EL6463_AdvancedHardwareDesign\Labs\Lab7\rc5_impl\smartxplorer_results\run2\rc5.twr

Design file:              rc5.ncd
Physical constraint file: rc5.pcf
Device,package,speed:     xc3s100e,cp132,-4 (PRODUCTION 1.27 2013-10-13)
Report level:             verbose report

Environment Variable      Effect 
--------------------      ------ 
NONE                      No environment variables were set
--------------------------------------------------------------------------------

INFO:Timing:3412 - To improve timing, see the Timing Closure User Guide (UG612).
INFO:Timing:2752 - To get complete path coverage, use the unconstrained paths 
   option. All paths that are not constrained will be reported in the 
   unconstrained paths section(s) of the report.
INFO:Timing:3339 - The clock-to-out numbers in this timing report are based on 
   a 50 Ohm transmission line loading model.  For the details of this model, 
   and for more information on accounting for different loading conditions, 
   please see the device datasheet.
INFO:Timing:3390 - This architecture does not support a default System Jitter 
   value, please add SYSTEM_JITTER constraint to the UCF to modify the Clock 
   Uncertainty calculation.
INFO:Timing:3389 - This architecture does not support 'Discrete Jitter' and 
   'Phase Error' calculations, these terms will be zero in the Clock 
   Uncertainty calculation.  Please make appropriate modification to 
   SYSTEM_JITTER to account for the unsupported Discrete Jitter and Phase 
   Error.

================================================================================
Timing constraint: TS_clk_25 = PERIOD TIMEGRP "clk_25" 40 ns HIGH 50%;
For more information, see Period Analysis in the Timing Closure User Guide (UG612).

 112555965 paths analyzed, 351 endpoints analyzed, 0 failing endpoints
 0 timing errors detected. (0 setup errors, 0 hold errors, 0 component switching limit errors)
 Minimum period is  25.810ns.
--------------------------------------------------------------------------------

Paths for end point b_reg_3 (SLICE_X3Y27.BX), 752289 paths
--------------------------------------------------------------------------------
Slack (setup path):     14.190ns (requirement - (data path - clock path skew + uncertainty))
  Source:               b_reg_7 (FF)
  Destination:          b_reg_3 (FF)
  Requirement:          40.000ns
  Data Path Delay:      25.788ns (Levels of Logic = 25)
  Clock Path Skew:      -0.022ns (0.025 - 0.047)
  Source Clock:         clk_25_BUFGP rising at 0.000ns
  Destination Clock:    clk_25_BUFGP rising at 40.000ns
  Clock Uncertainty:    0.000ns

  Maximum Data Path: b_reg_7 to b_reg_3
    Location             Delay type         Delay(ns)  Physical Resource
                                                       Logical Resource(s)
    -------------------------------------------------  -------------------
    SLICE_X14Y11.YQ      Tcko                  0.652   b_reg<7>
                                                       b_reg_7
    SLICE_X13Y21.F1      net (fanout=10)       1.379   b_reg<7>
    SLICE_X13Y21.X       Tilo                  0.704   b_reg_4_1
                                                       Mxor_ab_xor_Result<7>1
    SLICE_X15Y23.F1      net (fanout=4)        0.719   ab_xor<7>
    SLICE_X15Y23.X       Tif5x                 1.025   Sh9
                                                       Sh9_f5_G
                                                       Sh9_f5
    SLICE_X20Y31.F3      net (fanout=4)        1.135   Sh9
    SLICE_X20Y31.X       Tif5x                 1.152   Sh53
                                                       Sh5331_G
                                                       Sh5331
    SLICE_X16Y20.G3      net (fanout=4)        0.952   Sh53
    SLICE_X16Y20.Y       Tilo                  0.759   b_reg_0_2
                                                       Sh691
    SLICE_X17Y20.BY      net (fanout=1)        1.200   Sh69
    SLICE_X17Y20.COUT    Tbycy                 0.972   a<4>
                                                       Madd_a_cy<5>
    SLICE_X17Y21.CIN     net (fanout=1)        0.000   Madd_a_cy<5>
    SLICE_X17Y21.COUT    Tbyp                  0.118   a<6>
                                                       Madd_a_cy<6>
                                                       Madd_a_cy<7>
    SLICE_X17Y22.CIN     net (fanout=1)        0.000   Madd_a_cy<7>
    SLICE_X17Y22.COUT    Tbyp                  0.118   a<8>
                                                       Madd_a_cy<8>
                                                       Madd_a_cy<9>
    SLICE_X17Y23.CIN     net (fanout=1)        0.000   Madd_a_cy<9>
    SLICE_X17Y23.COUT    Tbyp                  0.118   a<10>
                                                       Madd_a_cy<10>
                                                       Madd_a_cy<11>
    SLICE_X17Y24.CIN     net (fanout=1)        0.000   Madd_a_cy<11>
    SLICE_X17Y24.COUT    Tbyp                  0.118   a<12>
                                                       Madd_a_cy<12>
                                                       Madd_a_cy<13>
    SLICE_X17Y25.CIN     net (fanout=1)        0.000   Madd_a_cy<13>
    SLICE_X17Y25.COUT    Tbyp                  0.118   a<14>
                                                       Madd_a_cy<14>
                                                       Madd_a_cy<15>
    SLICE_X17Y26.CIN     net (fanout=1)        0.000   Madd_a_cy<15>
    SLICE_X17Y26.COUT    Tbyp                  0.118   a<16>
                                                       Madd_a_cy<16>
                                                       Madd_a_cy<17>
    SLICE_X17Y27.CIN     net (fanout=1)        0.000   Madd_a_cy<17>
    SLICE_X17Y27.COUT    Tbyp                  0.118   a<18>
                                                       Madd_a_cy<18>
                                                       Madd_a_cy<19>
    SLICE_X17Y28.CIN     net (fanout=1)        0.000   Madd_a_cy<19>
    SLICE_X17Y28.COUT    Tbyp                  0.118   a<20>
                                                       Madd_a_cy<20>
                                                       Madd_a_cy<21>
    SLICE_X17Y29.CIN     net (fanout=1)        0.000   Madd_a_cy<21>
    SLICE_X17Y29.COUT    Tbyp                  0.118   a<22>
                                                       Madd_a_cy<22>
                                                       Madd_a_cy<23>
    SLICE_X17Y30.CIN     net (fanout=1)        0.000   Madd_a_cy<23>
    SLICE_X17Y30.COUT    Tbyp                  0.118   a<24>
                                                       Madd_a_cy<24>
                                                       Madd_a_cy<25>
    SLICE_X17Y31.CIN     net (fanout=1)        0.000   Madd_a_cy<25>
    SLICE_X17Y31.COUT    Tbyp                  0.118   a<26>
                                                       Madd_a_cy<26>
                                                       Madd_a_cy<27>
    SLICE_X17Y32.CIN     net (fanout=1)        0.000   Madd_a_cy<27>
    SLICE_X17Y32.COUT    Tbyp                  0.118   a<28>
                                                       Madd_a_cy<28>
                                                       Madd_a_cy<29>
    SLICE_X17Y33.CIN     net (fanout=1)        0.000   Madd_a_cy<29>
    SLICE_X17Y33.X       Tcinx                 0.462   a<30>
                                                       Madd_a_xor<30>
    SLICE_X20Y30.F3      net (fanout=4)        1.225   a<30>
    SLICE_X20Y30.X       Tilo                  0.759   Sh1262
                                                       Sh1262
    SLICE_X24Y16.F3      net (fanout=4)        0.939   Sh1262
    SLICE_X24Y16.X       Tif5x                 1.152   Sh96
                                                       Sh1262_rt
                                                       Sh96_f5
    SLICE_X24Y15.G1      net (fanout=4)        0.386   Sh96
    SLICE_X24Y15.X       Tif5x                 1.152   Sh128
                                                       Sh12828_F
                                                       Sh12828
    SLICE_X18Y18.F2      net (fanout=3)        0.953   Sh128
    SLICE_X18Y18.X       Tilo                  0.759   b_reg_0_3
                                                       Sh1601
    SLICE_X19Y11.F2      net (fanout=1)        0.896   Sh160
    SLICE_X19Y11.COUT    Topcyf                1.162   b<0>
                                                       Madd_b_lut<0>
                                                       Madd_b_cy<0>
                                                       Madd_b_cy<1>
    SLICE_X19Y12.CIN     net (fanout=1)        0.000   Madd_b_cy<1>
    SLICE_X19Y12.Y       Tciny                 0.869   b<2>
                                                       Madd_b_cy<2>
                                                       Madd_b_xor<3>
    SLICE_X2Y27.G1       net (fanout=1)        1.509   b<3>
    SLICE_X2Y27.Y        Tilo                  0.759   b_reg_3_1
                                                       b_reg_3_mux000038
    SLICE_X3Y27.BX       net (fanout=1)        0.433   b_reg_3_mux0000
    SLICE_X3Y27.CLK      Tdick                 0.308   b_reg<3>
                                                       b_reg_3
    -------------------------------------------------  ---------------------------
    Total                                     25.788ns (14.062ns logic, 11.726ns route)
                                                       (54.5% logic, 45.5% route)

--------------------------------------------------------------------------------
Slack (setup path):     14.214ns (requirement - (data path - clock path skew + uncertainty))
  Source:               b_reg_1 (FF)
  Destination:          b_reg_3 (FF)
  Requirement:          40.000ns
  Data Path Delay:      25.769ns (Levels of Logic = 24)
  Clock Path Skew:      -0.017ns (0.025 - 0.042)
  Source Clock:         clk_25_BUFGP rising at 0.000ns
  Destination Clock:    clk_25_BUFGP rising at 40.000ns
  Clock Uncertainty:    0.000ns

  Maximum Data Path: b_reg_1 to b_reg_3
    Location             Delay type         Delay(ns)  Physical Resource
                                                       Logical Resource(s)
    -------------------------------------------------  -------------------
    SLICE_X13Y14.YQ      Tcko                  0.587   b_reg<1>
                                                       b_reg_1
    SLICE_X15Y35.BX      net (fanout=41)       3.407   b_reg<1>
    SLICE_X15Y35.X       Tbxx                  0.739   Sh29
                                                       Sh29_f5
    SLICE_X15Y30.G2      net (fanout=4)        0.820   Sh29
    SLICE_X15Y30.X       Tif5x                 1.025   Sh37
                                                       Sh3731_F
                                                       Sh3731
    SLICE_X16Y20.G1      net (fanout=4)        1.121   Sh37
    SLICE_X16Y20.Y       Tilo                  0.759   b_reg_0_2
                                                       Sh691
    SLICE_X17Y20.BY      net (fanout=1)        1.200   Sh69
    SLICE_X17Y20.COUT    Tbycy                 0.972   a<4>
                                                       Madd_a_cy<5>
    SLICE_X17Y21.CIN     net (fanout=1)        0.000   Madd_a_cy<5>
    SLICE_X17Y21.COUT    Tbyp                  0.118   a<6>
                                                       Madd_a_cy<6>
                                                       Madd_a_cy<7>
    SLICE_X17Y22.CIN     net (fanout=1)        0.000   Madd_a_cy<7>
    SLICE_X17Y22.COUT    Tbyp                  0.118   a<8>
                                                       Madd_a_cy<8>
                                                       Madd_a_cy<9>
    SLICE_X17Y23.CIN     net (fanout=1)        0.000   Madd_a_cy<9>
    SLICE_X17Y23.COUT    Tbyp                  0.118   a<10>
                                                       Madd_a_cy<10>
                                                       Madd_a_cy<11>
    SLICE_X17Y24.CIN     net (fanout=1)        0.000   Madd_a_cy<11>
    SLICE_X17Y24.COUT    Tbyp                  0.118   a<12>
                                                       Madd_a_cy<12>
                                                       Madd_a_cy<13>
    SLICE_X17Y25.CIN     net (fanout=1)        0.000   Madd_a_cy<13>
    SLICE_X17Y25.COUT    Tbyp                  0.118   a<14>
                                                       Madd_a_cy<14>
                                                       Madd_a_cy<15>
    SLICE_X17Y26.CIN     net (fanout=1)        0.000   Madd_a_cy<15>
    SLICE_X17Y26.COUT    Tbyp                  0.118   a<16>
                                                       Madd_a_cy<16>
                                                       Madd_a_cy<17>
    SLICE_X17Y27.CIN     net (fanout=1)        0.000   Madd_a_cy<17>
    SLICE_X17Y27.COUT    Tbyp                  0.118   a<18>
                                                       Madd_a_cy<18>
                                                       Madd_a_cy<19>
    SLICE_X17Y28.CIN     net (fanout=1)        0.000   Madd_a_cy<19>
    SLICE_X17Y28.COUT    Tbyp                  0.118   a<20>
                                                       Madd_a_cy<20>
                                                       Madd_a_cy<21>
    SLICE_X17Y29.CIN     net (fanout=1)        0.000   Madd_a_cy<21>
    SLICE_X17Y29.COUT    Tbyp                  0.118   a<22>
                                                       Madd_a_cy<22>
                                                       Madd_a_cy<23>
    SLICE_X17Y30.CIN     net (fanout=1)        0.000   Madd_a_cy<23>
    SLICE_X17Y30.COUT    Tbyp                  0.118   a<24>
                                                       Madd_a_cy<24>
                                                       Madd_a_cy<25>
    SLICE_X17Y31.CIN     net (fanout=1)        0.000   Madd_a_cy<25>
    SLICE_X17Y31.COUT    Tbyp                  0.118   a<26>
                                                       Madd_a_cy<26>
                                                       Madd_a_cy<27>
    SLICE_X17Y32.CIN     net (fanout=1)        0.000   Madd_a_cy<27>
    SLICE_X17Y32.COUT    Tbyp                  0.118   a<28>
                                                       Madd_a_cy<28>
                                                       Madd_a_cy<29>
    SLICE_X17Y33.CIN     net (fanout=1)        0.000   Madd_a_cy<29>
    SLICE_X17Y33.X       Tcinx                 0.462   a<30>
                                                       Madd_a_xor<30>
    SLICE_X20Y30.F3      net (fanout=4)        1.225   a<30>
    SLICE_X20Y30.X       Tilo                  0.759   Sh1262
                                                       Sh1262
    SLICE_X24Y16.F3      net (fanout=4)        0.939   Sh1262
    SLICE_X24Y16.X       Tif5x                 1.152   Sh96
                                                       Sh1262_rt
                                                       Sh96_f5
    SLICE_X24Y15.G1      net (fanout=4)        0.386   Sh96
    SLICE_X24Y15.X       Tif5x                 1.152   Sh128
                                                       Sh12828_F
                                                       Sh12828
    SLICE_X18Y18.F2      net (fanout=3)        0.953   Sh128
    SLICE_X18Y18.X       Tilo                  0.759   b_reg_0_3
                                                       Sh1601
    SLICE_X19Y11.F2      net (fanout=1)        0.896   Sh160
    SLICE_X19Y11.COUT    Topcyf                1.162   b<0>
                                                       Madd_b_lut<0>
                                                       Madd_b_cy<0>
                                                       Madd_b_cy<1>
    SLICE_X19Y12.CIN     net (fanout=1)        0.000   Madd_b_cy<1>
    SLICE_X19Y12.Y       Tciny                 0.869   b<2>
                                                       Madd_b_cy<2>
                                                       Madd_b_xor<3>
    SLICE_X2Y27.G1       net (fanout=1)        1.509   b<3>
    SLICE_X2Y27.Y        Tilo                  0.759   b_reg_3_1
                                                       b_reg_3_mux000038
    SLICE_X3Y27.BX       net (fanout=1)        0.433   b_reg_3_mux0000
    SLICE_X3Y27.CLK      Tdick                 0.308   b_reg<3>
                                                       b_reg_3
    -------------------------------------------------  ---------------------------
    Total                                     25.769ns (12.880ns logic, 12.889ns route)
                                                       (50.0% logic, 50.0% route)

--------------------------------------------------------------------------------
Slack (setup path):     14.327ns (requirement - (data path - clock path skew + uncertainty))
  Source:               b_reg_19 (FF)
  Destination:          b_reg_3 (FF)
  Requirement:          40.000ns
  Data Path Delay:      25.655ns (Levels of Logic = 25)
  Clock Path Skew:      -0.018ns (0.025 - 0.043)
  Source Clock:         clk_25_BUFGP rising at 0.000ns
  Destination Clock:    clk_25_BUFGP rising at 40.000ns
  Clock Uncertainty:    0.000ns

  Maximum Data Path: b_reg_19 to b_reg_3
    Location             Delay type         Delay(ns)  Physical Resource
                                                       Logical Resource(s)
    -------------------------------------------------  -------------------
    SLICE_X20Y23.YQ      Tcko                  0.652   b_reg<21>
                                                       b_reg_19
    SLICE_X20Y28.G1      net (fanout=6)        0.766   b_reg<19>
    SLICE_X20Y28.Y       Tilo                  0.759   b_reg<23>
                                                       Mxor_ab_xor_Result<19>1
    SLICE_X22Y33.F1      net (fanout=4)        1.230   ab_xor<19>
    SLICE_X22Y33.X       Tif5x                 1.152   Sh21
                                                       Sh21_f5_G
                                                       Sh21_f5
    SLICE_X20Y31.G4      net (fanout=4)        0.922   Sh21
    SLICE_X20Y31.X       Tif5x                 1.152   Sh53
                                                       Sh5331_F
                                                       Sh5331
    SLICE_X16Y20.G3      net (fanout=4)        0.952   Sh53
    SLICE_X16Y20.Y       Tilo                  0.759   b_reg_0_2
                                                       Sh691
    SLICE_X17Y20.BY      net (fanout=1)        1.200   Sh69
    SLICE_X17Y20.COUT    Tbycy                 0.972   a<4>
                                                       Madd_a_cy<5>
    SLICE_X17Y21.CIN     net (fanout=1)        0.000   Madd_a_cy<5>
    SLICE_X17Y21.COUT    Tbyp                  0.118   a<6>
                                                       Madd_a_cy<6>
                                                       Madd_a_cy<7>
    SLICE_X17Y22.CIN     net (fanout=1)        0.000   Madd_a_cy<7>
    SLICE_X17Y22.COUT    Tbyp                  0.118   a<8>
                                                       Madd_a_cy<8>
                                                       Madd_a_cy<9>
    SLICE_X17Y23.CIN     net (fanout=1)        0.000   Madd_a_cy<9>
    SLICE_X17Y23.COUT    Tbyp                  0.118   a<10>
                                                       Madd_a_cy<10>
                                                       Madd_a_cy<11>
    SLICE_X17Y24.CIN     net (fanout=1)        0.000   Madd_a_cy<11>
    SLICE_X17Y24.COUT    Tbyp                  0.118   a<12>
                                                       Madd_a_cy<12>
                                                       Madd_a_cy<13>
    SLICE_X17Y25.CIN     net (fanout=1)        0.000   Madd_a_cy<13>
    SLICE_X17Y25.COUT    Tbyp                  0.118   a<14>
                                                       Madd_a_cy<14>
                                                       Madd_a_cy<15>
    SLICE_X17Y26.CIN     net (fanout=1)        0.000   Madd_a_cy<15>
    SLICE_X17Y26.COUT    Tbyp                  0.118   a<16>
                                                       Madd_a_cy<16>
                                                       Madd_a_cy<17>
    SLICE_X17Y27.CIN     net (fanout=1)        0.000   Madd_a_cy<17>
    SLICE_X17Y27.COUT    Tbyp                  0.118   a<18>
                                                       Madd_a_cy<18>
                                                       Madd_a_cy<19>
    SLICE_X17Y28.CIN     net (fanout=1)        0.000   Madd_a_cy<19>
    SLICE_X17Y28.COUT    Tbyp                  0.118   a<20>
                                                       Madd_a_cy<20>
                                                       Madd_a_cy<21>
    SLICE_X17Y29.CIN     net (fanout=1)        0.000   Madd_a_cy<21>
    SLICE_X17Y29.COUT    Tbyp                  0.118   a<22>
                                                       Madd_a_cy<22>
                                                       Madd_a_cy<23>
    SLICE_X17Y30.CIN     net (fanout=1)        0.000   Madd_a_cy<23>
    SLICE_X17Y30.COUT    Tbyp                  0.118   a<24>
                                                       Madd_a_cy<24>
                                                       Madd_a_cy<25>
    SLICE_X17Y31.CIN     net (fanout=1)        0.000   Madd_a_cy<25>
    SLICE_X17Y31.COUT    Tbyp                  0.118   a<26>
                                                       Madd_a_cy<26>
                                                       Madd_a_cy<27>
    SLICE_X17Y32.CIN     net (fanout=1)        0.000   Madd_a_cy<27>
    SLICE_X17Y32.COUT    Tbyp                  0.118   a<28>
                                                       Madd_a_cy<28>
                                                       Madd_a_cy<29>
    SLICE_X17Y33.CIN     net (fanout=1)        0.000   Madd_a_cy<29>
    SLICE_X17Y33.X       Tcinx                 0.462   a<30>
                                                       Madd_a_xor<30>
    SLICE_X20Y30.F3      net (fanout=4)        1.225   a<30>
    SLICE_X20Y30.X       Tilo                  0.759   Sh1262
                                                       Sh1262
    SLICE_X24Y16.F3      net (fanout=4)        0.939   Sh1262
    SLICE_X24Y16.X       Tif5x                 1.152   Sh96
                                                       Sh1262_rt
                                                       Sh96_f5
    SLICE_X24Y15.G1      net (fanout=4)        0.386   Sh96
    SLICE_X24Y15.X       Tif5x                 1.152   Sh128
                                                       Sh12828_F
                                                       Sh12828
    SLICE_X18Y18.F2      net (fanout=3)        0.953   Sh128
    SLICE_X18Y18.X       Tilo                  0.759   b_reg_0_3
                                                       Sh1601
    SLICE_X19Y11.F2      net (fanout=1)        0.896   Sh160
    SLICE_X19Y11.COUT    Topcyf                1.162   b<0>
                                                       Madd_b_lut<0>
                                                       Madd_b_cy<0>
                                                       Madd_b_cy<1>
    SLICE_X19Y12.CIN     net (fanout=1)        0.000   Madd_b_cy<1>
    SLICE_X19Y12.Y       Tciny                 0.869   b<2>
                                                       Madd_b_cy<2>
                                                       Madd_b_xor<3>
    SLICE_X2Y27.G1       net (fanout=1)        1.509   b<3>
    SLICE_X2Y27.Y        Tilo                  0.759   b_reg_3_1
                                                       b_reg_3_mux000038
    SLICE_X3Y27.BX       net (fanout=1)        0.433   b_reg_3_mux0000
    SLICE_X3Y27.CLK      Tdick                 0.308   b_reg<3>
                                                       b_reg_3
    -------------------------------------------------  ---------------------------
    Total                                     25.655ns (14.244ns logic, 11.411ns route)
                                                       (55.5% logic, 44.5% route)

--------------------------------------------------------------------------------

Paths for end point b_reg_29 (SLICE_X18Y27.F1), 6328319 paths
--------------------------------------------------------------------------------
Slack (setup path):     14.383ns (requirement - (data path - clock path skew + uncertainty))
  Source:               b_reg_7 (FF)
  Destination:          b_reg_29 (FF)
  Requirement:          40.000ns
  Data Path Delay:      25.614ns (Levels of Logic = 38)
  Clock Path Skew:      -0.003ns (0.044 - 0.047)
  Source Clock:         clk_25_BUFGP rising at 0.000ns
  Destination Clock:    clk_25_BUFGP rising at 40.000ns
  Clock Uncertainty:    0.000ns

  Maximum Data Path: b_reg_7 to b_reg_29
    Location             Delay type         Delay(ns)  Physical Resource
                                                       Logical Resource(s)
    -------------------------------------------------  -------------------
    SLICE_X14Y11.YQ      Tcko                  0.652   b_reg<7>
                                                       b_reg_7
    SLICE_X13Y21.F1      net (fanout=10)       1.379   b_reg<7>
    SLICE_X13Y21.X       Tilo                  0.704   b_reg_4_1
                                                       Mxor_ab_xor_Result<7>1
    SLICE_X15Y23.F1      net (fanout=4)        0.719   ab_xor<7>
    SLICE_X15Y23.X       Tif5x                 1.025   Sh9
                                                       Sh9_f5_G
                                                       Sh9_f5
    SLICE_X20Y31.F3      net (fanout=4)        1.135   Sh9
    SLICE_X20Y31.X       Tif5x                 1.152   Sh53
                                                       Sh5331_G
                                                       Sh5331
    SLICE_X16Y20.G3      net (fanout=4)        0.952   Sh53
    SLICE_X16Y20.Y       Tilo                  0.759   b_reg_0_2
                                                       Sh691
    SLICE_X17Y20.BY      net (fanout=1)        1.200   Sh69
    SLICE_X17Y20.COUT    Tbycy                 0.972   a<4>
                                                       Madd_a_cy<5>
    SLICE_X17Y21.CIN     net (fanout=1)        0.000   Madd_a_cy<5>
    SLICE_X17Y21.COUT    Tbyp                  0.118   a<6>
                                                       Madd_a_cy<6>
                                                       Madd_a_cy<7>
    SLICE_X17Y22.CIN     net (fanout=1)        0.000   Madd_a_cy<7>
    SLICE_X17Y22.COUT    Tbyp                  0.118   a<8>
                                                       Madd_a_cy<8>
                                                       Madd_a_cy<9>
    SLICE_X17Y23.CIN     net (fanout=1)        0.000   Madd_a_cy<9>
    SLICE_X17Y23.COUT    Tbyp                  0.118   a<10>
                                                       Madd_a_cy<10>
                                                       Madd_a_cy<11>
    SLICE_X17Y24.CIN     net (fanout=1)        0.000   Madd_a_cy<11>
    SLICE_X17Y24.COUT    Tbyp                  0.118   a<12>
                                                       Madd_a_cy<12>
                                                       Madd_a_cy<13>
    SLICE_X17Y25.CIN     net (fanout=1)        0.000   Madd_a_cy<13>
    SLICE_X17Y25.COUT    Tbyp                  0.118   a<14>
                                                       Madd_a_cy<14>
                                                       Madd_a_cy<15>
    SLICE_X17Y26.CIN     net (fanout=1)        0.000   Madd_a_cy<15>
    SLICE_X17Y26.COUT    Tbyp                  0.118   a<16>
                                                       Madd_a_cy<16>
                                                       Madd_a_cy<17>
    SLICE_X17Y27.CIN     net (fanout=1)        0.000   Madd_a_cy<17>
    SLICE_X17Y27.COUT    Tbyp                  0.118   a<18>
                                                       Madd_a_cy<18>
                                                       Madd_a_cy<19>
    SLICE_X17Y28.CIN     net (fanout=1)        0.000   Madd_a_cy<19>
    SLICE_X17Y28.COUT    Tbyp                  0.118   a<20>
                                                       Madd_a_cy<20>
                                                       Madd_a_cy<21>
    SLICE_X17Y29.CIN     net (fanout=1)        0.000   Madd_a_cy<21>
    SLICE_X17Y29.COUT    Tbyp                  0.118   a<22>
                                                       Madd_a_cy<22>
                                                       Madd_a_cy<23>
    SLICE_X17Y30.CIN     net (fanout=1)        0.000   Madd_a_cy<23>
    SLICE_X17Y30.COUT    Tbyp                  0.118   a<24>
                                                       Madd_a_cy<24>
                                                       Madd_a_cy<25>
    SLICE_X17Y31.CIN     net (fanout=1)        0.000   Madd_a_cy<25>
    SLICE_X17Y31.COUT    Tbyp                  0.118   a<26>
                                                       Madd_a_cy<26>
                                                       Madd_a_cy<27>
    SLICE_X17Y32.CIN     net (fanout=1)        0.000   Madd_a_cy<27>
    SLICE_X17Y32.COUT    Tbyp                  0.118   a<28>
                                                       Madd_a_cy<28>
                                                       Madd_a_cy<29>
    SLICE_X17Y33.CIN     net (fanout=1)        0.000   Madd_a_cy<29>
    SLICE_X17Y33.X       Tcinx                 0.462   a<30>
                                                       Madd_a_xor<30>
    SLICE_X20Y30.F3      net (fanout=4)        1.225   a<30>
    SLICE_X20Y30.X       Tilo                  0.759   Sh1262
                                                       Sh1262
    SLICE_X24Y16.F3      net (fanout=4)        0.939   Sh1262
    SLICE_X24Y16.X       Tif5x                 1.152   Sh96
                                                       Sh1262_rt
                                                       Sh96_f5
    SLICE_X24Y15.G1      net (fanout=4)        0.386   Sh96
    SLICE_X24Y15.X       Tif5x                 1.152   Sh128
                                                       Sh12828_F
                                                       Sh12828
    SLICE_X18Y18.F2      net (fanout=3)        0.953   Sh128
    SLICE_X18Y18.X       Tilo                  0.759   b_reg_0_3
                                                       Sh1601
    SLICE_X19Y11.F2      net (fanout=1)        0.896   Sh160
    SLICE_X19Y11.COUT    Topcyf                1.162   b<0>
                                                       Madd_b_lut<0>
                                                       Madd_b_cy<0>
                                                       Madd_b_cy<1>
    SLICE_X19Y12.CIN     net (fanout=1)        0.000   Madd_b_cy<1>
    SLICE_X19Y12.COUT    Tbyp                  0.118   b<2>
                                                       Madd_b_cy<2>
                                                       Madd_b_cy<3>
    SLICE_X19Y13.CIN     net (fanout=1)        0.000   Madd_b_cy<3>
    SLICE_X19Y13.COUT    Tbyp                  0.118   b<4>
                                                       Madd_b_cy<4>
                                                       Madd_b_cy<5>
    SLICE_X19Y14.CIN     net (fanout=1)        0.000   Madd_b_cy<5>
    SLICE_X19Y14.COUT    Tbyp                  0.118   b<6>
                                                       Madd_b_cy<6>
                                                       Madd_b_cy<7>
    SLICE_X19Y15.CIN     net (fanout=1)        0.000   Madd_b_cy<7>
    SLICE_X19Y15.COUT    Tbyp                  0.118   b<8>
                                                       Madd_b_cy<8>
                                                       Madd_b_cy<9>
    SLICE_X19Y16.CIN     net (fanout=1)        0.000   Madd_b_cy<9>
    SLICE_X19Y16.COUT    Tbyp                  0.118   b<10>
                                                       Madd_b_cy<10>
                                                       Madd_b_cy<11>
    SLICE_X19Y17.CIN     net (fanout=1)        0.000   Madd_b_cy<11>
    SLICE_X19Y17.COUT    Tbyp                  0.118   b<12>
                                                       Madd_b_cy<12>
                                                       Madd_b_cy<13>
    SLICE_X19Y18.CIN     net (fanout=1)        0.000   Madd_b_cy<13>
    SLICE_X19Y18.COUT    Tbyp                  0.118   b<14>
                                                       Madd_b_cy<14>
                                                       Madd_b_cy<15>
    SLICE_X19Y19.CIN     net (fanout=1)        0.000   Madd_b_cy<15>
    SLICE_X19Y19.COUT    Tbyp                  0.118   b<16>
                                                       Madd_b_cy<16>
                                                       Madd_b_cy<17>
    SLICE_X19Y20.CIN     net (fanout=1)        0.000   Madd_b_cy<17>
    SLICE_X19Y20.COUT    Tbyp                  0.118   b<18>
                                                       Madd_b_cy<18>
                                                       Madd_b_cy<19>
    SLICE_X19Y21.CIN     net (fanout=1)        0.000   Madd_b_cy<19>
    SLICE_X19Y21.COUT    Tbyp                  0.118   b<20>
                                                       Madd_b_cy<20>
                                                       Madd_b_cy<21>
    SLICE_X19Y22.CIN     net (fanout=1)        0.000   Madd_b_cy<21>
    SLICE_X19Y22.COUT    Tbyp                  0.118   b<22>
                                                       Madd_b_cy<22>
                                                       Madd_b_cy<23>
    SLICE_X19Y23.CIN     net (fanout=1)        0.000   Madd_b_cy<23>
    SLICE_X19Y23.COUT    Tbyp                  0.118   b<24>
                                                       Madd_b_cy<24>
                                                       Madd_b_cy<25>
    SLICE_X19Y24.CIN     net (fanout=1)        0.000   Madd_b_cy<25>
    SLICE_X19Y24.COUT    Tbyp                  0.118   b<26>
                                                       Madd_b_cy<26>
                                                       Madd_b_cy<27>
    SLICE_X19Y25.CIN     net (fanout=1)        0.000   Madd_b_cy<27>
    SLICE_X19Y25.Y       Tciny                 0.869   b<28>
                                                       Madd_b_cy<28>
                                                       Madd_b_xor<29>
    SLICE_X18Y27.F1      net (fanout=1)        0.409   b<29>
    SLICE_X18Y27.CLK     Tfck                  0.892   b_reg<29>
                                                       b_reg_29_mux00001
                                                       b_reg_29
    -------------------------------------------------  ---------------------------
    Total                                     25.614ns (15.421ns logic, 10.193ns route)
                                                       (60.2% logic, 39.8% route)

--------------------------------------------------------------------------------
Slack (setup path):     14.405ns (requirement - (data path - clock path skew + uncertainty))
  Source:               b_reg_1 (FF)
  Destination:          b_reg_29 (FF)
  Requirement:          40.000ns
  Data Path Delay:      25.595ns (Levels of Logic = 37)
  Clock Path Skew:      0.000ns
  Source Clock:         clk_25_BUFGP rising at 0.000ns
  Destination Clock:    clk_25_BUFGP rising at 40.000ns
  Clock Uncertainty:    0.000ns

  Maximum Data Path: b_reg_1 to b_reg_29
    Location             Delay type         Delay(ns)  Physical Resource
                                                       Logical Resource(s)
    -------------------------------------------------  -------------------
    SLICE_X13Y14.YQ      Tcko                  0.587   b_reg<1>
                                                       b_reg_1
    SLICE_X15Y35.BX      net (fanout=41)       3.407   b_reg<1>
    SLICE_X15Y35.X       Tbxx                  0.739   Sh29
                                                       Sh29_f5
    SLICE_X15Y30.G2      net (fanout=4)        0.820   Sh29
    SLICE_X15Y30.X       Tif5x                 1.025   Sh37
                                                       Sh3731_F
                                                       Sh3731
    SLICE_X16Y20.G1      net (fanout=4)        1.121   Sh37
    SLICE_X16Y20.Y       Tilo                  0.759   b_reg_0_2
                                                       Sh691
    SLICE_X17Y20.BY      net (fanout=1)        1.200   Sh69
    SLICE_X17Y20.COUT    Tbycy                 0.972   a<4>
                                                       Madd_a_cy<5>
    SLICE_X17Y21.CIN     net (fanout=1)        0.000   Madd_a_cy<5>
    SLICE_X17Y21.COUT    Tbyp                  0.118   a<6>
                                                       Madd_a_cy<6>
                                                       Madd_a_cy<7>
    SLICE_X17Y22.CIN     net (fanout=1)        0.000   Madd_a_cy<7>
    SLICE_X17Y22.COUT    Tbyp                  0.118   a<8>
                                                       Madd_a_cy<8>
                                                       Madd_a_cy<9>
    SLICE_X17Y23.CIN     net (fanout=1)        0.000   Madd_a_cy<9>
    SLICE_X17Y23.COUT    Tbyp                  0.118   a<10>
                                                       Madd_a_cy<10>
                                                       Madd_a_cy<11>
    SLICE_X17Y24.CIN     net (fanout=1)        0.000   Madd_a_cy<11>
    SLICE_X17Y24.COUT    Tbyp                  0.118   a<12>
                                                       Madd_a_cy<12>
                                                       Madd_a_cy<13>
    SLICE_X17Y25.CIN     net (fanout=1)        0.000   Madd_a_cy<13>
    SLICE_X17Y25.COUT    Tbyp                  0.118   a<14>
                                                       Madd_a_cy<14>
                                                       Madd_a_cy<15>
    SLICE_X17Y26.CIN     net (fanout=1)        0.000   Madd_a_cy<15>
    SLICE_X17Y26.COUT    Tbyp                  0.118   a<16>
                                                       Madd_a_cy<16>
                                                       Madd_a_cy<17>
    SLICE_X17Y27.CIN     net (fanout=1)        0.000   Madd_a_cy<17>
    SLICE_X17Y27.COUT    Tbyp                  0.118   a<18>
                                                       Madd_a_cy<18>
                                                       Madd_a_cy<19>
    SLICE_X17Y28.CIN     net (fanout=1)        0.000   Madd_a_cy<19>
    SLICE_X17Y28.COUT    Tbyp                  0.118   a<20>
                                                       Madd_a_cy<20>
                                                       Madd_a_cy<21>
    SLICE_X17Y29.CIN     net (fanout=1)        0.000   Madd_a_cy<21>
    SLICE_X17Y29.COUT    Tbyp                  0.118   a<22>
                                                       Madd_a_cy<22>
                                                       Madd_a_cy<23>
    SLICE_X17Y30.CIN     net (fanout=1)        0.000   Madd_a_cy<23>
    SLICE_X17Y30.COUT    Tbyp                  0.118   a<24>
                                                       Madd_a_cy<24>
                                                       Madd_a_cy<25>
    SLICE_X17Y31.CIN     net (fanout=1)        0.000   Madd_a_cy<25>
    SLICE_X17Y31.COUT    Tbyp                  0.118   a<26>
                                                       Madd_a_cy<26>
                                                       Madd_a_cy<27>
    SLICE_X17Y32.CIN     net (fanout=1)        0.000   Madd_a_cy<27>
    SLICE_X17Y32.COUT    Tbyp                  0.118   a<28>
                                                       Madd_a_cy<28>
                                                       Madd_a_cy<29>
    SLICE_X17Y33.CIN     net (fanout=1)        0.000   Madd_a_cy<29>
    SLICE_X17Y33.X       Tcinx                 0.462   a<30>
                                                       Madd_a_xor<30>
    SLICE_X20Y30.F3      net (fanout=4)        1.225   a<30>
    SLICE_X20Y30.X       Tilo                  0.759   Sh1262
                                                       Sh1262
    SLICE_X24Y16.F3      net (fanout=4)        0.939   Sh1262
    SLICE_X24Y16.X       Tif5x                 1.152   Sh96
                                                       Sh1262_rt
                                                       Sh96_f5
    SLICE_X24Y15.G1      net (fanout=4)        0.386   Sh96
    SLICE_X24Y15.X       Tif5x                 1.152   Sh128
                                                       Sh12828_F
                                                       Sh12828
    SLICE_X18Y18.F2      net (fanout=3)        0.953   Sh128
    SLICE_X18Y18.X       Tilo                  0.759   b_reg_0_3
                                                       Sh1601
    SLICE_X19Y11.F2      net (fanout=1)        0.896   Sh160
    SLICE_X19Y11.COUT    Topcyf                1.162   b<0>
                                                       Madd_b_lut<0>
                                                       Madd_b_cy<0>
                                                       Madd_b_cy<1>
    SLICE_X19Y12.CIN     net (fanout=1)        0.000   Madd_b_cy<1>
    SLICE_X19Y12.COUT    Tbyp                  0.118   b<2>
                                                       Madd_b_cy<2>
                                                       Madd_b_cy<3>
    SLICE_X19Y13.CIN     net (fanout=1)        0.000   Madd_b_cy<3>
    SLICE_X19Y13.COUT    Tbyp                  0.118   b<4>
                                                       Madd_b_cy<4>
                                                       Madd_b_cy<5>
    SLICE_X19Y14.CIN     net (fanout=1)        0.000   Madd_b_cy<5>
    SLICE_X19Y14.COUT    Tbyp                  0.118   b<6>
                                                       Madd_b_cy<6>
                                                       Madd_b_cy<7>
    SLICE_X19Y15.CIN     net (fanout=1)        0.000   Madd_b_cy<7>
    SLICE_X19Y15.COUT    Tbyp                  0.118   b<8>
                                                       Madd_b_cy<8>
                                                       Madd_b_cy<9>
    SLICE_X19Y16.CIN     net (fanout=1)        0.000   Madd_b_cy<9>
    SLICE_X19Y16.COUT    Tbyp                  0.118   b<10>
                                                       Madd_b_cy<10>
                                                       Madd_b_cy<11>
    SLICE_X19Y17.CIN     net (fanout=1)        0.000   Madd_b_cy<11>
    SLICE_X19Y17.COUT    Tbyp                  0.118   b<12>
                                                       Madd_b_cy<12>
                                                       Madd_b_cy<13>
    SLICE_X19Y18.CIN     net (fanout=1)        0.000   Madd_b_cy<13>
    SLICE_X19Y18.COUT    Tbyp                  0.118   b<14>
                                                       Madd_b_cy<14>
                                                       Madd_b_cy<15>
    SLICE_X19Y19.CIN     net (fanout=1)        0.000   Madd_b_cy<15>
    SLICE_X19Y19.COUT    Tbyp                  0.118   b<16>
                                                       Madd_b_cy<16>
                                                       Madd_b_cy<17>
    SLICE_X19Y20.CIN     net (fanout=1)        0.000   Madd_b_cy<17>
    SLICE_X19Y20.COUT    Tbyp                  0.118   b<18>
                                                       Madd_b_cy<18>
                                                       Madd_b_cy<19>
    SLICE_X19Y21.CIN     net (fanout=1)        0.000   Madd_b_cy<19>
    SLICE_X19Y21.COUT    Tbyp                  0.118   b<20>
                                                       Madd_b_cy<20>
                                                       Madd_b_cy<21>
    SLICE_X19Y22.CIN     net (fanout=1)        0.000   Madd_b_cy<21>
    SLICE_X19Y22.COUT    Tbyp                  0.118   b<22>
                                                       Madd_b_cy<22>
                                                       Madd_b_cy<23>
    SLICE_X19Y23.CIN     net (fanout=1)        0.000   Madd_b_cy<23>
    SLICE_X19Y23.COUT    Tbyp                  0.118   b<24>
                                                       Madd_b_cy<24>
                                                       Madd_b_cy<25>
    SLICE_X19Y24.CIN     net (fanout=1)        0.000   Madd_b_cy<25>
    SLICE_X19Y24.COUT    Tbyp                  0.118   b<26>
                                                       Madd_b_cy<26>
                                                       Madd_b_cy<27>
    SLICE_X19Y25.CIN     net (fanout=1)        0.000   Madd_b_cy<27>
    SLICE_X19Y25.Y       Tciny                 0.869   b<28>
                                                       Madd_b_cy<28>
                                                       Madd_b_xor<29>
    SLICE_X18Y27.F1      net (fanout=1)        0.409   b<29>
    SLICE_X18Y27.CLK     Tfck                  0.892   b_reg<29>
                                                       b_reg_29_mux00001
                                                       b_reg_29
    -------------------------------------------------  ---------------------------
    Total                                     25.595ns (14.239ns logic, 11.356ns route)
                                                       (55.6% logic, 44.4% route)

--------------------------------------------------------------------------------
Slack (setup path):     14.519ns (requirement - (data path - clock path skew + uncertainty))
  Source:               b_reg_19 (FF)
  Destination:          b_reg_29 (FF)
  Requirement:          40.000ns
  Data Path Delay:      25.481ns (Levels of Logic = 38)
  Clock Path Skew:      0.000ns
  Source Clock:         clk_25_BUFGP rising at 0.000ns
  Destination Clock:    clk_25_BUFGP rising at 40.000ns
  Clock Uncertainty:    0.000ns

  Maximum Data Path: b_reg_19 to b_reg_29
    Location             Delay type         Delay(ns)  Physical Resource
                                                       Logical Resource(s)
    -------------------------------------------------  -------------------
    SLICE_X20Y23.YQ      Tcko                  0.652   b_reg<21>
                                                       b_reg_19
    SLICE_X20Y28.G1      net (fanout=6)        0.766   b_reg<19>
    SLICE_X20Y28.Y       Tilo                  0.759   b_reg<23>
                                                       Mxor_ab_xor_Result<19>1
    SLICE_X22Y33.F1      net (fanout=4)        1.230   ab_xor<19>
    SLICE_X22Y33.X       Tif5x                 1.152   Sh21
                                                       Sh21_f5_G
                                                       Sh21_f5
    SLICE_X20Y31.G4      net (fanout=4)        0.922   Sh21
    SLICE_X20Y31.X       Tif5x                 1.152   Sh53
                                                       Sh5331_F
                                                       Sh5331
    SLICE_X16Y20.G3      net (fanout=4)        0.952   Sh53
    SLICE_X16Y20.Y       Tilo                  0.759   b_reg_0_2
                                                       Sh691
    SLICE_X17Y20.BY      net (fanout=1)        1.200   Sh69
    SLICE_X17Y20.COUT    Tbycy                 0.972   a<4>
                                                       Madd_a_cy<5>
    SLICE_X17Y21.CIN     net (fanout=1)        0.000   Madd_a_cy<5>
    SLICE_X17Y21.COUT    Tbyp                  0.118   a<6>
                                                       Madd_a_cy<6>
                                                       Madd_a_cy<7>
    SLICE_X17Y22.CIN     net (fanout=1)        0.000   Madd_a_cy<7>
    SLICE_X17Y22.COUT    Tbyp                  0.118   a<8>
                                                       Madd_a_cy<8>
                                                       Madd_a_cy<9>
    SLICE_X17Y23.CIN     net (fanout=1)        0.000   Madd_a_cy<9>
    SLICE_X17Y23.COUT    Tbyp                  0.118   a<10>
                                                       Madd_a_cy<10>
                                                       Madd_a_cy<11>
    SLICE_X17Y24.CIN     net (fanout=1)        0.000   Madd_a_cy<11>
    SLICE_X17Y24.COUT    Tbyp                  0.118   a<12>
                                                       Madd_a_cy<12>
                                                       Madd_a_cy<13>
    SLICE_X17Y25.CIN     net (fanout=1)        0.000   Madd_a_cy<13>
    SLICE_X17Y25.COUT    Tbyp                  0.118   a<14>
                                                       Madd_a_cy<14>
                                                       Madd_a_cy<15>
    SLICE_X17Y26.CIN     net (fanout=1)        0.000   Madd_a_cy<15>
    SLICE_X17Y26.COUT    Tbyp                  0.118   a<16>
                                                       Madd_a_cy<16>
                                                       Madd_a_cy<17>
    SLICE_X17Y27.CIN     net (fanout=1)        0.000   Madd_a_cy<17>
    SLICE_X17Y27.COUT    Tbyp                  0.118   a<18>
                                                       Madd_a_cy<18>
                                                       Madd_a_cy<19>
    SLICE_X17Y28.CIN     net (fanout=1)        0.000   Madd_a_cy<19>
    SLICE_X17Y28.COUT    Tbyp                  0.118   a<20>
                                                       Madd_a_cy<20>
                                                       Madd_a_cy<21>
    SLICE_X17Y29.CIN     net (fanout=1)        0.000   Madd_a_cy<21>
    SLICE_X17Y29.COUT    Tbyp                  0.118   a<22>
                                                       Madd_a_cy<22>
                                                       Madd_a_cy<23>
    SLICE_X17Y30.CIN     net (fanout=1)        0.000   Madd_a_cy<23>
    SLICE_X17Y30.COUT    Tbyp                  0.118   a<24>
                                                       Madd_a_cy<24>
                                                       Madd_a_cy<25>
    SLICE_X17Y31.CIN     net (fanout=1)        0.000   Madd_a_cy<25>
    SLICE_X17Y31.COUT    Tbyp                  0.118   a<26>
                                                       Madd_a_cy<26>
                                                       Madd_a_cy<27>
    SLICE_X17Y32.CIN     net (fanout=1)        0.000   Madd_a_cy<27>
    SLICE_X17Y32.COUT    Tbyp                  0.118   a<28>
                                                       Madd_a_cy<28>
                                                       Madd_a_cy<29>
    SLICE_X17Y33.CIN     net (fanout=1)        0.000   Madd_a_cy<29>
    SLICE_X17Y33.X       Tcinx                 0.462   a<30>
                                                       Madd_a_xor<30>
    SLICE_X20Y30.F3      net (fanout=4)        1.225   a<30>
    SLICE_X20Y30.X       Tilo                  0.759   Sh1262
                                                       Sh1262
    SLICE_X24Y16.F3      net (fanout=4)        0.939   Sh1262
    SLICE_X24Y16.X       Tif5x                 1.152   Sh96
                                                       Sh1262_rt
                                                       Sh96_f5
    SLICE_X24Y15.G1      net (fanout=4)        0.386   Sh96
    SLICE_X24Y15.X       Tif5x                 1.152   Sh128
                                                       Sh12828_F
                                                       Sh12828
    SLICE_X18Y18.F2      net (fanout=3)        0.953   Sh128
    SLICE_X18Y18.X       Tilo                  0.759   b_reg_0_3
                                                       Sh1601
    SLICE_X19Y11.F2      net (fanout=1)        0.896   Sh160
    SLICE_X19Y11.COUT    Topcyf                1.162   b<0>
                                                       Madd_b_lut<0>
                                                       Madd_b_cy<0>
                                                       Madd_b_cy<1>
    SLICE_X19Y12.CIN     net (fanout=1)        0.000   Madd_b_cy<1>
    SLICE_X19Y12.COUT    Tbyp                  0.118   b<2>
                                                       Madd_b_cy<2>
                                                       Madd_b_cy<3>
    SLICE_X19Y13.CIN     net (fanout=1)        0.000   Madd_b_cy<3>
    SLICE_X19Y13.COUT    Tbyp                  0.118   b<4>
                                                       Madd_b_cy<4>
                                                       Madd_b_cy<5>
    SLICE_X19Y14.CIN     net (fanout=1)        0.000   Madd_b_cy<5>
    SLICE_X19Y14.COUT    Tbyp                  0.118   b<6>
                                                       Madd_b_cy<6>
                                                       Madd_b_cy<7>
    SLICE_X19Y15.CIN     net (fanout=1)        0.000   Madd_b_cy<7>
    SLICE_X19Y15.COUT    Tbyp                  0.118   b<8>
                                                       Madd_b_cy<8>
                                                       Madd_b_cy<9>
    SLICE_X19Y16.CIN     net (fanout=1)        0.000   Madd_b_cy<9>
    SLICE_X19Y16.COUT    Tbyp                  0.118   b<10>
                                                       Madd_b_cy<10>
                                                       Madd_b_cy<11>
    SLICE_X19Y17.CIN     net (fanout=1)        0.000   Madd_b_cy<11>
    SLICE_X19Y17.COUT    Tbyp                  0.118   b<12>
                                                       Madd_b_cy<12>
                                                       Madd_b_cy<13>
    SLICE_X19Y18.CIN     net (fanout=1)        0.000   Madd_b_cy<13>
    SLICE_X19Y18.COUT    Tbyp                  0.118   b<14>
                                                       Madd_b_cy<14>
                                                       Madd_b_cy<15>
    SLICE_X19Y19.CIN     net (fanout=1)        0.000   Madd_b_cy<15>
    SLICE_X19Y19.COUT    Tbyp                  0.118   b<16>
                                                       Madd_b_cy<16>
                                                       Madd_b_cy<17>
    SLICE_X19Y20.CIN     net (fanout=1)        0.000   Madd_b_cy<17>
    SLICE_X19Y20.COUT    Tbyp                  0.118   b<18>
                                                       Madd_b_cy<18>
                                                       Madd_b_cy<19>
    SLICE_X19Y21.CIN     net (fanout=1)        0.000   Madd_b_cy<19>
    SLICE_X19Y21.COUT    Tbyp                  0.118   b<20>
                                                       Madd_b_cy<20>
                                                       Madd_b_cy<21>
    SLICE_X19Y22.CIN     net (fanout=1)        0.000   Madd_b_cy<21>
    SLICE_X19Y22.COUT    Tbyp                  0.118   b<22>
                                                       Madd_b_cy<22>
                                                       Madd_b_cy<23>
    SLICE_X19Y23.CIN     net (fanout=1)        0.000   Madd_b_cy<23>
    SLICE_X19Y23.COUT    Tbyp                  0.118   b<24>
                                                       Madd_b_cy<24>
                                                       Madd_b_cy<25>
    SLICE_X19Y24.CIN     net (fanout=1)        0.000   Madd_b_cy<25>
    SLICE_X19Y24.COUT    Tbyp                  0.118   b<26>
                                                       Madd_b_cy<26>
                                                       Madd_b_cy<27>
    SLICE_X19Y25.CIN     net (fanout=1)        0.000   Madd_b_cy<27>
    SLICE_X19Y25.Y       Tciny                 0.869   b<28>
                                                       Madd_b_cy<28>
                                                       Madd_b_xor<29>
    SLICE_X18Y27.F1      net (fanout=1)        0.409   b<29>
    SLICE_X18Y27.CLK     Tfck                  0.892   b_reg<29>
                                                       b_reg_29_mux00001
                                                       b_reg_29
    -------------------------------------------------  ---------------------------
    Total                                     25.481ns (15.603ns logic, 9.878ns route)
                                                       (61.2% logic, 38.8% route)

--------------------------------------------------------------------------------

Paths for end point b_reg_31 (SLICE_X19Y27.F2), 6757258 paths
--------------------------------------------------------------------------------
Slack (setup path):     14.386ns (requirement - (data path - clock path skew + uncertainty))
  Source:               b_reg_7 (FF)
  Destination:          b_reg_31 (FF)
  Requirement:          40.000ns
  Data Path Delay:      25.611ns (Levels of Logic = 39)
  Clock Path Skew:      -0.003ns (0.044 - 0.047)
  Source Clock:         clk_25_BUFGP rising at 0.000ns
  Destination Clock:    clk_25_BUFGP rising at 40.000ns
  Clock Uncertainty:    0.000ns

  Maximum Data Path: b_reg_7 to b_reg_31
    Location             Delay type         Delay(ns)  Physical Resource
                                                       Logical Resource(s)
    -------------------------------------------------  -------------------
    SLICE_X14Y11.YQ      Tcko                  0.652   b_reg<7>
                                                       b_reg_7
    SLICE_X13Y21.F1      net (fanout=10)       1.379   b_reg<7>
    SLICE_X13Y21.X       Tilo                  0.704   b_reg_4_1
                                                       Mxor_ab_xor_Result<7>1
    SLICE_X15Y23.F1      net (fanout=4)        0.719   ab_xor<7>
    SLICE_X15Y23.X       Tif5x                 1.025   Sh9
                                                       Sh9_f5_G
                                                       Sh9_f5
    SLICE_X20Y31.F3      net (fanout=4)        1.135   Sh9
    SLICE_X20Y31.X       Tif5x                 1.152   Sh53
                                                       Sh5331_G
                                                       Sh5331
    SLICE_X16Y20.G3      net (fanout=4)        0.952   Sh53
    SLICE_X16Y20.Y       Tilo                  0.759   b_reg_0_2
                                                       Sh691
    SLICE_X17Y20.BY      net (fanout=1)        1.200   Sh69
    SLICE_X17Y20.COUT    Tbycy                 0.972   a<4>
                                                       Madd_a_cy<5>
    SLICE_X17Y21.CIN     net (fanout=1)        0.000   Madd_a_cy<5>
    SLICE_X17Y21.COUT    Tbyp                  0.118   a<6>
                                                       Madd_a_cy<6>
                                                       Madd_a_cy<7>
    SLICE_X17Y22.CIN     net (fanout=1)        0.000   Madd_a_cy<7>
    SLICE_X17Y22.COUT    Tbyp                  0.118   a<8>
                                                       Madd_a_cy<8>
                                                       Madd_a_cy<9>
    SLICE_X17Y23.CIN     net (fanout=1)        0.000   Madd_a_cy<9>
    SLICE_X17Y23.COUT    Tbyp                  0.118   a<10>
                                                       Madd_a_cy<10>
                                                       Madd_a_cy<11>
    SLICE_X17Y24.CIN     net (fanout=1)        0.000   Madd_a_cy<11>
    SLICE_X17Y24.COUT    Tbyp                  0.118   a<12>
                                                       Madd_a_cy<12>
                                                       Madd_a_cy<13>
    SLICE_X17Y25.CIN     net (fanout=1)        0.000   Madd_a_cy<13>
    SLICE_X17Y25.COUT    Tbyp                  0.118   a<14>
                                                       Madd_a_cy<14>
                                                       Madd_a_cy<15>
    SLICE_X17Y26.CIN     net (fanout=1)        0.000   Madd_a_cy<15>
    SLICE_X17Y26.COUT    Tbyp                  0.118   a<16>
                                                       Madd_a_cy<16>
                                                       Madd_a_cy<17>
    SLICE_X17Y27.CIN     net (fanout=1)        0.000   Madd_a_cy<17>
    SLICE_X17Y27.COUT    Tbyp                  0.118   a<18>
                                                       Madd_a_cy<18>
                                                       Madd_a_cy<19>
    SLICE_X17Y28.CIN     net (fanout=1)        0.000   Madd_a_cy<19>
    SLICE_X17Y28.COUT    Tbyp                  0.118   a<20>
                                                       Madd_a_cy<20>
                                                       Madd_a_cy<21>
    SLICE_X17Y29.CIN     net (fanout=1)        0.000   Madd_a_cy<21>
    SLICE_X17Y29.COUT    Tbyp                  0.118   a<22>
                                                       Madd_a_cy<22>
                                                       Madd_a_cy<23>
    SLICE_X17Y30.CIN     net (fanout=1)        0.000   Madd_a_cy<23>
    SLICE_X17Y30.COUT    Tbyp                  0.118   a<24>
                                                       Madd_a_cy<24>
                                                       Madd_a_cy<25>
    SLICE_X17Y31.CIN     net (fanout=1)        0.000   Madd_a_cy<25>
    SLICE_X17Y31.COUT    Tbyp                  0.118   a<26>
                                                       Madd_a_cy<26>
                                                       Madd_a_cy<27>
    SLICE_X17Y32.CIN     net (fanout=1)        0.000   Madd_a_cy<27>
    SLICE_X17Y32.COUT    Tbyp                  0.118   a<28>
                                                       Madd_a_cy<28>
                                                       Madd_a_cy<29>
    SLICE_X17Y33.CIN     net (fanout=1)        0.000   Madd_a_cy<29>
    SLICE_X17Y33.X       Tcinx                 0.462   a<30>
                                                       Madd_a_xor<30>
    SLICE_X20Y30.F3      net (fanout=4)        1.225   a<30>
    SLICE_X20Y30.X       Tilo                  0.759   Sh1262
                                                       Sh1262
    SLICE_X24Y16.F3      net (fanout=4)        0.939   Sh1262
    SLICE_X24Y16.X       Tif5x                 1.152   Sh96
                                                       Sh1262_rt
                                                       Sh96_f5
    SLICE_X24Y15.G1      net (fanout=4)        0.386   Sh96
    SLICE_X24Y15.X       Tif5x                 1.152   Sh128
                                                       Sh12828_F
                                                       Sh12828
    SLICE_X18Y18.F2      net (fanout=3)        0.953   Sh128
    SLICE_X18Y18.X       Tilo                  0.759   b_reg_0_3
                                                       Sh1601
    SLICE_X19Y11.F2      net (fanout=1)        0.896   Sh160
    SLICE_X19Y11.COUT    Topcyf                1.162   b<0>
                                                       Madd_b_lut<0>
                                                       Madd_b_cy<0>
                                                       Madd_b_cy<1>
    SLICE_X19Y12.CIN     net (fanout=1)        0.000   Madd_b_cy<1>
    SLICE_X19Y12.COUT    Tbyp                  0.118   b<2>
                                                       Madd_b_cy<2>
                                                       Madd_b_cy<3>
    SLICE_X19Y13.CIN     net (fanout=1)        0.000   Madd_b_cy<3>
    SLICE_X19Y13.COUT    Tbyp                  0.118   b<4>
                                                       Madd_b_cy<4>
                                                       Madd_b_cy<5>
    SLICE_X19Y14.CIN     net (fanout=1)        0.000   Madd_b_cy<5>
    SLICE_X19Y14.COUT    Tbyp                  0.118   b<6>
                                                       Madd_b_cy<6>
                                                       Madd_b_cy<7>
    SLICE_X19Y15.CIN     net (fanout=1)        0.000   Madd_b_cy<7>
    SLICE_X19Y15.COUT    Tbyp                  0.118   b<8>
                                                       Madd_b_cy<8>
                                                       Madd_b_cy<9>
    SLICE_X19Y16.CIN     net (fanout=1)        0.000   Madd_b_cy<9>
    SLICE_X19Y16.COUT    Tbyp                  0.118   b<10>
                                                       Madd_b_cy<10>
                                                       Madd_b_cy<11>
    SLICE_X19Y17.CIN     net (fanout=1)        0.000   Madd_b_cy<11>
    SLICE_X19Y17.COUT    Tbyp                  0.118   b<12>
                                                       Madd_b_cy<12>
                                                       Madd_b_cy<13>
    SLICE_X19Y18.CIN     net (fanout=1)        0.000   Madd_b_cy<13>
    SLICE_X19Y18.COUT    Tbyp                  0.118   b<14>
                                                       Madd_b_cy<14>
                                                       Madd_b_cy<15>
    SLICE_X19Y19.CIN     net (fanout=1)        0.000   Madd_b_cy<15>
    SLICE_X19Y19.COUT    Tbyp                  0.118   b<16>
                                                       Madd_b_cy<16>
                                                       Madd_b_cy<17>
    SLICE_X19Y20.CIN     net (fanout=1)        0.000   Madd_b_cy<17>
    SLICE_X19Y20.COUT    Tbyp                  0.118   b<18>
                                                       Madd_b_cy<18>
                                                       Madd_b_cy<19>
    SLICE_X19Y21.CIN     net (fanout=1)        0.000   Madd_b_cy<19>
    SLICE_X19Y21.COUT    Tbyp                  0.118   b<20>
                                                       Madd_b_cy<20>
                                                       Madd_b_cy<21>
    SLICE_X19Y22.CIN     net (fanout=1)        0.000   Madd_b_cy<21>
    SLICE_X19Y22.COUT    Tbyp                  0.118   b<22>
                                                       Madd_b_cy<22>
                                                       Madd_b_cy<23>
    SLICE_X19Y23.CIN     net (fanout=1)        0.000   Madd_b_cy<23>
    SLICE_X19Y23.COUT    Tbyp                  0.118   b<24>
                                                       Madd_b_cy<24>
                                                       Madd_b_cy<25>
    SLICE_X19Y24.CIN     net (fanout=1)        0.000   Madd_b_cy<25>
    SLICE_X19Y24.COUT    Tbyp                  0.118   b<26>
                                                       Madd_b_cy<26>
                                                       Madd_b_cy<27>
    SLICE_X19Y25.CIN     net (fanout=1)        0.000   Madd_b_cy<27>
    SLICE_X19Y25.COUT    Tbyp                  0.118   b<28>
                                                       Madd_b_cy<28>
                                                       Madd_b_cy<29>
    SLICE_X19Y26.CIN     net (fanout=1)        0.000   Madd_b_cy<29>
    SLICE_X19Y26.Y       Tciny                 0.869   b<30>
                                                       Madd_b_cy<30>
                                                       Madd_b_xor<31>
    SLICE_X19Y27.F2      net (fanout=1)        0.343   b<31>
    SLICE_X19Y27.CLK     Tfck                  0.837   b_reg<31>
                                                       b_reg_31_mux00001
                                                       b_reg_31
    -------------------------------------------------  ---------------------------
    Total                                     25.611ns (15.484ns logic, 10.127ns route)
                                                       (60.5% logic, 39.5% route)

--------------------------------------------------------------------------------
Slack (setup path):     14.408ns (requirement - (data path - clock path skew + uncertainty))
  Source:               b_reg_1 (FF)
  Destination:          b_reg_31 (FF)
  Requirement:          40.000ns
  Data Path Delay:      25.592ns (Levels of Logic = 38)
  Clock Path Skew:      0.000ns
  Source Clock:         clk_25_BUFGP rising at 0.000ns
  Destination Clock:    clk_25_BUFGP rising at 40.000ns
  Clock Uncertainty:    0.000ns

  Maximum Data Path: b_reg_1 to b_reg_31
    Location             Delay type         Delay(ns)  Physical Resource
                                                       Logical Resource(s)
    -------------------------------------------------  -------------------
    SLICE_X13Y14.YQ      Tcko                  0.587   b_reg<1>
                                                       b_reg_1
    SLICE_X15Y35.BX      net (fanout=41)       3.407   b_reg<1>
    SLICE_X15Y35.X       Tbxx                  0.739   Sh29
                                                       Sh29_f5
    SLICE_X15Y30.G2      net (fanout=4)        0.820   Sh29
    SLICE_X15Y30.X       Tif5x                 1.025   Sh37
                                                       Sh3731_F
                                                       Sh3731
    SLICE_X16Y20.G1      net (fanout=4)        1.121   Sh37
    SLICE_X16Y20.Y       Tilo                  0.759   b_reg_0_2
                                                       Sh691
    SLICE_X17Y20.BY      net (fanout=1)        1.200   Sh69
    SLICE_X17Y20.COUT    Tbycy                 0.972   a<4>
                                                       Madd_a_cy<5>
    SLICE_X17Y21.CIN     net (fanout=1)        0.000   Madd_a_cy<5>
    SLICE_X17Y21.COUT    Tbyp                  0.118   a<6>
                                                       Madd_a_cy<6>
                                                       Madd_a_cy<7>
    SLICE_X17Y22.CIN     net (fanout=1)        0.000   Madd_a_cy<7>
    SLICE_X17Y22.COUT    Tbyp                  0.118   a<8>
                                                       Madd_a_cy<8>
                                                       Madd_a_cy<9>
    SLICE_X17Y23.CIN     net (fanout=1)        0.000   Madd_a_cy<9>
    SLICE_X17Y23.COUT    Tbyp                  0.118   a<10>
                                                       Madd_a_cy<10>
                                                       Madd_a_cy<11>
    SLICE_X17Y24.CIN     net (fanout=1)        0.000   Madd_a_cy<11>
    SLICE_X17Y24.COUT    Tbyp                  0.118   a<12>
                                                       Madd_a_cy<12>
                                                       Madd_a_cy<13>
    SLICE_X17Y25.CIN     net (fanout=1)        0.000   Madd_a_cy<13>
    SLICE_X17Y25.COUT    Tbyp                  0.118   a<14>
                                                       Madd_a_cy<14>
                                                       Madd_a_cy<15>
    SLICE_X17Y26.CIN     net (fanout=1)        0.000   Madd_a_cy<15>
    SLICE_X17Y26.COUT    Tbyp                  0.118   a<16>
                                                       Madd_a_cy<16>
                                                       Madd_a_cy<17>
    SLICE_X17Y27.CIN     net (fanout=1)        0.000   Madd_a_cy<17>
    SLICE_X17Y27.COUT    Tbyp                  0.118   a<18>
                                                       Madd_a_cy<18>
                                                       Madd_a_cy<19>
    SLICE_X17Y28.CIN     net (fanout=1)        0.000   Madd_a_cy<19>
    SLICE_X17Y28.COUT    Tbyp                  0.118   a<20>
                                                       Madd_a_cy<20>
                                                       Madd_a_cy<21>
    SLICE_X17Y29.CIN     net (fanout=1)        0.000   Madd_a_cy<21>
    SLICE_X17Y29.COUT    Tbyp                  0.118   a<22>
                                                       Madd_a_cy<22>
                                                       Madd_a_cy<23>
    SLICE_X17Y30.CIN     net (fanout=1)        0.000   Madd_a_cy<23>
    SLICE_X17Y30.COUT    Tbyp                  0.118   a<24>
                                                       Madd_a_cy<24>
                                                       Madd_a_cy<25>
    SLICE_X17Y31.CIN     net (fanout=1)        0.000   Madd_a_cy<25>
    SLICE_X17Y31.COUT    Tbyp                  0.118   a<26>
                                                       Madd_a_cy<26>
                                                       Madd_a_cy<27>
    SLICE_X17Y32.CIN     net (fanout=1)        0.000   Madd_a_cy<27>
    SLICE_X17Y32.COUT    Tbyp                  0.118   a<28>
                                                       Madd_a_cy<28>
                                                       Madd_a_cy<29>
    SLICE_X17Y33.CIN     net (fanout=1)        0.000   Madd_a_cy<29>
    SLICE_X17Y33.X       Tcinx                 0.462   a<30>
                                                       Madd_a_xor<30>
    SLICE_X20Y30.F3      net (fanout=4)        1.225   a<30>
    SLICE_X20Y30.X       Tilo                  0.759   Sh1262
                                                       Sh1262
    SLICE_X24Y16.F3      net (fanout=4)        0.939   Sh1262
    SLICE_X24Y16.X       Tif5x                 1.152   Sh96
                                                       Sh1262_rt
                                                       Sh96_f5
    SLICE_X24Y15.G1      net (fanout=4)        0.386   Sh96
    SLICE_X24Y15.X       Tif5x                 1.152   Sh128
                                                       Sh12828_F
                                                       Sh12828
    SLICE_X18Y18.F2      net (fanout=3)        0.953   Sh128
    SLICE_X18Y18.X       Tilo                  0.759   b_reg_0_3
                                                       Sh1601
    SLICE_X19Y11.F2      net (fanout=1)        0.896   Sh160
    SLICE_X19Y11.COUT    Topcyf                1.162   b<0>
                                                       Madd_b_lut<0>
                                                       Madd_b_cy<0>
                                                       Madd_b_cy<1>
    SLICE_X19Y12.CIN     net (fanout=1)        0.000   Madd_b_cy<1>
    SLICE_X19Y12.COUT    Tbyp                  0.118   b<2>
                                                       Madd_b_cy<2>
                                                       Madd_b_cy<3>
    SLICE_X19Y13.CIN     net (fanout=1)        0.000   Madd_b_cy<3>
    SLICE_X19Y13.COUT    Tbyp                  0.118   b<4>
                                                       Madd_b_cy<4>
                                                       Madd_b_cy<5>
    SLICE_X19Y14.CIN     net (fanout=1)        0.000   Madd_b_cy<5>
    SLICE_X19Y14.COUT    Tbyp                  0.118   b<6>
                                                       Madd_b_cy<6>
                                                       Madd_b_cy<7>
    SLICE_X19Y15.CIN     net (fanout=1)        0.000   Madd_b_cy<7>
    SLICE_X19Y15.COUT    Tbyp                  0.118   b<8>
                                                       Madd_b_cy<8>
                                                       Madd_b_cy<9>
    SLICE_X19Y16.CIN     net (fanout=1)        0.000   Madd_b_cy<9>
    SLICE_X19Y16.COUT    Tbyp                  0.118   b<10>
                                                       Madd_b_cy<10>
                                                       Madd_b_cy<11>
    SLICE_X19Y17.CIN     net (fanout=1)        0.000   Madd_b_cy<11>
    SLICE_X19Y17.COUT    Tbyp                  0.118   b<12>
                                                       Madd_b_cy<12>
                                                       Madd_b_cy<13>
    SLICE_X19Y18.CIN     net (fanout=1)        0.000   Madd_b_cy<13>
    SLICE_X19Y18.COUT    Tbyp                  0.118   b<14>
                                                       Madd_b_cy<14>
                                                       Madd_b_cy<15>
    SLICE_X19Y19.CIN     net (fanout=1)        0.000   Madd_b_cy<15>
    SLICE_X19Y19.COUT    Tbyp                  0.118   b<16>
                                                       Madd_b_cy<16>
                                                       Madd_b_cy<17>
    SLICE_X19Y20.CIN     net (fanout=1)        0.000   Madd_b_cy<17>
    SLICE_X19Y20.COUT    Tbyp                  0.118   b<18>
                                                       Madd_b_cy<18>
                                                       Madd_b_cy<19>
    SLICE_X19Y21.CIN     net (fanout=1)        0.000   Madd_b_cy<19>
    SLICE_X19Y21.COUT    Tbyp                  0.118   b<20>
                                                       Madd_b_cy<20>
                                                       Madd_b_cy<21>
    SLICE_X19Y22.CIN     net (fanout=1)        0.000   Madd_b_cy<21>
    SLICE_X19Y22.COUT    Tbyp                  0.118   b<22>
                                                       Madd_b_cy<22>
                                                       Madd_b_cy<23>
    SLICE_X19Y23.CIN     net (fanout=1)        0.000   Madd_b_cy<23>
    SLICE_X19Y23.COUT    Tbyp                  0.118   b<24>
                                                       Madd_b_cy<24>
                                                       Madd_b_cy<25>
    SLICE_X19Y24.CIN     net (fanout=1)        0.000   Madd_b_cy<25>
    SLICE_X19Y24.COUT    Tbyp                  0.118   b<26>
                                                       Madd_b_cy<26>
                                                       Madd_b_cy<27>
    SLICE_X19Y25.CIN     net (fanout=1)        0.000   Madd_b_cy<27>
    SLICE_X19Y25.COUT    Tbyp                  0.118   b<28>
                                                       Madd_b_cy<28>
                                                       Madd_b_cy<29>
    SLICE_X19Y26.CIN     net (fanout=1)        0.000   Madd_b_cy<29>
    SLICE_X19Y26.Y       Tciny                 0.869   b<30>
                                                       Madd_b_cy<30>
                                                       Madd_b_xor<31>
    SLICE_X19Y27.F2      net (fanout=1)        0.343   b<31>
    SLICE_X19Y27.CLK     Tfck                  0.837   b_reg<31>
                                                       b_reg_31_mux00001
                                                       b_reg_31
    -------------------------------------------------  ---------------------------
    Total                                     25.592ns (14.302ns logic, 11.290ns route)
                                                       (55.9% logic, 44.1% route)

--------------------------------------------------------------------------------
Slack (setup path):     14.522ns (requirement - (data path - clock path skew + uncertainty))
  Source:               b_reg_19 (FF)
  Destination:          b_reg_31 (FF)
  Requirement:          40.000ns
  Data Path Delay:      25.478ns (Levels of Logic = 39)
  Clock Path Skew:      0.000ns
  Source Clock:         clk_25_BUFGP rising at 0.000ns
  Destination Clock:    clk_25_BUFGP rising at 40.000ns
  Clock Uncertainty:    0.000ns

  Maximum Data Path: b_reg_19 to b_reg_31
    Location             Delay type         Delay(ns)  Physical Resource
                                                       Logical Resource(s)
    -------------------------------------------------  -------------------
    SLICE_X20Y23.YQ      Tcko                  0.652   b_reg<21>
                                                       b_reg_19
    SLICE_X20Y28.G1      net (fanout=6)        0.766   b_reg<19>
    SLICE_X20Y28.Y       Tilo                  0.759   b_reg<23>
                                                       Mxor_ab_xor_Result<19>1
    SLICE_X22Y33.F1      net (fanout=4)        1.230   ab_xor<19>
    SLICE_X22Y33.X       Tif5x                 1.152   Sh21
                                                       Sh21_f5_G
                                                       Sh21_f5
    SLICE_X20Y31.G4      net (fanout=4)        0.922   Sh21
    SLICE_X20Y31.X       Tif5x                 1.152   Sh53
                                                       Sh5331_F
                                                       Sh5331
    SLICE_X16Y20.G3      net (fanout=4)        0.952   Sh53
    SLICE_X16Y20.Y       Tilo                  0.759   b_reg_0_2
                                                       Sh691
    SLICE_X17Y20.BY      net (fanout=1)        1.200   Sh69
    SLICE_X17Y20.COUT    Tbycy                 0.972   a<4>
                                                       Madd_a_cy<5>
    SLICE_X17Y21.CIN     net (fanout=1)        0.000   Madd_a_cy<5>
    SLICE_X17Y21.COUT    Tbyp                  0.118   a<6>
                                                       Madd_a_cy<6>
                                                       Madd_a_cy<7>
    SLICE_X17Y22.CIN     net (fanout=1)        0.000   Madd_a_cy<7>
    SLICE_X17Y22.COUT    Tbyp                  0.118   a<8>
                                                       Madd_a_cy<8>
                                                       Madd_a_cy<9>
    SLICE_X17Y23.CIN     net (fanout=1)        0.000   Madd_a_cy<9>
    SLICE_X17Y23.COUT    Tbyp                  0.118   a<10>
                                                       Madd_a_cy<10>
                                                       Madd_a_cy<11>
    SLICE_X17Y24.CIN     net (fanout=1)        0.000   Madd_a_cy<11>
    SLICE_X17Y24.COUT    Tbyp                  0.118   a<12>
                                                       Madd_a_cy<12>
                                                       Madd_a_cy<13>
    SLICE_X17Y25.CIN     net (fanout=1)        0.000   Madd_a_cy<13>
    SLICE_X17Y25.COUT    Tbyp                  0.118   a<14>
                                                       Madd_a_cy<14>
                                                       Madd_a_cy<15>
    SLICE_X17Y26.CIN     net (fanout=1)        0.000   Madd_a_cy<15>
    SLICE_X17Y26.COUT    Tbyp                  0.118   a<16>
                                                       Madd_a_cy<16>
                                                       Madd_a_cy<17>
    SLICE_X17Y27.CIN     net (fanout=1)        0.000   Madd_a_cy<17>
    SLICE_X17Y27.COUT    Tbyp                  0.118   a<18>
                                                       Madd_a_cy<18>
                                                       Madd_a_cy<19>
    SLICE_X17Y28.CIN     net (fanout=1)        0.000   Madd_a_cy<19>
    SLICE_X17Y28.COUT    Tbyp                  0.118   a<20>
                                                       Madd_a_cy<20>
                                                       Madd_a_cy<21>
    SLICE_X17Y29.CIN     net (fanout=1)        0.000   Madd_a_cy<21>
    SLICE_X17Y29.COUT    Tbyp                  0.118   a<22>
                                                       Madd_a_cy<22>
                                                       Madd_a_cy<23>
    SLICE_X17Y30.CIN     net (fanout=1)        0.000   Madd_a_cy<23>
    SLICE_X17Y30.COUT    Tbyp                  0.118   a<24>
                                                       Madd_a_cy<24>
                                                       Madd_a_cy<25>
    SLICE_X17Y31.CIN     net (fanout=1)        0.000   Madd_a_cy<25>
    SLICE_X17Y31.COUT    Tbyp                  0.118   a<26>
                                                       Madd_a_cy<26>
                                                       Madd_a_cy<27>
    SLICE_X17Y32.CIN     net (fanout=1)        0.000   Madd_a_cy<27>
    SLICE_X17Y32.COUT    Tbyp                  0.118   a<28>
                                                       Madd_a_cy<28>
                                                       Madd_a_cy<29>
    SLICE_X17Y33.CIN     net (fanout=1)        0.000   Madd_a_cy<29>
    SLICE_X17Y33.X       Tcinx                 0.462   a<30>
                                                       Madd_a_xor<30>
    SLICE_X20Y30.F3      net (fanout=4)        1.225   a<30>
    SLICE_X20Y30.X       Tilo                  0.759   Sh1262
                                                       Sh1262
    SLICE_X24Y16.F3      net (fanout=4)        0.939   Sh1262
    SLICE_X24Y16.X       Tif5x                 1.152   Sh96
                                                       Sh1262_rt
                                                       Sh96_f5
    SLICE_X24Y15.G1      net (fanout=4)        0.386   Sh96
    SLICE_X24Y15.X       Tif5x                 1.152   Sh128
                                                       Sh12828_F
                                                       Sh12828
    SLICE_X18Y18.F2      net (fanout=3)        0.953   Sh128
    SLICE_X18Y18.X       Tilo                  0.759   b_reg_0_3
                                                       Sh1601
    SLICE_X19Y11.F2      net (fanout=1)        0.896   Sh160
    SLICE_X19Y11.COUT    Topcyf                1.162   b<0>
                                                       Madd_b_lut<0>
                                                       Madd_b_cy<0>
                                                       Madd_b_cy<1>
    SLICE_X19Y12.CIN     net (fanout=1)        0.000   Madd_b_cy<1>
    SLICE_X19Y12.COUT    Tbyp                  0.118   b<2>
                                                       Madd_b_cy<2>
                                                       Madd_b_cy<3>
    SLICE_X19Y13.CIN     net (fanout=1)        0.000   Madd_b_cy<3>
    SLICE_X19Y13.COUT    Tbyp                  0.118   b<4>
                                                       Madd_b_cy<4>
                                                       Madd_b_cy<5>
    SLICE_X19Y14.CIN     net (fanout=1)        0.000   Madd_b_cy<5>
    SLICE_X19Y14.COUT    Tbyp                  0.118   b<6>
                                                       Madd_b_cy<6>
                                                       Madd_b_cy<7>
    SLICE_X19Y15.CIN     net (fanout=1)        0.000   Madd_b_cy<7>
    SLICE_X19Y15.COUT    Tbyp                  0.118   b<8>
                                                       Madd_b_cy<8>
                                                       Madd_b_cy<9>
    SLICE_X19Y16.CIN     net (fanout=1)        0.000   Madd_b_cy<9>
    SLICE_X19Y16.COUT    Tbyp                  0.118   b<10>
                                                       Madd_b_cy<10>
                                                       Madd_b_cy<11>
    SLICE_X19Y17.CIN     net (fanout=1)        0.000   Madd_b_cy<11>
    SLICE_X19Y17.COUT    Tbyp                  0.118   b<12>
                                                       Madd_b_cy<12>
                                                       Madd_b_cy<13>
    SLICE_X19Y18.CIN     net (fanout=1)        0.000   Madd_b_cy<13>
    SLICE_X19Y18.COUT    Tbyp                  0.118   b<14>
                                                       Madd_b_cy<14>
                                                       Madd_b_cy<15>
    SLICE_X19Y19.CIN     net (fanout=1)        0.000   Madd_b_cy<15>
    SLICE_X19Y19.COUT    Tbyp                  0.118   b<16>
                                                       Madd_b_cy<16>
                                                       Madd_b_cy<17>
    SLICE_X19Y20.CIN     net (fanout=1)        0.000   Madd_b_cy<17>
    SLICE_X19Y20.COUT    Tbyp                  0.118   b<18>
                                                       Madd_b_cy<18>
                                                       Madd_b_cy<19>
    SLICE_X19Y21.CIN     net (fanout=1)        0.000   Madd_b_cy<19>
    SLICE_X19Y21.COUT    Tbyp                  0.118   b<20>
                                                       Madd_b_cy<20>
                                                       Madd_b_cy<21>
    SLICE_X19Y22.CIN     net (fanout=1)        0.000   Madd_b_cy<21>
    SLICE_X19Y22.COUT    Tbyp                  0.118   b<22>
                                                       Madd_b_cy<22>
                                                       Madd_b_cy<23>
    SLICE_X19Y23.CIN     net (fanout=1)        0.000   Madd_b_cy<23>
    SLICE_X19Y23.COUT    Tbyp                  0.118   b<24>
                                                       Madd_b_cy<24>
                                                       Madd_b_cy<25>
    SLICE_X19Y24.CIN     net (fanout=1)        0.000   Madd_b_cy<25>
    SLICE_X19Y24.COUT    Tbyp                  0.118   b<26>
                                                       Madd_b_cy<26>
                                                       Madd_b_cy<27>
    SLICE_X19Y25.CIN     net (fanout=1)        0.000   Madd_b_cy<27>
    SLICE_X19Y25.COUT    Tbyp                  0.118   b<28>
                                                       Madd_b_cy<28>
                                                       Madd_b_cy<29>
    SLICE_X19Y26.CIN     net (fanout=1)        0.000   Madd_b_cy<29>
    SLICE_X19Y26.Y       Tciny                 0.869   b<30>
                                                       Madd_b_cy<30>
                                                       Madd_b_xor<31>
    SLICE_X19Y27.F2      net (fanout=1)        0.343   b<31>
    SLICE_X19Y27.CLK     Tfck                  0.837   b_reg<31>
                                                       b_reg_31_mux00001
                                                       b_reg_31
    -------------------------------------------------  ---------------------------
    Total                                     25.478ns (15.666ns logic, 9.812ns route)
                                                       (61.5% logic, 38.5% route)

--------------------------------------------------------------------------------

Hold Paths: TS_clk_25 = PERIOD TIMEGRP "clk_25" 40 ns HIGH 50%;
--------------------------------------------------------------------------------

Paths for end point b_reg_18 (SLICE_X21Y22.G4), 1 path
--------------------------------------------------------------------------------
Slack (hold path):      1.317ns (requirement - (clock path skew + uncertainty - data path))
  Source:               b_reg_18 (FF)
  Destination:          b_reg_18 (FF)
  Requirement:          0.000ns
  Data Path Delay:      1.317ns (Levels of Logic = 1)
  Clock Path Skew:      0.000ns
  Source Clock:         clk_25_BUFGP rising at 40.000ns
  Destination Clock:    clk_25_BUFGP rising at 40.000ns
  Clock Uncertainty:    0.000ns

  Minimum Data Path: b_reg_18 to b_reg_18
    Location             Delay type         Delay(ns)  Physical Resource
                                                       Logical Resource(s)
    -------------------------------------------------  -------------------
    SLICE_X21Y22.YQ      Tcko                  0.470   b_reg<20>
                                                       b_reg_18
    SLICE_X21Y22.G4      net (fanout=9)        0.331   b_reg<18>
    SLICE_X21Y22.CLK     Tckg        (-Th)    -0.516   b_reg<20>
                                                       b_reg_18_mux00001
                                                       b_reg_18
    -------------------------------------------------  ---------------------------
    Total                                      1.317ns (0.986ns logic, 0.331ns route)
                                                       (74.9% logic, 25.1% route)

--------------------------------------------------------------------------------

Paths for end point a_reg_23 (SLICE_X21Y28.F3), 1 path
--------------------------------------------------------------------------------
Slack (hold path):      1.337ns (requirement - (clock path skew + uncertainty - data path))
  Source:               a_reg_23 (FF)
  Destination:          a_reg_23 (FF)
  Requirement:          0.000ns
  Data Path Delay:      1.337ns (Levels of Logic = 1)
  Clock Path Skew:      0.000ns
  Source Clock:         clk_25_BUFGP rising at 40.000ns
  Destination Clock:    clk_25_BUFGP rising at 40.000ns
  Clock Uncertainty:    0.000ns

  Minimum Data Path: a_reg_23 to a_reg_23
    Location             Delay type         Delay(ns)  Physical Resource
                                                       Logical Resource(s)
    -------------------------------------------------  -------------------
    SLICE_X21Y28.XQ      Tcko                  0.473   a_reg<23>
                                                       a_reg_23
    SLICE_X21Y28.F3      net (fanout=2)        0.348   a_reg<23>
    SLICE_X21Y28.CLK     Tckf        (-Th)    -0.516   a_reg<23>
                                                       a_reg_23_mux00001
                                                       a_reg_23
    -------------------------------------------------  ---------------------------
    Total                                      1.337ns (0.989ns logic, 0.348ns route)
                                                       (74.0% logic, 26.0% route)

--------------------------------------------------------------------------------

Paths for end point a_reg_14 (SLICE_X21Y25.F4), 1 path
--------------------------------------------------------------------------------
Slack (hold path):      1.363ns (requirement - (clock path skew + uncertainty - data path))
  Source:               a_reg_14 (FF)
  Destination:          a_reg_14 (FF)
  Requirement:          0.000ns
  Data Path Delay:      1.363ns (Levels of Logic = 1)
  Clock Path Skew:      0.000ns
  Source Clock:         clk_25_BUFGP rising at 40.000ns
  Destination Clock:    clk_25_BUFGP rising at 40.000ns
  Clock Uncertainty:    0.000ns

  Minimum Data Path: a_reg_14 to a_reg_14
    Location             Delay type         Delay(ns)  Physical Resource
                                                       Logical Resource(s)
    -------------------------------------------------  -------------------
    SLICE_X21Y25.XQ      Tcko                  0.473   a_reg<14>
                                                       a_reg_14
    SLICE_X21Y25.F4      net (fanout=5)        0.374   a_reg<14>
    SLICE_X21Y25.CLK     Tckf        (-Th)    -0.516   a_reg<14>
                                                       a_reg_14_mux00001
                                                       a_reg_14
    -------------------------------------------------  ---------------------------
    Total                                      1.363ns (0.989ns logic, 0.374ns route)
                                                       (72.6% logic, 27.4% route)

--------------------------------------------------------------------------------

Component Switching Limit Checks: TS_clk_25 = PERIOD TIMEGRP "clk_25" 40 ns HIGH 50%;
--------------------------------------------------------------------------------
Slack: 36.808ns (period - (min low pulse limit / (low pulse / period)))
  Period: 40.000ns
  Low pulse: 20.000ns
  Low pulse limit: 1.596ns (Trpw)
  Physical resource: LED_flash_cnt<0>/SR
  Logical resource: LED_flash_cnt_0/SR
  Location pin: SLICE_X27Y5.SR
  Clock network: clr_IBUF
--------------------------------------------------------------------------------
Slack: 36.808ns (period - (min high pulse limit / (high pulse / period)))
  Period: 40.000ns
  High pulse: 20.000ns
  High pulse limit: 1.596ns (Trpw)
  Physical resource: LED_flash_cnt<0>/SR
  Logical resource: LED_flash_cnt_0/SR
  Location pin: SLICE_X27Y5.SR
  Clock network: clr_IBUF
--------------------------------------------------------------------------------
Slack: 36.808ns (period - (min low pulse limit / (low pulse / period)))
  Period: 40.000ns
  Low pulse: 20.000ns
  Low pulse limit: 1.596ns (Trpw)
  Physical resource: LED_flash_cnt<0>/SR
  Logical resource: LED_flash_cnt_1/SR
  Location pin: SLICE_X27Y5.SR
  Clock network: clr_IBUF
--------------------------------------------------------------------------------


All constraints were met.


Data Sheet report:
-----------------
All values displayed in nanoseconds (ns)

Clock to Setup on destination clock clk_25
---------------+---------+---------+---------+---------+
               | Src:Rise| Src:Fall| Src:Rise| Src:Fall|
Source Clock   |Dest:Rise|Dest:Rise|Dest:Fall|Dest:Fall|
---------------+---------+---------+---------+---------+
clk_25         |   25.810|         |         |         |
---------------+---------+---------+---------+---------+


Timing summary:
---------------

Timing errors: 0  Score: 0  (Setup/Max: 0, Hold: 0)

Constraints cover 112555965 paths, 0 nets, and 2617 connections

Design statistics:
   Minimum period:  25.810ns{1}   (Maximum frequency:  38.745MHz)


------------------------------------Footnotes-----------------------------------
1)  The minimum period statistic assumes all single cycle delays.

Analysis completed Tue Apr 07 16:47:48 2015 
--------------------------------------------------------------------------------

Trace Settings:
-------------------------
Trace Settings 

Peak Memory Usage: 160 MB



