--------------------------------------------------------------------------------
Release 14.7 Trace  (nt64)
Copyright (c) 1995-2013 Xilinx, Inc.  All rights reserved.

C:\Xilinx\14.7\ISE_DS\ISE\bin\nt64\unwrapped\trce.exe
C:\SkyDrive\School\Polytechnic\EL6463_AdvancedHardwareDesign\Labs\Lab7\rc5_impl\smartxplorer_results\run5\rc5.ncd
C:\SkyDrive\School\Polytechnic\EL6463_AdvancedHardwareDesign\Labs\Lab7\rc5_impl\smartxplorer_results\run5\rc5.pcf
-xml
C:\SkyDrive\School\Polytechnic\EL6463_AdvancedHardwareDesign\Labs\Lab7\rc5_impl\smartxplorer_results\run5\rc5.twx
-v 3 -s 4 -n 3 -fastpaths -o
C:\SkyDrive\School\Polytechnic\EL6463_AdvancedHardwareDesign\Labs\Lab7\rc5_impl\smartxplorer_results\run5\rc5.twr

Design file:              rc5.ncd
Physical constraint file: rc5.pcf
Device,package,speed:     xc3s100e,cp132,-4 (PRODUCTION 1.27 2013-10-13)
Report level:             verbose report

Environment Variable      Effect 
--------------------      ------ 
NONE                      No environment variables were set
--------------------------------------------------------------------------------

INFO:Timing:3412 - To improve timing, see the Timing Closure User Guide (UG612).
INFO:Timing:2752 - To get complete path coverage, use the unconstrained paths 
   option. All paths that are not constrained will be reported in the 
   unconstrained paths section(s) of the report.
INFO:Timing:3339 - The clock-to-out numbers in this timing report are based on 
   a 50 Ohm transmission line loading model.  For the details of this model, 
   and for more information on accounting for different loading conditions, 
   please see the device datasheet.
INFO:Timing:3390 - This architecture does not support a default System Jitter 
   value, please add SYSTEM_JITTER constraint to the UCF to modify the Clock 
   Uncertainty calculation.
INFO:Timing:3389 - This architecture does not support 'Discrete Jitter' and 
   'Phase Error' calculations, these terms will be zero in the Clock 
   Uncertainty calculation.  Please make appropriate modification to 
   SYSTEM_JITTER to account for the unsupported Discrete Jitter and Phase 
   Error.

================================================================================
Timing constraint: TS_clk_25 = PERIOD TIMEGRP "clk_25" 40 ns HIGH 50%;
For more information, see Period Analysis in the Timing Closure User Guide (UG612).

 112555965 paths analyzed, 351 endpoints analyzed, 0 failing endpoints
 0 timing errors detected. (0 setup errors, 0 hold errors, 0 component switching limit errors)
 Minimum period is  25.211ns.
--------------------------------------------------------------------------------

Paths for end point b_reg_3 (SLICE_X3Y27.BX), 752289 paths
--------------------------------------------------------------------------------
Slack (setup path):     14.789ns (requirement - (data path - clock path skew + uncertainty))
  Source:               b_reg_21 (FF)
  Destination:          b_reg_3 (FF)
  Requirement:          40.000ns
  Data Path Delay:      25.190ns (Levels of Logic = 23)
  Clock Path Skew:      -0.021ns (0.025 - 0.046)
  Source Clock:         clk_25_BUFGP rising at 0.000ns
  Destination Clock:    clk_25_BUFGP rising at 40.000ns
  Clock Uncertainty:    0.000ns

  Maximum Data Path: b_reg_21 to b_reg_3
    Location             Delay type         Delay(ns)  Physical Resource
                                                       Logical Resource(s)
    -------------------------------------------------  -------------------
    SLICE_X18Y23.XQ      Tcko                  0.592   b_reg<21>
                                                       b_reg_21
    SLICE_X20Y32.F2      net (fanout=8)        1.649   b_reg<21>
    SLICE_X20Y32.X       Tilo                  0.759   ab_xor<21>
                                                       Mxor_ab_xor_Result<21>1
    SLICE_X23Y32.G2      net (fanout=2)        0.420   ab_xor<21>
    SLICE_X23Y32.X       Tif5x                 1.025   Sh22
                                                       Sh22_f5_F
                                                       Sh22_f5
    SLICE_X15Y28.F4      net (fanout=4)        1.261   Sh22
    SLICE_X15Y28.X       Tif5x                 1.025   Sh34
                                                       Sh3431_G
                                                       Sh3431
    SLICE_X16Y19.G1      net (fanout=4)        1.364   Sh34
    SLICE_X16Y19.Y       Tilo                  0.759   Sh65
                                                       Sh661
    SLICE_X17Y19.BX      net (fanout=1)        0.433   Sh66
    SLICE_X17Y19.COUT    Tbxcy                 1.095   a<2>
                                                       Madd_a_cy<2>
                                                       Madd_a_cy<3>
    SLICE_X17Y20.CIN     net (fanout=1)        0.000   Madd_a_cy<3>
    SLICE_X17Y20.COUT    Tbyp                  0.118   a<4>
                                                       Madd_a_cy<4>
                                                       Madd_a_cy<5>
    SLICE_X17Y21.CIN     net (fanout=1)        0.000   Madd_a_cy<5>
    SLICE_X17Y21.COUT    Tbyp                  0.118   a<6>
                                                       Madd_a_cy<6>
                                                       Madd_a_cy<7>
    SLICE_X17Y22.CIN     net (fanout=1)        0.000   Madd_a_cy<7>
    SLICE_X17Y22.COUT    Tbyp                  0.118   a<8>
                                                       Madd_a_cy<8>
                                                       Madd_a_cy<9>
    SLICE_X17Y23.CIN     net (fanout=1)        0.000   Madd_a_cy<9>
    SLICE_X17Y23.COUT    Tbyp                  0.118   a<10>
                                                       Madd_a_cy<10>
                                                       Madd_a_cy<11>
    SLICE_X17Y24.CIN     net (fanout=1)        0.000   Madd_a_cy<11>
    SLICE_X17Y24.COUT    Tbyp                  0.118   a<12>
                                                       Madd_a_cy<12>
                                                       Madd_a_cy<13>
    SLICE_X17Y25.CIN     net (fanout=1)        0.000   Madd_a_cy<13>
    SLICE_X17Y25.COUT    Tbyp                  0.118   a<14>
                                                       Madd_a_cy<14>
                                                       Madd_a_cy<15>
    SLICE_X17Y26.CIN     net (fanout=1)        0.000   Madd_a_cy<15>
    SLICE_X17Y26.COUT    Tbyp                  0.118   a<16>
                                                       Madd_a_cy<16>
                                                       Madd_a_cy<17>
    SLICE_X17Y27.CIN     net (fanout=1)        0.000   Madd_a_cy<17>
    SLICE_X17Y27.COUT    Tbyp                  0.118   a<18>
                                                       Madd_a_cy<18>
                                                       Madd_a_cy<19>
    SLICE_X17Y28.CIN     net (fanout=1)        0.000   Madd_a_cy<19>
    SLICE_X17Y28.COUT    Tbyp                  0.118   a<20>
                                                       Madd_a_cy<20>
                                                       Madd_a_cy<21>
    SLICE_X17Y29.CIN     net (fanout=1)        0.000   Madd_a_cy<21>
    SLICE_X17Y29.COUT    Tbyp                  0.118   a<22>
                                                       Madd_a_cy<22>
                                                       Madd_a_cy<23>
    SLICE_X17Y30.CIN     net (fanout=1)        0.000   Madd_a_cy<23>
    SLICE_X17Y30.Y       Tciny                 0.869   a<24>
                                                       Madd_a_cy<24>
                                                       Madd_a_xor<25>
    SLICE_X25Y28.F2      net (fanout=4)        1.042   a<25>
    SLICE_X25Y28.X       Tilo                  0.704   Sh1222
                                                       Sh1222
    SLICE_X24Y27.F2      net (fanout=4)        0.362   Sh1222
    SLICE_X24Y27.X       Tif5x                 1.152   Sh124
                                                       Sh1222_rt
                                                       Sh124_f5
    SLICE_X25Y17.G1      net (fanout=4)        0.852   Sh124
    SLICE_X25Y17.X       Tif5x                 1.025   Sh128
                                                       Sh12828_F
                                                       Sh12828
    SLICE_X20Y19.F2      net (fanout=3)        0.730   Sh128
    SLICE_X20Y19.X       Tilo                  0.759   b_reg<0>
                                                       Sh1601
    SLICE_X19Y11.F2      net (fanout=1)        0.916   Sh160
    SLICE_X19Y11.COUT    Topcyf                1.162   b<0>
                                                       Madd_b_lut<0>
                                                       Madd_b_cy<0>
                                                       Madd_b_cy<1>
    SLICE_X19Y12.CIN     net (fanout=1)        0.000   Madd_b_cy<1>
    SLICE_X19Y12.Y       Tciny                 0.869   b<2>
                                                       Madd_b_cy<2>
                                                       Madd_b_xor<3>
    SLICE_X2Y27.G3       net (fanout=1)        1.686   b<3>
    SLICE_X2Y27.Y        Tilo                  0.759   b_reg_3_1
                                                       b_reg_3_mux000038
    SLICE_X3Y27.BX       net (fanout=1)        0.433   b_reg_3_mux0000
    SLICE_X3Y27.CLK      Tdick                 0.308   b_reg<3>
                                                       b_reg_3
    -------------------------------------------------  ---------------------------
    Total                                     25.190ns (14.042ns logic, 11.148ns route)
                                                       (55.7% logic, 44.3% route)

--------------------------------------------------------------------------------
Slack (setup path):     14.809ns (requirement - (data path - clock path skew + uncertainty))
  Source:               b_reg_21 (FF)
  Destination:          b_reg_3 (FF)
  Requirement:          40.000ns
  Data Path Delay:      25.170ns (Levels of Logic = 26)
  Clock Path Skew:      -0.021ns (0.025 - 0.046)
  Source Clock:         clk_25_BUFGP rising at 0.000ns
  Destination Clock:    clk_25_BUFGP rising at 40.000ns
  Clock Uncertainty:    0.000ns

  Maximum Data Path: b_reg_21 to b_reg_3
    Location             Delay type         Delay(ns)  Physical Resource
                                                       Logical Resource(s)
    -------------------------------------------------  -------------------
    SLICE_X18Y23.XQ      Tcko                  0.592   b_reg<21>
                                                       b_reg_21
    SLICE_X20Y32.F2      net (fanout=8)        1.649   b_reg<21>
    SLICE_X20Y32.X       Tilo                  0.759   ab_xor<21>
                                                       Mxor_ab_xor_Result<21>1
    SLICE_X23Y32.G2      net (fanout=2)        0.420   ab_xor<21>
    SLICE_X23Y32.X       Tif5x                 1.025   Sh22
                                                       Sh22_f5_F
                                                       Sh22_f5
    SLICE_X15Y28.F4      net (fanout=4)        1.261   Sh22
    SLICE_X15Y28.X       Tif5x                 1.025   Sh34
                                                       Sh3431_G
                                                       Sh3431
    SLICE_X16Y19.G1      net (fanout=4)        1.364   Sh34
    SLICE_X16Y19.Y       Tilo                  0.759   Sh65
                                                       Sh661
    SLICE_X17Y19.BX      net (fanout=1)        0.433   Sh66
    SLICE_X17Y19.COUT    Tbxcy                 1.095   a<2>
                                                       Madd_a_cy<2>
                                                       Madd_a_cy<3>
    SLICE_X17Y20.CIN     net (fanout=1)        0.000   Madd_a_cy<3>
    SLICE_X17Y20.COUT    Tbyp                  0.118   a<4>
                                                       Madd_a_cy<4>
                                                       Madd_a_cy<5>
    SLICE_X17Y21.CIN     net (fanout=1)        0.000   Madd_a_cy<5>
    SLICE_X17Y21.COUT    Tbyp                  0.118   a<6>
                                                       Madd_a_cy<6>
                                                       Madd_a_cy<7>
    SLICE_X17Y22.CIN     net (fanout=1)        0.000   Madd_a_cy<7>
    SLICE_X17Y22.COUT    Tbyp                  0.118   a<8>
                                                       Madd_a_cy<8>
                                                       Madd_a_cy<9>
    SLICE_X17Y23.CIN     net (fanout=1)        0.000   Madd_a_cy<9>
    SLICE_X17Y23.COUT    Tbyp                  0.118   a<10>
                                                       Madd_a_cy<10>
                                                       Madd_a_cy<11>
    SLICE_X17Y24.CIN     net (fanout=1)        0.000   Madd_a_cy<11>
    SLICE_X17Y24.COUT    Tbyp                  0.118   a<12>
                                                       Madd_a_cy<12>
                                                       Madd_a_cy<13>
    SLICE_X17Y25.CIN     net (fanout=1)        0.000   Madd_a_cy<13>
    SLICE_X17Y25.COUT    Tbyp                  0.118   a<14>
                                                       Madd_a_cy<14>
                                                       Madd_a_cy<15>
    SLICE_X17Y26.CIN     net (fanout=1)        0.000   Madd_a_cy<15>
    SLICE_X17Y26.COUT    Tbyp                  0.118   a<16>
                                                       Madd_a_cy<16>
                                                       Madd_a_cy<17>
    SLICE_X17Y27.CIN     net (fanout=1)        0.000   Madd_a_cy<17>
    SLICE_X17Y27.COUT    Tbyp                  0.118   a<18>
                                                       Madd_a_cy<18>
                                                       Madd_a_cy<19>
    SLICE_X17Y28.CIN     net (fanout=1)        0.000   Madd_a_cy<19>
    SLICE_X17Y28.COUT    Tbyp                  0.118   a<20>
                                                       Madd_a_cy<20>
                                                       Madd_a_cy<21>
    SLICE_X17Y29.CIN     net (fanout=1)        0.000   Madd_a_cy<21>
    SLICE_X17Y29.COUT    Tbyp                  0.118   a<22>
                                                       Madd_a_cy<22>
                                                       Madd_a_cy<23>
    SLICE_X17Y30.CIN     net (fanout=1)        0.000   Madd_a_cy<23>
    SLICE_X17Y30.COUT    Tbyp                  0.118   a<24>
                                                       Madd_a_cy<24>
                                                       Madd_a_cy<25>
    SLICE_X17Y31.CIN     net (fanout=1)        0.000   Madd_a_cy<25>
    SLICE_X17Y31.COUT    Tbyp                  0.118   a<26>
                                                       Madd_a_cy<26>
                                                       Madd_a_cy<27>
    SLICE_X17Y32.CIN     net (fanout=1)        0.000   Madd_a_cy<27>
    SLICE_X17Y32.COUT    Tbyp                  0.118   a<28>
                                                       Madd_a_cy<28>
                                                       Madd_a_cy<29>
    SLICE_X17Y33.CIN     net (fanout=1)        0.000   Madd_a_cy<29>
    SLICE_X17Y33.X       Tcinx                 0.462   a<30>
                                                       Madd_a_xor<30>
    SLICE_X20Y30.F3      net (fanout=4)        1.225   a<30>
    SLICE_X20Y30.X       Tilo                  0.759   Sh1262
                                                       Sh1262
    SLICE_X24Y16.F3      net (fanout=4)        0.939   Sh1262
    SLICE_X24Y16.X       Tif5x                 1.152   Sh96
                                                       Sh1262_rt
                                                       Sh96_f5
    SLICE_X25Y17.G4      net (fanout=4)        0.070   Sh96
    SLICE_X25Y17.X       Tif5x                 1.025   Sh128
                                                       Sh12828_F
                                                       Sh12828
    SLICE_X20Y19.F2      net (fanout=3)        0.730   Sh128
    SLICE_X20Y19.X       Tilo                  0.759   b_reg<0>
                                                       Sh1601
    SLICE_X19Y11.F2      net (fanout=1)        0.916   Sh160
    SLICE_X19Y11.COUT    Topcyf                1.162   b<0>
                                                       Madd_b_lut<0>
                                                       Madd_b_cy<0>
                                                       Madd_b_cy<1>
    SLICE_X19Y12.CIN     net (fanout=1)        0.000   Madd_b_cy<1>
    SLICE_X19Y12.Y       Tciny                 0.869   b<2>
                                                       Madd_b_cy<2>
                                                       Madd_b_xor<3>
    SLICE_X2Y27.G3       net (fanout=1)        1.686   b<3>
    SLICE_X2Y27.Y        Tilo                  0.759   b_reg_3_1
                                                       b_reg_3_mux000038
    SLICE_X3Y27.BX       net (fanout=1)        0.433   b_reg_3_mux0000
    SLICE_X3Y27.CLK      Tdick                 0.308   b_reg<3>
                                                       b_reg_3
    -------------------------------------------------  ---------------------------
    Total                                     25.170ns (14.044ns logic, 11.126ns route)
                                                       (55.8% logic, 44.2% route)

--------------------------------------------------------------------------------
Slack (setup path):     14.821ns (requirement - (data path - clock path skew + uncertainty))
  Source:               b_reg_21 (FF)
  Destination:          b_reg_3 (FF)
  Requirement:          40.000ns
  Data Path Delay:      25.158ns (Levels of Logic = 17)
  Clock Path Skew:      -0.021ns (0.025 - 0.046)
  Source Clock:         clk_25_BUFGP rising at 0.000ns
  Destination Clock:    clk_25_BUFGP rising at 40.000ns
  Clock Uncertainty:    0.000ns

  Maximum Data Path: b_reg_21 to b_reg_3
    Location             Delay type         Delay(ns)  Physical Resource
                                                       Logical Resource(s)
    -------------------------------------------------  -------------------
    SLICE_X18Y23.XQ      Tcko                  0.592   b_reg<21>
                                                       b_reg_21
    SLICE_X20Y32.F2      net (fanout=8)        1.649   b_reg<21>
    SLICE_X20Y32.X       Tilo                  0.759   ab_xor<21>
                                                       Mxor_ab_xor_Result<21>1
    SLICE_X23Y32.G2      net (fanout=2)        0.420   ab_xor<21>
    SLICE_X23Y32.X       Tif5x                 1.025   Sh22
                                                       Sh22_f5_F
                                                       Sh22_f5
    SLICE_X15Y28.F4      net (fanout=4)        1.261   Sh22
    SLICE_X15Y28.X       Tif5x                 1.025   Sh34
                                                       Sh3431_G
                                                       Sh3431
    SLICE_X16Y19.G1      net (fanout=4)        1.364   Sh34
    SLICE_X16Y19.Y       Tilo                  0.759   Sh65
                                                       Sh661
    SLICE_X17Y19.BX      net (fanout=1)        0.433   Sh66
    SLICE_X17Y19.COUT    Tbxcy                 1.095   a<2>
                                                       Madd_a_cy<2>
                                                       Madd_a_cy<3>
    SLICE_X17Y20.CIN     net (fanout=1)        0.000   Madd_a_cy<3>
    SLICE_X17Y20.COUT    Tbyp                  0.118   a<4>
                                                       Madd_a_cy<4>
                                                       Madd_a_cy<5>
    SLICE_X17Y21.CIN     net (fanout=1)        0.000   Madd_a_cy<5>
    SLICE_X17Y21.COUT    Tbyp                  0.118   a<6>
                                                       Madd_a_cy<6>
                                                       Madd_a_cy<7>
    SLICE_X17Y22.CIN     net (fanout=1)        0.000   Madd_a_cy<7>
    SLICE_X17Y22.COUT    Tbyp                  0.118   a<8>
                                                       Madd_a_cy<8>
                                                       Madd_a_cy<9>
    SLICE_X17Y23.CIN     net (fanout=1)        0.000   Madd_a_cy<9>
    SLICE_X17Y23.COUT    Tbyp                  0.118   a<10>
                                                       Madd_a_cy<10>
                                                       Madd_a_cy<11>
    SLICE_X17Y24.CIN     net (fanout=1)        0.000   Madd_a_cy<11>
    SLICE_X17Y24.Y       Tciny                 0.869   a<12>
                                                       Madd_a_cy<12>
                                                       Madd_a_xor<13>
    SLICE_X22Y20.F1      net (fanout=3)        1.311   a<13>
    SLICE_X22Y20.X       Tilo                  0.759   Sh1102
                                                       Sh1102
    SLICE_X27Y18.F3      net (fanout=5)        0.756   Sh1102
    SLICE_X27Y18.X       Tif5x                 1.025   Sh112
                                                       Sh1102_rt
                                                       Sh112_f5
    SLICE_X24Y12.G1      net (fanout=3)        0.713   Sh112
    SLICE_X24Y12.X       Tif5x                 1.152   Sh144
                                                       Sh14431_F
                                                       Sh14431
    SLICE_X20Y19.F4      net (fanout=3)        0.827   Sh144
    SLICE_X20Y19.X       Tilo                  0.759   b_reg<0>
                                                       Sh1601
    SLICE_X19Y11.F2      net (fanout=1)        0.916   Sh160
    SLICE_X19Y11.COUT    Topcyf                1.162   b<0>
                                                       Madd_b_lut<0>
                                                       Madd_b_cy<0>
                                                       Madd_b_cy<1>
    SLICE_X19Y12.CIN     net (fanout=1)        0.000   Madd_b_cy<1>
    SLICE_X19Y12.Y       Tciny                 0.869   b<2>
                                                       Madd_b_cy<2>
                                                       Madd_b_xor<3>
    SLICE_X2Y27.G3       net (fanout=1)        1.686   b<3>
    SLICE_X2Y27.Y        Tilo                  0.759   b_reg_3_1
                                                       b_reg_3_mux000038
    SLICE_X3Y27.BX       net (fanout=1)        0.433   b_reg_3_mux0000
    SLICE_X3Y27.CLK      Tdick                 0.308   b_reg<3>
                                                       b_reg_3
    -------------------------------------------------  ---------------------------
    Total                                     25.158ns (13.389ns logic, 11.769ns route)
                                                       (53.2% logic, 46.8% route)

--------------------------------------------------------------------------------

Paths for end point b_reg_29 (SLICE_X18Y27.F1), 6328319 paths
--------------------------------------------------------------------------------
Slack (setup path):     15.159ns (requirement - (data path - clock path skew + uncertainty))
  Source:               b_reg_21 (FF)
  Destination:          b_reg_29 (FF)
  Requirement:          40.000ns
  Data Path Delay:      24.839ns (Levels of Logic = 36)
  Clock Path Skew:      -0.002ns (0.004 - 0.006)
  Source Clock:         clk_25_BUFGP rising at 0.000ns
  Destination Clock:    clk_25_BUFGP rising at 40.000ns
  Clock Uncertainty:    0.000ns

  Maximum Data Path: b_reg_21 to b_reg_29
    Location             Delay type         Delay(ns)  Physical Resource
                                                       Logical Resource(s)
    -------------------------------------------------  -------------------
    SLICE_X18Y23.XQ      Tcko                  0.592   b_reg<21>
                                                       b_reg_21
    SLICE_X20Y32.F2      net (fanout=8)        1.649   b_reg<21>
    SLICE_X20Y32.X       Tilo                  0.759   ab_xor<21>
                                                       Mxor_ab_xor_Result<21>1
    SLICE_X23Y32.G2      net (fanout=2)        0.420   ab_xor<21>
    SLICE_X23Y32.X       Tif5x                 1.025   Sh22
                                                       Sh22_f5_F
                                                       Sh22_f5
    SLICE_X15Y28.F4      net (fanout=4)        1.261   Sh22
    SLICE_X15Y28.X       Tif5x                 1.025   Sh34
                                                       Sh3431_G
                                                       Sh3431
    SLICE_X16Y19.G1      net (fanout=4)        1.364   Sh34
    SLICE_X16Y19.Y       Tilo                  0.759   Sh65
                                                       Sh661
    SLICE_X17Y19.BX      net (fanout=1)        0.433   Sh66
    SLICE_X17Y19.COUT    Tbxcy                 1.095   a<2>
                                                       Madd_a_cy<2>
                                                       Madd_a_cy<3>
    SLICE_X17Y20.CIN     net (fanout=1)        0.000   Madd_a_cy<3>
    SLICE_X17Y20.COUT    Tbyp                  0.118   a<4>
                                                       Madd_a_cy<4>
                                                       Madd_a_cy<5>
    SLICE_X17Y21.CIN     net (fanout=1)        0.000   Madd_a_cy<5>
    SLICE_X17Y21.COUT    Tbyp                  0.118   a<6>
                                                       Madd_a_cy<6>
                                                       Madd_a_cy<7>
    SLICE_X17Y22.CIN     net (fanout=1)        0.000   Madd_a_cy<7>
    SLICE_X17Y22.COUT    Tbyp                  0.118   a<8>
                                                       Madd_a_cy<8>
                                                       Madd_a_cy<9>
    SLICE_X17Y23.CIN     net (fanout=1)        0.000   Madd_a_cy<9>
    SLICE_X17Y23.COUT    Tbyp                  0.118   a<10>
                                                       Madd_a_cy<10>
                                                       Madd_a_cy<11>
    SLICE_X17Y24.CIN     net (fanout=1)        0.000   Madd_a_cy<11>
    SLICE_X17Y24.COUT    Tbyp                  0.118   a<12>
                                                       Madd_a_cy<12>
                                                       Madd_a_cy<13>
    SLICE_X17Y25.CIN     net (fanout=1)        0.000   Madd_a_cy<13>
    SLICE_X17Y25.COUT    Tbyp                  0.118   a<14>
                                                       Madd_a_cy<14>
                                                       Madd_a_cy<15>
    SLICE_X17Y26.CIN     net (fanout=1)        0.000   Madd_a_cy<15>
    SLICE_X17Y26.COUT    Tbyp                  0.118   a<16>
                                                       Madd_a_cy<16>
                                                       Madd_a_cy<17>
    SLICE_X17Y27.CIN     net (fanout=1)        0.000   Madd_a_cy<17>
    SLICE_X17Y27.COUT    Tbyp                  0.118   a<18>
                                                       Madd_a_cy<18>
                                                       Madd_a_cy<19>
    SLICE_X17Y28.CIN     net (fanout=1)        0.000   Madd_a_cy<19>
    SLICE_X17Y28.COUT    Tbyp                  0.118   a<20>
                                                       Madd_a_cy<20>
                                                       Madd_a_cy<21>
    SLICE_X17Y29.CIN     net (fanout=1)        0.000   Madd_a_cy<21>
    SLICE_X17Y29.COUT    Tbyp                  0.118   a<22>
                                                       Madd_a_cy<22>
                                                       Madd_a_cy<23>
    SLICE_X17Y30.CIN     net (fanout=1)        0.000   Madd_a_cy<23>
    SLICE_X17Y30.Y       Tciny                 0.869   a<24>
                                                       Madd_a_cy<24>
                                                       Madd_a_xor<25>
    SLICE_X25Y28.F2      net (fanout=4)        1.042   a<25>
    SLICE_X25Y28.X       Tilo                  0.704   Sh1222
                                                       Sh1222
    SLICE_X24Y27.F2      net (fanout=4)        0.362   Sh1222
    SLICE_X24Y27.X       Tif5x                 1.152   Sh124
                                                       Sh1222_rt
                                                       Sh124_f5
    SLICE_X25Y17.G1      net (fanout=4)        0.852   Sh124
    SLICE_X25Y17.X       Tif5x                 1.025   Sh128
                                                       Sh12828_F
                                                       Sh12828
    SLICE_X20Y19.F2      net (fanout=3)        0.730   Sh128
    SLICE_X20Y19.X       Tilo                  0.759   b_reg<0>
                                                       Sh1601
    SLICE_X19Y11.F2      net (fanout=1)        0.916   Sh160
    SLICE_X19Y11.COUT    Topcyf                1.162   b<0>
                                                       Madd_b_lut<0>
                                                       Madd_b_cy<0>
                                                       Madd_b_cy<1>
    SLICE_X19Y12.CIN     net (fanout=1)        0.000   Madd_b_cy<1>
    SLICE_X19Y12.COUT    Tbyp                  0.118   b<2>
                                                       Madd_b_cy<2>
                                                       Madd_b_cy<3>
    SLICE_X19Y13.CIN     net (fanout=1)        0.000   Madd_b_cy<3>
    SLICE_X19Y13.COUT    Tbyp                  0.118   b<4>
                                                       Madd_b_cy<4>
                                                       Madd_b_cy<5>
    SLICE_X19Y14.CIN     net (fanout=1)        0.000   Madd_b_cy<5>
    SLICE_X19Y14.COUT    Tbyp                  0.118   b<6>
                                                       Madd_b_cy<6>
                                                       Madd_b_cy<7>
    SLICE_X19Y15.CIN     net (fanout=1)        0.000   Madd_b_cy<7>
    SLICE_X19Y15.COUT    Tbyp                  0.118   b<8>
                                                       Madd_b_cy<8>
                                                       Madd_b_cy<9>
    SLICE_X19Y16.CIN     net (fanout=1)        0.000   Madd_b_cy<9>
    SLICE_X19Y16.COUT    Tbyp                  0.118   b<10>
                                                       Madd_b_cy<10>
                                                       Madd_b_cy<11>
    SLICE_X19Y17.CIN     net (fanout=1)        0.000   Madd_b_cy<11>
    SLICE_X19Y17.COUT    Tbyp                  0.118   b<12>
                                                       Madd_b_cy<12>
                                                       Madd_b_cy<13>
    SLICE_X19Y18.CIN     net (fanout=1)        0.000   Madd_b_cy<13>
    SLICE_X19Y18.COUT    Tbyp                  0.118   b<14>
                                                       Madd_b_cy<14>
                                                       Madd_b_cy<15>
    SLICE_X19Y19.CIN     net (fanout=1)        0.000   Madd_b_cy<15>
    SLICE_X19Y19.COUT    Tbyp                  0.118   b<16>
                                                       Madd_b_cy<16>
                                                       Madd_b_cy<17>
    SLICE_X19Y20.CIN     net (fanout=1)        0.000   Madd_b_cy<17>
    SLICE_X19Y20.COUT    Tbyp                  0.118   b<18>
                                                       Madd_b_cy<18>
                                                       Madd_b_cy<19>
    SLICE_X19Y21.CIN     net (fanout=1)        0.000   Madd_b_cy<19>
    SLICE_X19Y21.COUT    Tbyp                  0.118   b<20>
                                                       Madd_b_cy<20>
                                                       Madd_b_cy<21>
    SLICE_X19Y22.CIN     net (fanout=1)        0.000   Madd_b_cy<21>
    SLICE_X19Y22.COUT    Tbyp                  0.118   b<22>
                                                       Madd_b_cy<22>
                                                       Madd_b_cy<23>
    SLICE_X19Y23.CIN     net (fanout=1)        0.000   Madd_b_cy<23>
    SLICE_X19Y23.COUT    Tbyp                  0.118   b<24>
                                                       Madd_b_cy<24>
                                                       Madd_b_cy<25>
    SLICE_X19Y24.CIN     net (fanout=1)        0.000   Madd_b_cy<25>
    SLICE_X19Y24.COUT    Tbyp                  0.118   b<26>
                                                       Madd_b_cy<26>
                                                       Madd_b_cy<27>
    SLICE_X19Y25.CIN     net (fanout=1)        0.000   Madd_b_cy<27>
    SLICE_X19Y25.Y       Tciny                 0.869   b<28>
                                                       Madd_b_cy<28>
                                                       Madd_b_xor<29>
    SLICE_X18Y27.F1      net (fanout=1)        0.409   b<29>
    SLICE_X18Y27.CLK     Tfck                  0.892   b_reg<29>
                                                       b_reg_29_mux00001
                                                       b_reg_29
    -------------------------------------------------  ---------------------------
    Total                                     24.839ns (15.401ns logic, 9.438ns route)
                                                       (62.0% logic, 38.0% route)

--------------------------------------------------------------------------------
Slack (setup path):     15.170ns (requirement - (data path - clock path skew + uncertainty))
  Source:               b_reg_21 (FF)
  Destination:          b_reg_29 (FF)
  Requirement:          40.000ns
  Data Path Delay:      24.828ns (Levels of Logic = 37)
  Clock Path Skew:      -0.002ns (0.004 - 0.006)
  Source Clock:         clk_25_BUFGP rising at 0.000ns
  Destination Clock:    clk_25_BUFGP rising at 40.000ns
  Clock Uncertainty:    0.000ns

  Maximum Data Path: b_reg_21 to b_reg_29
    Location             Delay type         Delay(ns)  Physical Resource
                                                       Logical Resource(s)
    -------------------------------------------------  -------------------
    SLICE_X18Y23.XQ      Tcko                  0.592   b_reg<21>
                                                       b_reg_21
    SLICE_X20Y32.F2      net (fanout=8)        1.649   b_reg<21>
    SLICE_X20Y32.X       Tilo                  0.759   ab_xor<21>
                                                       Mxor_ab_xor_Result<21>1
    SLICE_X23Y32.G2      net (fanout=2)        0.420   ab_xor<21>
    SLICE_X23Y32.X       Tif5x                 1.025   Sh22
                                                       Sh22_f5_F
                                                       Sh22_f5
    SLICE_X15Y28.F4      net (fanout=4)        1.261   Sh22
    SLICE_X15Y28.X       Tif5x                 1.025   Sh34
                                                       Sh3431_G
                                                       Sh3431
    SLICE_X16Y19.G1      net (fanout=4)        1.364   Sh34
    SLICE_X16Y19.Y       Tilo                  0.759   Sh65
                                                       Sh661
    SLICE_X17Y19.BX      net (fanout=1)        0.433   Sh66
    SLICE_X17Y19.COUT    Tbxcy                 1.095   a<2>
                                                       Madd_a_cy<2>
                                                       Madd_a_cy<3>
    SLICE_X17Y20.CIN     net (fanout=1)        0.000   Madd_a_cy<3>
    SLICE_X17Y20.COUT    Tbyp                  0.118   a<4>
                                                       Madd_a_cy<4>
                                                       Madd_a_cy<5>
    SLICE_X17Y21.CIN     net (fanout=1)        0.000   Madd_a_cy<5>
    SLICE_X17Y21.COUT    Tbyp                  0.118   a<6>
                                                       Madd_a_cy<6>
                                                       Madd_a_cy<7>
    SLICE_X17Y22.CIN     net (fanout=1)        0.000   Madd_a_cy<7>
    SLICE_X17Y22.COUT    Tbyp                  0.118   a<8>
                                                       Madd_a_cy<8>
                                                       Madd_a_cy<9>
    SLICE_X17Y23.CIN     net (fanout=1)        0.000   Madd_a_cy<9>
    SLICE_X17Y23.COUT    Tbyp                  0.118   a<10>
                                                       Madd_a_cy<10>
                                                       Madd_a_cy<11>
    SLICE_X17Y24.CIN     net (fanout=1)        0.000   Madd_a_cy<11>
    SLICE_X17Y24.COUT    Tbyp                  0.118   a<12>
                                                       Madd_a_cy<12>
                                                       Madd_a_cy<13>
    SLICE_X17Y25.CIN     net (fanout=1)        0.000   Madd_a_cy<13>
    SLICE_X17Y25.COUT    Tbyp                  0.118   a<14>
                                                       Madd_a_cy<14>
                                                       Madd_a_cy<15>
    SLICE_X17Y26.CIN     net (fanout=1)        0.000   Madd_a_cy<15>
    SLICE_X17Y26.COUT    Tbyp                  0.118   a<16>
                                                       Madd_a_cy<16>
                                                       Madd_a_cy<17>
    SLICE_X17Y27.CIN     net (fanout=1)        0.000   Madd_a_cy<17>
    SLICE_X17Y27.COUT    Tbyp                  0.118   a<18>
                                                       Madd_a_cy<18>
                                                       Madd_a_cy<19>
    SLICE_X17Y28.CIN     net (fanout=1)        0.000   Madd_a_cy<19>
    SLICE_X17Y28.COUT    Tbyp                  0.118   a<20>
                                                       Madd_a_cy<20>
                                                       Madd_a_cy<21>
    SLICE_X17Y29.CIN     net (fanout=1)        0.000   Madd_a_cy<21>
    SLICE_X17Y29.COUT    Tbyp                  0.118   a<22>
                                                       Madd_a_cy<22>
                                                       Madd_a_cy<23>
    SLICE_X17Y30.CIN     net (fanout=1)        0.000   Madd_a_cy<23>
    SLICE_X17Y30.COUT    Tbyp                  0.118   a<24>
                                                       Madd_a_cy<24>
                                                       Madd_a_cy<25>
    SLICE_X17Y31.CIN     net (fanout=1)        0.000   Madd_a_cy<25>
    SLICE_X17Y31.COUT    Tbyp                  0.118   a<26>
                                                       Madd_a_cy<26>
                                                       Madd_a_cy<27>
    SLICE_X17Y32.CIN     net (fanout=1)        0.000   Madd_a_cy<27>
    SLICE_X17Y32.COUT    Tbyp                  0.118   a<28>
                                                       Madd_a_cy<28>
                                                       Madd_a_cy<29>
    SLICE_X17Y33.CIN     net (fanout=1)        0.000   Madd_a_cy<29>
    SLICE_X17Y33.Y       Tciny                 0.869   a<30>
                                                       Madd_a_cy<30>
                                                       Madd_a_xor<31>
    SLICE_X23Y24.G2      net (fanout=5)        1.262   a<31>
    SLICE_X23Y24.Y       Tilo                  0.704   Sh1313
                                                       Sh1272
    SLICE_X24Y24.F2      net (fanout=2)        0.419   Sh1272
    SLICE_X24Y24.X       Tif5x                 1.152   Sh97
                                                       Sh1272_rt
                                                       Sh97_f5
    SLICE_X23Y21.G2      net (fanout=4)        0.968   Sh97
    SLICE_X23Y21.X       Tif5x                 1.025   Sh133
                                                       Sh133322
                                                       Sh13332_f5
    SLICE_X18Y15.F2      net (fanout=4)        0.874   Sh133
    SLICE_X18Y15.X       Tilo                  0.759   Sh165
                                                       Sh1651
    SLICE_X19Y13.BY      net (fanout=1)        0.440   Sh165
    SLICE_X19Y13.COUT    Tbycy                 0.972   b<4>
                                                       Madd_b_cy<5>
    SLICE_X19Y14.CIN     net (fanout=1)        0.000   Madd_b_cy<5>
    SLICE_X19Y14.COUT    Tbyp                  0.118   b<6>
                                                       Madd_b_cy<6>
                                                       Madd_b_cy<7>
    SLICE_X19Y15.CIN     net (fanout=1)        0.000   Madd_b_cy<7>
    SLICE_X19Y15.COUT    Tbyp                  0.118   b<8>
                                                       Madd_b_cy<8>
                                                       Madd_b_cy<9>
    SLICE_X19Y16.CIN     net (fanout=1)        0.000   Madd_b_cy<9>
    SLICE_X19Y16.COUT    Tbyp                  0.118   b<10>
                                                       Madd_b_cy<10>
                                                       Madd_b_cy<11>
    SLICE_X19Y17.CIN     net (fanout=1)        0.000   Madd_b_cy<11>
    SLICE_X19Y17.COUT    Tbyp                  0.118   b<12>
                                                       Madd_b_cy<12>
                                                       Madd_b_cy<13>
    SLICE_X19Y18.CIN     net (fanout=1)        0.000   Madd_b_cy<13>
    SLICE_X19Y18.COUT    Tbyp                  0.118   b<14>
                                                       Madd_b_cy<14>
                                                       Madd_b_cy<15>
    SLICE_X19Y19.CIN     net (fanout=1)        0.000   Madd_b_cy<15>
    SLICE_X19Y19.COUT    Tbyp                  0.118   b<16>
                                                       Madd_b_cy<16>
                                                       Madd_b_cy<17>
    SLICE_X19Y20.CIN     net (fanout=1)        0.000   Madd_b_cy<17>
    SLICE_X19Y20.COUT    Tbyp                  0.118   b<18>
                                                       Madd_b_cy<18>
                                                       Madd_b_cy<19>
    SLICE_X19Y21.CIN     net (fanout=1)        0.000   Madd_b_cy<19>
    SLICE_X19Y21.COUT    Tbyp                  0.118   b<20>
                                                       Madd_b_cy<20>
                                                       Madd_b_cy<21>
    SLICE_X19Y22.CIN     net (fanout=1)        0.000   Madd_b_cy<21>
    SLICE_X19Y22.COUT    Tbyp                  0.118   b<22>
                                                       Madd_b_cy<22>
                                                       Madd_b_cy<23>
    SLICE_X19Y23.CIN     net (fanout=1)        0.000   Madd_b_cy<23>
    SLICE_X19Y23.COUT    Tbyp                  0.118   b<24>
                                                       Madd_b_cy<24>
                                                       Madd_b_cy<25>
    SLICE_X19Y24.CIN     net (fanout=1)        0.000   Madd_b_cy<25>
    SLICE_X19Y24.COUT    Tbyp                  0.118   b<26>
                                                       Madd_b_cy<26>
                                                       Madd_b_cy<27>
    SLICE_X19Y25.CIN     net (fanout=1)        0.000   Madd_b_cy<27>
    SLICE_X19Y25.Y       Tciny                 0.869   b<28>
                                                       Madd_b_cy<28>
                                                       Madd_b_xor<29>
    SLICE_X18Y27.F1      net (fanout=1)        0.409   b<29>
    SLICE_X18Y27.CLK     Tfck                  0.892   b_reg<29>
                                                       b_reg_29_mux00001
                                                       b_reg_29
    -------------------------------------------------  ---------------------------
    Total                                     24.828ns (15.329ns logic, 9.499ns route)
                                                       (61.7% logic, 38.3% route)

--------------------------------------------------------------------------------
Slack (setup path):     15.179ns (requirement - (data path - clock path skew + uncertainty))
  Source:               b_reg_21 (FF)
  Destination:          b_reg_29 (FF)
  Requirement:          40.000ns
  Data Path Delay:      24.819ns (Levels of Logic = 39)
  Clock Path Skew:      -0.002ns (0.004 - 0.006)
  Source Clock:         clk_25_BUFGP rising at 0.000ns
  Destination Clock:    clk_25_BUFGP rising at 40.000ns
  Clock Uncertainty:    0.000ns

  Maximum Data Path: b_reg_21 to b_reg_29
    Location             Delay type         Delay(ns)  Physical Resource
                                                       Logical Resource(s)
    -------------------------------------------------  -------------------
    SLICE_X18Y23.XQ      Tcko                  0.592   b_reg<21>
                                                       b_reg_21
    SLICE_X20Y32.F2      net (fanout=8)        1.649   b_reg<21>
    SLICE_X20Y32.X       Tilo                  0.759   ab_xor<21>
                                                       Mxor_ab_xor_Result<21>1
    SLICE_X23Y32.G2      net (fanout=2)        0.420   ab_xor<21>
    SLICE_X23Y32.X       Tif5x                 1.025   Sh22
                                                       Sh22_f5_F
                                                       Sh22_f5
    SLICE_X15Y28.F4      net (fanout=4)        1.261   Sh22
    SLICE_X15Y28.X       Tif5x                 1.025   Sh34
                                                       Sh3431_G
                                                       Sh3431
    SLICE_X16Y19.G1      net (fanout=4)        1.364   Sh34
    SLICE_X16Y19.Y       Tilo                  0.759   Sh65
                                                       Sh661
    SLICE_X17Y19.BX      net (fanout=1)        0.433   Sh66
    SLICE_X17Y19.COUT    Tbxcy                 1.095   a<2>
                                                       Madd_a_cy<2>
                                                       Madd_a_cy<3>
    SLICE_X17Y20.CIN     net (fanout=1)        0.000   Madd_a_cy<3>
    SLICE_X17Y20.COUT    Tbyp                  0.118   a<4>
                                                       Madd_a_cy<4>
                                                       Madd_a_cy<5>
    SLICE_X17Y21.CIN     net (fanout=1)        0.000   Madd_a_cy<5>
    SLICE_X17Y21.COUT    Tbyp                  0.118   a<6>
                                                       Madd_a_cy<6>
                                                       Madd_a_cy<7>
    SLICE_X17Y22.CIN     net (fanout=1)        0.000   Madd_a_cy<7>
    SLICE_X17Y22.COUT    Tbyp                  0.118   a<8>
                                                       Madd_a_cy<8>
                                                       Madd_a_cy<9>
    SLICE_X17Y23.CIN     net (fanout=1)        0.000   Madd_a_cy<9>
    SLICE_X17Y23.COUT    Tbyp                  0.118   a<10>
                                                       Madd_a_cy<10>
                                                       Madd_a_cy<11>
    SLICE_X17Y24.CIN     net (fanout=1)        0.000   Madd_a_cy<11>
    SLICE_X17Y24.COUT    Tbyp                  0.118   a<12>
                                                       Madd_a_cy<12>
                                                       Madd_a_cy<13>
    SLICE_X17Y25.CIN     net (fanout=1)        0.000   Madd_a_cy<13>
    SLICE_X17Y25.COUT    Tbyp                  0.118   a<14>
                                                       Madd_a_cy<14>
                                                       Madd_a_cy<15>
    SLICE_X17Y26.CIN     net (fanout=1)        0.000   Madd_a_cy<15>
    SLICE_X17Y26.COUT    Tbyp                  0.118   a<16>
                                                       Madd_a_cy<16>
                                                       Madd_a_cy<17>
    SLICE_X17Y27.CIN     net (fanout=1)        0.000   Madd_a_cy<17>
    SLICE_X17Y27.COUT    Tbyp                  0.118   a<18>
                                                       Madd_a_cy<18>
                                                       Madd_a_cy<19>
    SLICE_X17Y28.CIN     net (fanout=1)        0.000   Madd_a_cy<19>
    SLICE_X17Y28.COUT    Tbyp                  0.118   a<20>
                                                       Madd_a_cy<20>
                                                       Madd_a_cy<21>
    SLICE_X17Y29.CIN     net (fanout=1)        0.000   Madd_a_cy<21>
    SLICE_X17Y29.COUT    Tbyp                  0.118   a<22>
                                                       Madd_a_cy<22>
                                                       Madd_a_cy<23>
    SLICE_X17Y30.CIN     net (fanout=1)        0.000   Madd_a_cy<23>
    SLICE_X17Y30.COUT    Tbyp                  0.118   a<24>
                                                       Madd_a_cy<24>
                                                       Madd_a_cy<25>
    SLICE_X17Y31.CIN     net (fanout=1)        0.000   Madd_a_cy<25>
    SLICE_X17Y31.COUT    Tbyp                  0.118   a<26>
                                                       Madd_a_cy<26>
                                                       Madd_a_cy<27>
    SLICE_X17Y32.CIN     net (fanout=1)        0.000   Madd_a_cy<27>
    SLICE_X17Y32.COUT    Tbyp                  0.118   a<28>
                                                       Madd_a_cy<28>
                                                       Madd_a_cy<29>
    SLICE_X17Y33.CIN     net (fanout=1)        0.000   Madd_a_cy<29>
    SLICE_X17Y33.X       Tcinx                 0.462   a<30>
                                                       Madd_a_xor<30>
    SLICE_X20Y30.F3      net (fanout=4)        1.225   a<30>
    SLICE_X20Y30.X       Tilo                  0.759   Sh1262
                                                       Sh1262
    SLICE_X24Y16.F3      net (fanout=4)        0.939   Sh1262
    SLICE_X24Y16.X       Tif5x                 1.152   Sh96
                                                       Sh1262_rt
                                                       Sh96_f5
    SLICE_X25Y17.G4      net (fanout=4)        0.070   Sh96
    SLICE_X25Y17.X       Tif5x                 1.025   Sh128
                                                       Sh12828_F
                                                       Sh12828
    SLICE_X20Y19.F2      net (fanout=3)        0.730   Sh128
    SLICE_X20Y19.X       Tilo                  0.759   b_reg<0>
                                                       Sh1601
    SLICE_X19Y11.F2      net (fanout=1)        0.916   Sh160
    SLICE_X19Y11.COUT    Topcyf                1.162   b<0>
                                                       Madd_b_lut<0>
                                                       Madd_b_cy<0>
                                                       Madd_b_cy<1>
    SLICE_X19Y12.CIN     net (fanout=1)        0.000   Madd_b_cy<1>
    SLICE_X19Y12.COUT    Tbyp                  0.118   b<2>
                                                       Madd_b_cy<2>
                                                       Madd_b_cy<3>
    SLICE_X19Y13.CIN     net (fanout=1)        0.000   Madd_b_cy<3>
    SLICE_X19Y13.COUT    Tbyp                  0.118   b<4>
                                                       Madd_b_cy<4>
                                                       Madd_b_cy<5>
    SLICE_X19Y14.CIN     net (fanout=1)        0.000   Madd_b_cy<5>
    SLICE_X19Y14.COUT    Tbyp                  0.118   b<6>
                                                       Madd_b_cy<6>
                                                       Madd_b_cy<7>
    SLICE_X19Y15.CIN     net (fanout=1)        0.000   Madd_b_cy<7>
    SLICE_X19Y15.COUT    Tbyp                  0.118   b<8>
                                                       Madd_b_cy<8>
                                                       Madd_b_cy<9>
    SLICE_X19Y16.CIN     net (fanout=1)        0.000   Madd_b_cy<9>
    SLICE_X19Y16.COUT    Tbyp                  0.118   b<10>
                                                       Madd_b_cy<10>
                                                       Madd_b_cy<11>
    SLICE_X19Y17.CIN     net (fanout=1)        0.000   Madd_b_cy<11>
    SLICE_X19Y17.COUT    Tbyp                  0.118   b<12>
                                                       Madd_b_cy<12>
                                                       Madd_b_cy<13>
    SLICE_X19Y18.CIN     net (fanout=1)        0.000   Madd_b_cy<13>
    SLICE_X19Y18.COUT    Tbyp                  0.118   b<14>
                                                       Madd_b_cy<14>
                                                       Madd_b_cy<15>
    SLICE_X19Y19.CIN     net (fanout=1)        0.000   Madd_b_cy<15>
    SLICE_X19Y19.COUT    Tbyp                  0.118   b<16>
                                                       Madd_b_cy<16>
                                                       Madd_b_cy<17>
    SLICE_X19Y20.CIN     net (fanout=1)        0.000   Madd_b_cy<17>
    SLICE_X19Y20.COUT    Tbyp                  0.118   b<18>
                                                       Madd_b_cy<18>
                                                       Madd_b_cy<19>
    SLICE_X19Y21.CIN     net (fanout=1)        0.000   Madd_b_cy<19>
    SLICE_X19Y21.COUT    Tbyp                  0.118   b<20>
                                                       Madd_b_cy<20>
                                                       Madd_b_cy<21>
    SLICE_X19Y22.CIN     net (fanout=1)        0.000   Madd_b_cy<21>
    SLICE_X19Y22.COUT    Tbyp                  0.118   b<22>
                                                       Madd_b_cy<22>
                                                       Madd_b_cy<23>
    SLICE_X19Y23.CIN     net (fanout=1)        0.000   Madd_b_cy<23>
    SLICE_X19Y23.COUT    Tbyp                  0.118   b<24>
                                                       Madd_b_cy<24>
                                                       Madd_b_cy<25>
    SLICE_X19Y24.CIN     net (fanout=1)        0.000   Madd_b_cy<25>
    SLICE_X19Y24.COUT    Tbyp                  0.118   b<26>
                                                       Madd_b_cy<26>
                                                       Madd_b_cy<27>
    SLICE_X19Y25.CIN     net (fanout=1)        0.000   Madd_b_cy<27>
    SLICE_X19Y25.Y       Tciny                 0.869   b<28>
                                                       Madd_b_cy<28>
                                                       Madd_b_xor<29>
    SLICE_X18Y27.F1      net (fanout=1)        0.409   b<29>
    SLICE_X18Y27.CLK     Tfck                  0.892   b_reg<29>
                                                       b_reg_29_mux00001
                                                       b_reg_29
    -------------------------------------------------  ---------------------------
    Total                                     24.819ns (15.403ns logic, 9.416ns route)
                                                       (62.1% logic, 37.9% route)

--------------------------------------------------------------------------------

Paths for end point b_reg_25 (SLICE_X21Y29.F2), 5473105 paths
--------------------------------------------------------------------------------
Slack (setup path):     15.187ns (requirement - (data path - clock path skew + uncertainty))
  Source:               b_reg_21 (FF)
  Destination:          b_reg_25 (FF)
  Requirement:          40.000ns
  Data Path Delay:      24.806ns (Levels of Logic = 34)
  Clock Path Skew:      -0.007ns (0.020 - 0.027)
  Source Clock:         clk_25_BUFGP rising at 0.000ns
  Destination Clock:    clk_25_BUFGP rising at 40.000ns
  Clock Uncertainty:    0.000ns

  Maximum Data Path: b_reg_21 to b_reg_25
    Location             Delay type         Delay(ns)  Physical Resource
                                                       Logical Resource(s)
    -------------------------------------------------  -------------------
    SLICE_X18Y23.XQ      Tcko                  0.592   b_reg<21>
                                                       b_reg_21
    SLICE_X20Y32.F2      net (fanout=8)        1.649   b_reg<21>
    SLICE_X20Y32.X       Tilo                  0.759   ab_xor<21>
                                                       Mxor_ab_xor_Result<21>1
    SLICE_X23Y32.G2      net (fanout=2)        0.420   ab_xor<21>
    SLICE_X23Y32.X       Tif5x                 1.025   Sh22
                                                       Sh22_f5_F
                                                       Sh22_f5
    SLICE_X15Y28.F4      net (fanout=4)        1.261   Sh22
    SLICE_X15Y28.X       Tif5x                 1.025   Sh34
                                                       Sh3431_G
                                                       Sh3431
    SLICE_X16Y19.G1      net (fanout=4)        1.364   Sh34
    SLICE_X16Y19.Y       Tilo                  0.759   Sh65
                                                       Sh661
    SLICE_X17Y19.BX      net (fanout=1)        0.433   Sh66
    SLICE_X17Y19.COUT    Tbxcy                 1.095   a<2>
                                                       Madd_a_cy<2>
                                                       Madd_a_cy<3>
    SLICE_X17Y20.CIN     net (fanout=1)        0.000   Madd_a_cy<3>
    SLICE_X17Y20.COUT    Tbyp                  0.118   a<4>
                                                       Madd_a_cy<4>
                                                       Madd_a_cy<5>
    SLICE_X17Y21.CIN     net (fanout=1)        0.000   Madd_a_cy<5>
    SLICE_X17Y21.COUT    Tbyp                  0.118   a<6>
                                                       Madd_a_cy<6>
                                                       Madd_a_cy<7>
    SLICE_X17Y22.CIN     net (fanout=1)        0.000   Madd_a_cy<7>
    SLICE_X17Y22.COUT    Tbyp                  0.118   a<8>
                                                       Madd_a_cy<8>
                                                       Madd_a_cy<9>
    SLICE_X17Y23.CIN     net (fanout=1)        0.000   Madd_a_cy<9>
    SLICE_X17Y23.COUT    Tbyp                  0.118   a<10>
                                                       Madd_a_cy<10>
                                                       Madd_a_cy<11>
    SLICE_X17Y24.CIN     net (fanout=1)        0.000   Madd_a_cy<11>
    SLICE_X17Y24.COUT    Tbyp                  0.118   a<12>
                                                       Madd_a_cy<12>
                                                       Madd_a_cy<13>
    SLICE_X17Y25.CIN     net (fanout=1)        0.000   Madd_a_cy<13>
    SLICE_X17Y25.COUT    Tbyp                  0.118   a<14>
                                                       Madd_a_cy<14>
                                                       Madd_a_cy<15>
    SLICE_X17Y26.CIN     net (fanout=1)        0.000   Madd_a_cy<15>
    SLICE_X17Y26.COUT    Tbyp                  0.118   a<16>
                                                       Madd_a_cy<16>
                                                       Madd_a_cy<17>
    SLICE_X17Y27.CIN     net (fanout=1)        0.000   Madd_a_cy<17>
    SLICE_X17Y27.COUT    Tbyp                  0.118   a<18>
                                                       Madd_a_cy<18>
                                                       Madd_a_cy<19>
    SLICE_X17Y28.CIN     net (fanout=1)        0.000   Madd_a_cy<19>
    SLICE_X17Y28.COUT    Tbyp                  0.118   a<20>
                                                       Madd_a_cy<20>
                                                       Madd_a_cy<21>
    SLICE_X17Y29.CIN     net (fanout=1)        0.000   Madd_a_cy<21>
    SLICE_X17Y29.COUT    Tbyp                  0.118   a<22>
                                                       Madd_a_cy<22>
                                                       Madd_a_cy<23>
    SLICE_X17Y30.CIN     net (fanout=1)        0.000   Madd_a_cy<23>
    SLICE_X17Y30.Y       Tciny                 0.869   a<24>
                                                       Madd_a_cy<24>
                                                       Madd_a_xor<25>
    SLICE_X25Y28.F2      net (fanout=4)        1.042   a<25>
    SLICE_X25Y28.X       Tilo                  0.704   Sh1222
                                                       Sh1222
    SLICE_X24Y27.F2      net (fanout=4)        0.362   Sh1222
    SLICE_X24Y27.X       Tif5x                 1.152   Sh124
                                                       Sh1222_rt
                                                       Sh124_f5
    SLICE_X25Y17.G1      net (fanout=4)        0.852   Sh124
    SLICE_X25Y17.X       Tif5x                 1.025   Sh128
                                                       Sh12828_F
                                                       Sh12828
    SLICE_X20Y19.F2      net (fanout=3)        0.730   Sh128
    SLICE_X20Y19.X       Tilo                  0.759   b_reg<0>
                                                       Sh1601
    SLICE_X19Y11.F2      net (fanout=1)        0.916   Sh160
    SLICE_X19Y11.COUT    Topcyf                1.162   b<0>
                                                       Madd_b_lut<0>
                                                       Madd_b_cy<0>
                                                       Madd_b_cy<1>
    SLICE_X19Y12.CIN     net (fanout=1)        0.000   Madd_b_cy<1>
    SLICE_X19Y12.COUT    Tbyp                  0.118   b<2>
                                                       Madd_b_cy<2>
                                                       Madd_b_cy<3>
    SLICE_X19Y13.CIN     net (fanout=1)        0.000   Madd_b_cy<3>
    SLICE_X19Y13.COUT    Tbyp                  0.118   b<4>
                                                       Madd_b_cy<4>
                                                       Madd_b_cy<5>
    SLICE_X19Y14.CIN     net (fanout=1)        0.000   Madd_b_cy<5>
    SLICE_X19Y14.COUT    Tbyp                  0.118   b<6>
                                                       Madd_b_cy<6>
                                                       Madd_b_cy<7>
    SLICE_X19Y15.CIN     net (fanout=1)        0.000   Madd_b_cy<7>
    SLICE_X19Y15.COUT    Tbyp                  0.118   b<8>
                                                       Madd_b_cy<8>
                                                       Madd_b_cy<9>
    SLICE_X19Y16.CIN     net (fanout=1)        0.000   Madd_b_cy<9>
    SLICE_X19Y16.COUT    Tbyp                  0.118   b<10>
                                                       Madd_b_cy<10>
                                                       Madd_b_cy<11>
    SLICE_X19Y17.CIN     net (fanout=1)        0.000   Madd_b_cy<11>
    SLICE_X19Y17.COUT    Tbyp                  0.118   b<12>
                                                       Madd_b_cy<12>
                                                       Madd_b_cy<13>
    SLICE_X19Y18.CIN     net (fanout=1)        0.000   Madd_b_cy<13>
    SLICE_X19Y18.COUT    Tbyp                  0.118   b<14>
                                                       Madd_b_cy<14>
                                                       Madd_b_cy<15>
    SLICE_X19Y19.CIN     net (fanout=1)        0.000   Madd_b_cy<15>
    SLICE_X19Y19.COUT    Tbyp                  0.118   b<16>
                                                       Madd_b_cy<16>
                                                       Madd_b_cy<17>
    SLICE_X19Y20.CIN     net (fanout=1)        0.000   Madd_b_cy<17>
    SLICE_X19Y20.COUT    Tbyp                  0.118   b<18>
                                                       Madd_b_cy<18>
                                                       Madd_b_cy<19>
    SLICE_X19Y21.CIN     net (fanout=1)        0.000   Madd_b_cy<19>
    SLICE_X19Y21.COUT    Tbyp                  0.118   b<20>
                                                       Madd_b_cy<20>
                                                       Madd_b_cy<21>
    SLICE_X19Y22.CIN     net (fanout=1)        0.000   Madd_b_cy<21>
    SLICE_X19Y22.COUT    Tbyp                  0.118   b<22>
                                                       Madd_b_cy<22>
                                                       Madd_b_cy<23>
    SLICE_X19Y23.CIN     net (fanout=1)        0.000   Madd_b_cy<23>
    SLICE_X19Y23.Y       Tciny                 0.869   b<24>
                                                       Madd_b_cy<24>
                                                       Madd_b_xor<25>
    SLICE_X21Y29.F2      net (fanout=1)        0.667   b<25>
    SLICE_X21Y29.CLK     Tfck                  0.837   b_reg<25>
                                                       b_reg_25_mux00001
                                                       b_reg_25
    -------------------------------------------------  ---------------------------
    Total                                     24.806ns (15.110ns logic, 9.696ns route)
                                                       (60.9% logic, 39.1% route)

--------------------------------------------------------------------------------
Slack (setup path):     15.198ns (requirement - (data path - clock path skew + uncertainty))
  Source:               b_reg_21 (FF)
  Destination:          b_reg_25 (FF)
  Requirement:          40.000ns
  Data Path Delay:      24.795ns (Levels of Logic = 35)
  Clock Path Skew:      -0.007ns (0.020 - 0.027)
  Source Clock:         clk_25_BUFGP rising at 0.000ns
  Destination Clock:    clk_25_BUFGP rising at 40.000ns
  Clock Uncertainty:    0.000ns

  Maximum Data Path: b_reg_21 to b_reg_25
    Location             Delay type         Delay(ns)  Physical Resource
                                                       Logical Resource(s)
    -------------------------------------------------  -------------------
    SLICE_X18Y23.XQ      Tcko                  0.592   b_reg<21>
                                                       b_reg_21
    SLICE_X20Y32.F2      net (fanout=8)        1.649   b_reg<21>
    SLICE_X20Y32.X       Tilo                  0.759   ab_xor<21>
                                                       Mxor_ab_xor_Result<21>1
    SLICE_X23Y32.G2      net (fanout=2)        0.420   ab_xor<21>
    SLICE_X23Y32.X       Tif5x                 1.025   Sh22
                                                       Sh22_f5_F
                                                       Sh22_f5
    SLICE_X15Y28.F4      net (fanout=4)        1.261   Sh22
    SLICE_X15Y28.X       Tif5x                 1.025   Sh34
                                                       Sh3431_G
                                                       Sh3431
    SLICE_X16Y19.G1      net (fanout=4)        1.364   Sh34
    SLICE_X16Y19.Y       Tilo                  0.759   Sh65
                                                       Sh661
    SLICE_X17Y19.BX      net (fanout=1)        0.433   Sh66
    SLICE_X17Y19.COUT    Tbxcy                 1.095   a<2>
                                                       Madd_a_cy<2>
                                                       Madd_a_cy<3>
    SLICE_X17Y20.CIN     net (fanout=1)        0.000   Madd_a_cy<3>
    SLICE_X17Y20.COUT    Tbyp                  0.118   a<4>
                                                       Madd_a_cy<4>
                                                       Madd_a_cy<5>
    SLICE_X17Y21.CIN     net (fanout=1)        0.000   Madd_a_cy<5>
    SLICE_X17Y21.COUT    Tbyp                  0.118   a<6>
                                                       Madd_a_cy<6>
                                                       Madd_a_cy<7>
    SLICE_X17Y22.CIN     net (fanout=1)        0.000   Madd_a_cy<7>
    SLICE_X17Y22.COUT    Tbyp                  0.118   a<8>
                                                       Madd_a_cy<8>
                                                       Madd_a_cy<9>
    SLICE_X17Y23.CIN     net (fanout=1)        0.000   Madd_a_cy<9>
    SLICE_X17Y23.COUT    Tbyp                  0.118   a<10>
                                                       Madd_a_cy<10>
                                                       Madd_a_cy<11>
    SLICE_X17Y24.CIN     net (fanout=1)        0.000   Madd_a_cy<11>
    SLICE_X17Y24.COUT    Tbyp                  0.118   a<12>
                                                       Madd_a_cy<12>
                                                       Madd_a_cy<13>
    SLICE_X17Y25.CIN     net (fanout=1)        0.000   Madd_a_cy<13>
    SLICE_X17Y25.COUT    Tbyp                  0.118   a<14>
                                                       Madd_a_cy<14>
                                                       Madd_a_cy<15>
    SLICE_X17Y26.CIN     net (fanout=1)        0.000   Madd_a_cy<15>
    SLICE_X17Y26.COUT    Tbyp                  0.118   a<16>
                                                       Madd_a_cy<16>
                                                       Madd_a_cy<17>
    SLICE_X17Y27.CIN     net (fanout=1)        0.000   Madd_a_cy<17>
    SLICE_X17Y27.COUT    Tbyp                  0.118   a<18>
                                                       Madd_a_cy<18>
                                                       Madd_a_cy<19>
    SLICE_X17Y28.CIN     net (fanout=1)        0.000   Madd_a_cy<19>
    SLICE_X17Y28.COUT    Tbyp                  0.118   a<20>
                                                       Madd_a_cy<20>
                                                       Madd_a_cy<21>
    SLICE_X17Y29.CIN     net (fanout=1)        0.000   Madd_a_cy<21>
    SLICE_X17Y29.COUT    Tbyp                  0.118   a<22>
                                                       Madd_a_cy<22>
                                                       Madd_a_cy<23>
    SLICE_X17Y30.CIN     net (fanout=1)        0.000   Madd_a_cy<23>
    SLICE_X17Y30.COUT    Tbyp                  0.118   a<24>
                                                       Madd_a_cy<24>
                                                       Madd_a_cy<25>
    SLICE_X17Y31.CIN     net (fanout=1)        0.000   Madd_a_cy<25>
    SLICE_X17Y31.COUT    Tbyp                  0.118   a<26>
                                                       Madd_a_cy<26>
                                                       Madd_a_cy<27>
    SLICE_X17Y32.CIN     net (fanout=1)        0.000   Madd_a_cy<27>
    SLICE_X17Y32.COUT    Tbyp                  0.118   a<28>
                                                       Madd_a_cy<28>
                                                       Madd_a_cy<29>
    SLICE_X17Y33.CIN     net (fanout=1)        0.000   Madd_a_cy<29>
    SLICE_X17Y33.Y       Tciny                 0.869   a<30>
                                                       Madd_a_cy<30>
                                                       Madd_a_xor<31>
    SLICE_X23Y24.G2      net (fanout=5)        1.262   a<31>
    SLICE_X23Y24.Y       Tilo                  0.704   Sh1313
                                                       Sh1272
    SLICE_X24Y24.F2      net (fanout=2)        0.419   Sh1272
    SLICE_X24Y24.X       Tif5x                 1.152   Sh97
                                                       Sh1272_rt
                                                       Sh97_f5
    SLICE_X23Y21.G2      net (fanout=4)        0.968   Sh97
    SLICE_X23Y21.X       Tif5x                 1.025   Sh133
                                                       Sh133322
                                                       Sh13332_f5
    SLICE_X18Y15.F2      net (fanout=4)        0.874   Sh133
    SLICE_X18Y15.X       Tilo                  0.759   Sh165
                                                       Sh1651
    SLICE_X19Y13.BY      net (fanout=1)        0.440   Sh165
    SLICE_X19Y13.COUT    Tbycy                 0.972   b<4>
                                                       Madd_b_cy<5>
    SLICE_X19Y14.CIN     net (fanout=1)        0.000   Madd_b_cy<5>
    SLICE_X19Y14.COUT    Tbyp                  0.118   b<6>
                                                       Madd_b_cy<6>
                                                       Madd_b_cy<7>
    SLICE_X19Y15.CIN     net (fanout=1)        0.000   Madd_b_cy<7>
    SLICE_X19Y15.COUT    Tbyp                  0.118   b<8>
                                                       Madd_b_cy<8>
                                                       Madd_b_cy<9>
    SLICE_X19Y16.CIN     net (fanout=1)        0.000   Madd_b_cy<9>
    SLICE_X19Y16.COUT    Tbyp                  0.118   b<10>
                                                       Madd_b_cy<10>
                                                       Madd_b_cy<11>
    SLICE_X19Y17.CIN     net (fanout=1)        0.000   Madd_b_cy<11>
    SLICE_X19Y17.COUT    Tbyp                  0.118   b<12>
                                                       Madd_b_cy<12>
                                                       Madd_b_cy<13>
    SLICE_X19Y18.CIN     net (fanout=1)        0.000   Madd_b_cy<13>
    SLICE_X19Y18.COUT    Tbyp                  0.118   b<14>
                                                       Madd_b_cy<14>
                                                       Madd_b_cy<15>
    SLICE_X19Y19.CIN     net (fanout=1)        0.000   Madd_b_cy<15>
    SLICE_X19Y19.COUT    Tbyp                  0.118   b<16>
                                                       Madd_b_cy<16>
                                                       Madd_b_cy<17>
    SLICE_X19Y20.CIN     net (fanout=1)        0.000   Madd_b_cy<17>
    SLICE_X19Y20.COUT    Tbyp                  0.118   b<18>
                                                       Madd_b_cy<18>
                                                       Madd_b_cy<19>
    SLICE_X19Y21.CIN     net (fanout=1)        0.000   Madd_b_cy<19>
    SLICE_X19Y21.COUT    Tbyp                  0.118   b<20>
                                                       Madd_b_cy<20>
                                                       Madd_b_cy<21>
    SLICE_X19Y22.CIN     net (fanout=1)        0.000   Madd_b_cy<21>
    SLICE_X19Y22.COUT    Tbyp                  0.118   b<22>
                                                       Madd_b_cy<22>
                                                       Madd_b_cy<23>
    SLICE_X19Y23.CIN     net (fanout=1)        0.000   Madd_b_cy<23>
    SLICE_X19Y23.Y       Tciny                 0.869   b<24>
                                                       Madd_b_cy<24>
                                                       Madd_b_xor<25>
    SLICE_X21Y29.F2      net (fanout=1)        0.667   b<25>
    SLICE_X21Y29.CLK     Tfck                  0.837   b_reg<25>
                                                       b_reg_25_mux00001
                                                       b_reg_25
    -------------------------------------------------  ---------------------------
    Total                                     24.795ns (15.038ns logic, 9.757ns route)
                                                       (60.6% logic, 39.4% route)

--------------------------------------------------------------------------------
Slack (setup path):     15.207ns (requirement - (data path - clock path skew + uncertainty))
  Source:               b_reg_21 (FF)
  Destination:          b_reg_25 (FF)
  Requirement:          40.000ns
  Data Path Delay:      24.786ns (Levels of Logic = 37)
  Clock Path Skew:      -0.007ns (0.020 - 0.027)
  Source Clock:         clk_25_BUFGP rising at 0.000ns
  Destination Clock:    clk_25_BUFGP rising at 40.000ns
  Clock Uncertainty:    0.000ns

  Maximum Data Path: b_reg_21 to b_reg_25
    Location             Delay type         Delay(ns)  Physical Resource
                                                       Logical Resource(s)
    -------------------------------------------------  -------------------
    SLICE_X18Y23.XQ      Tcko                  0.592   b_reg<21>
                                                       b_reg_21
    SLICE_X20Y32.F2      net (fanout=8)        1.649   b_reg<21>
    SLICE_X20Y32.X       Tilo                  0.759   ab_xor<21>
                                                       Mxor_ab_xor_Result<21>1
    SLICE_X23Y32.G2      net (fanout=2)        0.420   ab_xor<21>
    SLICE_X23Y32.X       Tif5x                 1.025   Sh22
                                                       Sh22_f5_F
                                                       Sh22_f5
    SLICE_X15Y28.F4      net (fanout=4)        1.261   Sh22
    SLICE_X15Y28.X       Tif5x                 1.025   Sh34
                                                       Sh3431_G
                                                       Sh3431
    SLICE_X16Y19.G1      net (fanout=4)        1.364   Sh34
    SLICE_X16Y19.Y       Tilo                  0.759   Sh65
                                                       Sh661
    SLICE_X17Y19.BX      net (fanout=1)        0.433   Sh66
    SLICE_X17Y19.COUT    Tbxcy                 1.095   a<2>
                                                       Madd_a_cy<2>
                                                       Madd_a_cy<3>
    SLICE_X17Y20.CIN     net (fanout=1)        0.000   Madd_a_cy<3>
    SLICE_X17Y20.COUT    Tbyp                  0.118   a<4>
                                                       Madd_a_cy<4>
                                                       Madd_a_cy<5>
    SLICE_X17Y21.CIN     net (fanout=1)        0.000   Madd_a_cy<5>
    SLICE_X17Y21.COUT    Tbyp                  0.118   a<6>
                                                       Madd_a_cy<6>
                                                       Madd_a_cy<7>
    SLICE_X17Y22.CIN     net (fanout=1)        0.000   Madd_a_cy<7>
    SLICE_X17Y22.COUT    Tbyp                  0.118   a<8>
                                                       Madd_a_cy<8>
                                                       Madd_a_cy<9>
    SLICE_X17Y23.CIN     net (fanout=1)        0.000   Madd_a_cy<9>
    SLICE_X17Y23.COUT    Tbyp                  0.118   a<10>
                                                       Madd_a_cy<10>
                                                       Madd_a_cy<11>
    SLICE_X17Y24.CIN     net (fanout=1)        0.000   Madd_a_cy<11>
    SLICE_X17Y24.COUT    Tbyp                  0.118   a<12>
                                                       Madd_a_cy<12>
                                                       Madd_a_cy<13>
    SLICE_X17Y25.CIN     net (fanout=1)        0.000   Madd_a_cy<13>
    SLICE_X17Y25.COUT    Tbyp                  0.118   a<14>
                                                       Madd_a_cy<14>
                                                       Madd_a_cy<15>
    SLICE_X17Y26.CIN     net (fanout=1)        0.000   Madd_a_cy<15>
    SLICE_X17Y26.COUT    Tbyp                  0.118   a<16>
                                                       Madd_a_cy<16>
                                                       Madd_a_cy<17>
    SLICE_X17Y27.CIN     net (fanout=1)        0.000   Madd_a_cy<17>
    SLICE_X17Y27.COUT    Tbyp                  0.118   a<18>
                                                       Madd_a_cy<18>
                                                       Madd_a_cy<19>
    SLICE_X17Y28.CIN     net (fanout=1)        0.000   Madd_a_cy<19>
    SLICE_X17Y28.COUT    Tbyp                  0.118   a<20>
                                                       Madd_a_cy<20>
                                                       Madd_a_cy<21>
    SLICE_X17Y29.CIN     net (fanout=1)        0.000   Madd_a_cy<21>
    SLICE_X17Y29.COUT    Tbyp                  0.118   a<22>
                                                       Madd_a_cy<22>
                                                       Madd_a_cy<23>
    SLICE_X17Y30.CIN     net (fanout=1)        0.000   Madd_a_cy<23>
    SLICE_X17Y30.COUT    Tbyp                  0.118   a<24>
                                                       Madd_a_cy<24>
                                                       Madd_a_cy<25>
    SLICE_X17Y31.CIN     net (fanout=1)        0.000   Madd_a_cy<25>
    SLICE_X17Y31.COUT    Tbyp                  0.118   a<26>
                                                       Madd_a_cy<26>
                                                       Madd_a_cy<27>
    SLICE_X17Y32.CIN     net (fanout=1)        0.000   Madd_a_cy<27>
    SLICE_X17Y32.COUT    Tbyp                  0.118   a<28>
                                                       Madd_a_cy<28>
                                                       Madd_a_cy<29>
    SLICE_X17Y33.CIN     net (fanout=1)        0.000   Madd_a_cy<29>
    SLICE_X17Y33.X       Tcinx                 0.462   a<30>
                                                       Madd_a_xor<30>
    SLICE_X20Y30.F3      net (fanout=4)        1.225   a<30>
    SLICE_X20Y30.X       Tilo                  0.759   Sh1262
                                                       Sh1262
    SLICE_X24Y16.F3      net (fanout=4)        0.939   Sh1262
    SLICE_X24Y16.X       Tif5x                 1.152   Sh96
                                                       Sh1262_rt
                                                       Sh96_f5
    SLICE_X25Y17.G4      net (fanout=4)        0.070   Sh96
    SLICE_X25Y17.X       Tif5x                 1.025   Sh128
                                                       Sh12828_F
                                                       Sh12828
    SLICE_X20Y19.F2      net (fanout=3)        0.730   Sh128
    SLICE_X20Y19.X       Tilo                  0.759   b_reg<0>
                                                       Sh1601
    SLICE_X19Y11.F2      net (fanout=1)        0.916   Sh160
    SLICE_X19Y11.COUT    Topcyf                1.162   b<0>
                                                       Madd_b_lut<0>
                                                       Madd_b_cy<0>
                                                       Madd_b_cy<1>
    SLICE_X19Y12.CIN     net (fanout=1)        0.000   Madd_b_cy<1>
    SLICE_X19Y12.COUT    Tbyp                  0.118   b<2>
                                                       Madd_b_cy<2>
                                                       Madd_b_cy<3>
    SLICE_X19Y13.CIN     net (fanout=1)        0.000   Madd_b_cy<3>
    SLICE_X19Y13.COUT    Tbyp                  0.118   b<4>
                                                       Madd_b_cy<4>
                                                       Madd_b_cy<5>
    SLICE_X19Y14.CIN     net (fanout=1)        0.000   Madd_b_cy<5>
    SLICE_X19Y14.COUT    Tbyp                  0.118   b<6>
                                                       Madd_b_cy<6>
                                                       Madd_b_cy<7>
    SLICE_X19Y15.CIN     net (fanout=1)        0.000   Madd_b_cy<7>
    SLICE_X19Y15.COUT    Tbyp                  0.118   b<8>
                                                       Madd_b_cy<8>
                                                       Madd_b_cy<9>
    SLICE_X19Y16.CIN     net (fanout=1)        0.000   Madd_b_cy<9>
    SLICE_X19Y16.COUT    Tbyp                  0.118   b<10>
                                                       Madd_b_cy<10>
                                                       Madd_b_cy<11>
    SLICE_X19Y17.CIN     net (fanout=1)        0.000   Madd_b_cy<11>
    SLICE_X19Y17.COUT    Tbyp                  0.118   b<12>
                                                       Madd_b_cy<12>
                                                       Madd_b_cy<13>
    SLICE_X19Y18.CIN     net (fanout=1)        0.000   Madd_b_cy<13>
    SLICE_X19Y18.COUT    Tbyp                  0.118   b<14>
                                                       Madd_b_cy<14>
                                                       Madd_b_cy<15>
    SLICE_X19Y19.CIN     net (fanout=1)        0.000   Madd_b_cy<15>
    SLICE_X19Y19.COUT    Tbyp                  0.118   b<16>
                                                       Madd_b_cy<16>
                                                       Madd_b_cy<17>
    SLICE_X19Y20.CIN     net (fanout=1)        0.000   Madd_b_cy<17>
    SLICE_X19Y20.COUT    Tbyp                  0.118   b<18>
                                                       Madd_b_cy<18>
                                                       Madd_b_cy<19>
    SLICE_X19Y21.CIN     net (fanout=1)        0.000   Madd_b_cy<19>
    SLICE_X19Y21.COUT    Tbyp                  0.118   b<20>
                                                       Madd_b_cy<20>
                                                       Madd_b_cy<21>
    SLICE_X19Y22.CIN     net (fanout=1)        0.000   Madd_b_cy<21>
    SLICE_X19Y22.COUT    Tbyp                  0.118   b<22>
                                                       Madd_b_cy<22>
                                                       Madd_b_cy<23>
    SLICE_X19Y23.CIN     net (fanout=1)        0.000   Madd_b_cy<23>
    SLICE_X19Y23.Y       Tciny                 0.869   b<24>
                                                       Madd_b_cy<24>
                                                       Madd_b_xor<25>
    SLICE_X21Y29.F2      net (fanout=1)        0.667   b<25>
    SLICE_X21Y29.CLK     Tfck                  0.837   b_reg<25>
                                                       b_reg_25_mux00001
                                                       b_reg_25
    -------------------------------------------------  ---------------------------
    Total                                     24.786ns (15.112ns logic, 9.674ns route)
                                                       (61.0% logic, 39.0% route)

--------------------------------------------------------------------------------

Hold Paths: TS_clk_25 = PERIOD TIMEGRP "clk_25" 40 ns HIGH 50%;
--------------------------------------------------------------------------------

Paths for end point a_reg_21 (SLICE_X21Y35.F4), 1 path
--------------------------------------------------------------------------------
Slack (hold path):      1.322ns (requirement - (clock path skew + uncertainty - data path))
  Source:               a_reg_21 (FF)
  Destination:          a_reg_21 (FF)
  Requirement:          0.000ns
  Data Path Delay:      1.322ns (Levels of Logic = 1)
  Clock Path Skew:      0.000ns
  Source Clock:         clk_25_BUFGP rising at 40.000ns
  Destination Clock:    clk_25_BUFGP rising at 40.000ns
  Clock Uncertainty:    0.000ns

  Minimum Data Path: a_reg_21 to a_reg_21
    Location             Delay type         Delay(ns)  Physical Resource
                                                       Logical Resource(s)
    -------------------------------------------------  -------------------
    SLICE_X21Y35.XQ      Tcko                  0.473   a_reg<21>
                                                       a_reg_21
    SLICE_X21Y35.F4      net (fanout=4)        0.333   a_reg<21>
    SLICE_X21Y35.CLK     Tckf        (-Th)    -0.516   a_reg<21>
                                                       a_reg_21_mux00001
                                                       a_reg_21
    -------------------------------------------------  ---------------------------
    Total                                      1.322ns (0.989ns logic, 0.333ns route)
                                                       (74.8% logic, 25.2% route)

--------------------------------------------------------------------------------

Paths for end point a_reg_3 (SLICE_X3Y24.G4), 1 path
--------------------------------------------------------------------------------
Slack (hold path):      1.327ns (requirement - (clock path skew + uncertainty - data path))
  Source:               a_reg_3 (FF)
  Destination:          a_reg_3 (FF)
  Requirement:          0.000ns
  Data Path Delay:      1.327ns (Levels of Logic = 1)
  Clock Path Skew:      0.000ns
  Source Clock:         clk_25_BUFGP rising at 40.000ns
  Destination Clock:    clk_25_BUFGP rising at 40.000ns
  Clock Uncertainty:    0.000ns

  Minimum Data Path: a_reg_3 to a_reg_3
    Location             Delay type         Delay(ns)  Physical Resource
                                                       Logical Resource(s)
    -------------------------------------------------  -------------------
    SLICE_X3Y24.YQ       Tcko                  0.470   a_reg<3>
                                                       a_reg_3
    SLICE_X3Y24.G4       net (fanout=2)        0.341   a_reg<3>
    SLICE_X3Y24.CLK      Tckg        (-Th)    -0.516   a_reg<3>
                                                       a_reg_3_mux00001
                                                       a_reg_3
    -------------------------------------------------  ---------------------------
    Total                                      1.327ns (0.986ns logic, 0.341ns route)
                                                       (74.3% logic, 25.7% route)

--------------------------------------------------------------------------------

Paths for end point a_reg_7 (SLICE_X13Y20.F4), 1 path
--------------------------------------------------------------------------------
Slack (hold path):      1.329ns (requirement - (clock path skew + uncertainty - data path))
  Source:               a_reg_7 (FF)
  Destination:          a_reg_7 (FF)
  Requirement:          0.000ns
  Data Path Delay:      1.329ns (Levels of Logic = 1)
  Clock Path Skew:      0.000ns
  Source Clock:         clk_25_BUFGP rising at 40.000ns
  Destination Clock:    clk_25_BUFGP rising at 40.000ns
  Clock Uncertainty:    0.000ns

  Minimum Data Path: a_reg_7 to a_reg_7
    Location             Delay type         Delay(ns)  Physical Resource
                                                       Logical Resource(s)
    -------------------------------------------------  -------------------
    SLICE_X13Y20.XQ      Tcko                  0.473   a_reg<7>
                                                       a_reg_7
    SLICE_X13Y20.F4      net (fanout=2)        0.340   a_reg<7>
    SLICE_X13Y20.CLK     Tckf        (-Th)    -0.516   a_reg<7>
                                                       a_reg_7_mux00001
                                                       a_reg_7
    -------------------------------------------------  ---------------------------
    Total                                      1.329ns (0.989ns logic, 0.340ns route)
                                                       (74.4% logic, 25.6% route)

--------------------------------------------------------------------------------

Component Switching Limit Checks: TS_clk_25 = PERIOD TIMEGRP "clk_25" 40 ns HIGH 50%;
--------------------------------------------------------------------------------
Slack: 36.808ns (period - (min low pulse limit / (low pulse / period)))
  Period: 40.000ns
  Low pulse: 20.000ns
  Low pulse limit: 1.596ns (Trpw)
  Physical resource: LED_flash_cnt<0>/SR
  Logical resource: LED_flash_cnt_0/SR
  Location pin: SLICE_X27Y5.SR
  Clock network: clr_IBUF
--------------------------------------------------------------------------------
Slack: 36.808ns (period - (min high pulse limit / (high pulse / period)))
  Period: 40.000ns
  High pulse: 20.000ns
  High pulse limit: 1.596ns (Trpw)
  Physical resource: LED_flash_cnt<0>/SR
  Logical resource: LED_flash_cnt_0/SR
  Location pin: SLICE_X27Y5.SR
  Clock network: clr_IBUF
--------------------------------------------------------------------------------
Slack: 36.808ns (period - (min low pulse limit / (low pulse / period)))
  Period: 40.000ns
  Low pulse: 20.000ns
  Low pulse limit: 1.596ns (Trpw)
  Physical resource: LED_flash_cnt<0>/SR
  Logical resource: LED_flash_cnt_1/SR
  Location pin: SLICE_X27Y5.SR
  Clock network: clr_IBUF
--------------------------------------------------------------------------------


All constraints were met.


Data Sheet report:
-----------------
All values displayed in nanoseconds (ns)

Clock to Setup on destination clock clk_25
---------------+---------+---------+---------+---------+
               | Src:Rise| Src:Fall| Src:Rise| Src:Fall|
Source Clock   |Dest:Rise|Dest:Rise|Dest:Fall|Dest:Fall|
---------------+---------+---------+---------+---------+
clk_25         |   25.211|         |         |         |
---------------+---------+---------+---------+---------+


Timing summary:
---------------

Timing errors: 0  Score: 0  (Setup/Max: 0, Hold: 0)

Constraints cover 112555965 paths, 0 nets, and 2617 connections

Design statistics:
   Minimum period:  25.211ns{1}   (Maximum frequency:  39.665MHz)


------------------------------------Footnotes-----------------------------------
1)  The minimum period statistic assumes all single cycle delays.

Analysis completed Tue Apr 07 16:50:03 2015 
--------------------------------------------------------------------------------

Trace Settings:
-------------------------
Trace Settings 

Peak Memory Usage: 160 MB



