--------------------------------------------------------------------------------
Release 14.7 Trace  (nt64)
Copyright (c) 1995-2013 Xilinx, Inc.  All rights reserved.

C:\Xilinx\14.7\ISE_DS\ISE\bin\nt64\unwrapped\trce.exe
C:\SkyDrive\School\Polytechnic\EL6463_AdvancedHardwareDesign\Labs\Lab7\rc5_impl\smartxplorer_results\run4\rc5.ncd
C:\SkyDrive\School\Polytechnic\EL6463_AdvancedHardwareDesign\Labs\Lab7\rc5_impl\smartxplorer_results\run4\rc5.pcf
-xml
C:\SkyDrive\School\Polytechnic\EL6463_AdvancedHardwareDesign\Labs\Lab7\rc5_impl\smartxplorer_results\run4\rc5.twx
-v 3 -s 4 -n 3 -fastpaths -o
C:\SkyDrive\School\Polytechnic\EL6463_AdvancedHardwareDesign\Labs\Lab7\rc5_impl\smartxplorer_results\run4\rc5.twr

Design file:              rc5.ncd
Physical constraint file: rc5.pcf
Device,package,speed:     xc3s100e,cp132,-4 (PRODUCTION 1.27 2013-10-13)
Report level:             verbose report

Environment Variable      Effect 
--------------------      ------ 
NONE                      No environment variables were set
--------------------------------------------------------------------------------

INFO:Timing:3412 - To improve timing, see the Timing Closure User Guide (UG612).
INFO:Timing:2752 - To get complete path coverage, use the unconstrained paths 
   option. All paths that are not constrained will be reported in the 
   unconstrained paths section(s) of the report.
INFO:Timing:3339 - The clock-to-out numbers in this timing report are based on 
   a 50 Ohm transmission line loading model.  For the details of this model, 
   and for more information on accounting for different loading conditions, 
   please see the device datasheet.
INFO:Timing:3390 - This architecture does not support a default System Jitter 
   value, please add SYSTEM_JITTER constraint to the UCF to modify the Clock 
   Uncertainty calculation.
INFO:Timing:3389 - This architecture does not support 'Discrete Jitter' and 
   'Phase Error' calculations, these terms will be zero in the Clock 
   Uncertainty calculation.  Please make appropriate modification to 
   SYSTEM_JITTER to account for the unsupported Discrete Jitter and Phase 
   Error.

================================================================================
Timing constraint: TS_clk_25 = PERIOD TIMEGRP "clk_25" 40 ns HIGH 50%;
For more information, see Period Analysis in the Timing Closure User Guide (UG612).

 112555965 paths analyzed, 351 endpoints analyzed, 0 failing endpoints
 0 timing errors detected. (0 setup errors, 0 hold errors, 0 component switching limit errors)
 Minimum period is  27.964ns.
--------------------------------------------------------------------------------

Paths for end point b_reg_3 (SLICE_X1Y31.BX), 752289 paths
--------------------------------------------------------------------------------
Slack (setup path):     12.036ns (requirement - (data path - clock path skew + uncertainty))
  Source:               b_reg_1 (FF)
  Destination:          b_reg_3 (FF)
  Requirement:          40.000ns
  Data Path Delay:      27.947ns (Levels of Logic = 16)
  Clock Path Skew:      -0.017ns (0.028 - 0.045)
  Source Clock:         clk_25_BUFGP rising at 0.000ns
  Destination Clock:    clk_25_BUFGP rising at 40.000ns
  Clock Uncertainty:    0.000ns

  Maximum Data Path: b_reg_1 to b_reg_3
    Location             Delay type         Delay(ns)  Physical Resource
                                                       Logical Resource(s)
    -------------------------------------------------  -------------------
    SLICE_X10Y1.YQ       Tcko                  0.652   b_reg<1>
                                                       b_reg_1
    SLICE_X19Y28.BX      net (fanout=41)       3.958   b_reg<1>
    SLICE_X19Y28.X       Tbxx                  0.739   Sh20
                                                       Sh20
    SLICE_X2Y22.G2       net (fanout=4)        2.199   Sh20
    SLICE_X2Y22.X        Tif5x                 1.152   Sh52
                                                       Sh5231_F
                                                       Sh5231
    SLICE_X12Y21.F2      net (fanout=3)        1.594   Sh52
    SLICE_X12Y21.X       Tilo                  0.759   Sh84
                                                       Sh841
    SLICE_X15Y28.F2      net (fanout=1)        1.442   Sh84
    SLICE_X15Y28.COUT    Topcyf                1.162   a<20>
                                                       Madd_a_lut<20>
                                                       Madd_a_cy<20>
                                                       Madd_a_cy<21>
    SLICE_X15Y29.CIN     net (fanout=1)        0.000   Madd_a_cy<21>
    SLICE_X15Y29.COUT    Tbyp                  0.118   a<22>
                                                       Madd_a_cy<22>
                                                       Madd_a_cy<23>
    SLICE_X15Y30.CIN     net (fanout=1)        0.000   Madd_a_cy<23>
    SLICE_X15Y30.COUT    Tbyp                  0.118   a<24>
                                                       Madd_a_cy<24>
                                                       Madd_a_cy<25>
    SLICE_X15Y31.CIN     net (fanout=1)        0.000   Madd_a_cy<25>
    SLICE_X15Y31.COUT    Tbyp                  0.118   a<26>
                                                       Madd_a_cy<26>
                                                       Madd_a_cy<27>
    SLICE_X15Y32.CIN     net (fanout=1)        0.000   Madd_a_cy<27>
    SLICE_X15Y32.COUT    Tbyp                  0.118   a<28>
                                                       Madd_a_cy<28>
                                                       Madd_a_cy<29>
    SLICE_X15Y33.CIN     net (fanout=1)        0.000   Madd_a_cy<29>
    SLICE_X15Y33.Y       Tciny                 0.869   a<30>
                                                       Madd_a_cy<30>
                                                       Madd_a_xor<31>
    SLICE_X18Y30.G4      net (fanout=5)        1.103   a<31>
    SLICE_X18Y30.Y       Tilo                  0.759   Sh1313
                                                       Sh1272
    SLICE_X28Y21.F1      net (fanout=2)        1.384   Sh1272
    SLICE_X28Y21.X       Tif5x                 1.152   Sh97
                                                       Sh1272_rt
                                                       Sh97_f5
    SLICE_X29Y19.G3      net (fanout=4)        0.394   Sh97
    SLICE_X29Y19.X       Tif5x                 1.025   Sh129
                                                       Sh12928_F
                                                       Sh12928
    SLICE_X22Y10.G2      net (fanout=4)        1.063   Sh129
    SLICE_X22Y10.Y       Tilo                  0.759   Sh177
                                                       Sh1611
    SLICE_X23Y10.BY      net (fanout=1)        0.441   Sh161
    SLICE_X23Y10.COUT    Tbycy                 0.972   b<0>
                                                       Madd_b_cy<1>
    SLICE_X23Y11.CIN     net (fanout=1)        0.000   Madd_b_cy<1>
    SLICE_X23Y11.Y       Tciny                 0.869   b<2>
                                                       Madd_b_cy<2>
                                                       Madd_b_xor<3>
    SLICE_X0Y31.G4       net (fanout=1)        1.528   b<3>
    SLICE_X0Y31.Y        Tilo                  0.759   b_reg_3_1
                                                       b_reg_3_mux000038
    SLICE_X1Y31.BX       net (fanout=1)        0.433   b_reg_3_mux0000
    SLICE_X1Y31.CLK      Tdick                 0.308   b_reg<3>
                                                       b_reg_3
    -------------------------------------------------  ---------------------------
    Total                                     27.947ns (12.408ns logic, 15.539ns route)
                                                       (44.4% logic, 55.6% route)

--------------------------------------------------------------------------------
Slack (setup path):     12.039ns (requirement - (data path - clock path skew + uncertainty))
  Source:               b_reg_1 (FF)
  Destination:          b_reg_3 (FF)
  Requirement:          40.000ns
  Data Path Delay:      27.944ns (Levels of Logic = 15)
  Clock Path Skew:      -0.017ns (0.028 - 0.045)
  Source Clock:         clk_25_BUFGP rising at 0.000ns
  Destination Clock:    clk_25_BUFGP rising at 40.000ns
  Clock Uncertainty:    0.000ns

  Maximum Data Path: b_reg_1 to b_reg_3
    Location             Delay type         Delay(ns)  Physical Resource
                                                       Logical Resource(s)
    -------------------------------------------------  -------------------
    SLICE_X10Y1.YQ       Tcko                  0.652   b_reg<1>
                                                       b_reg_1
    SLICE_X19Y28.BX      net (fanout=41)       3.958   b_reg<1>
    SLICE_X19Y28.X       Tbxx                  0.739   Sh20
                                                       Sh20
    SLICE_X2Y22.G2       net (fanout=4)        2.199   Sh20
    SLICE_X2Y22.X        Tif5x                 1.152   Sh52
                                                       Sh5231_F
                                                       Sh5231
    SLICE_X12Y21.F2      net (fanout=3)        1.594   Sh52
    SLICE_X12Y21.X       Tilo                  0.759   Sh84
                                                       Sh841
    SLICE_X15Y28.F2      net (fanout=1)        1.442   Sh84
    SLICE_X15Y28.COUT    Topcyf                1.162   a<20>
                                                       Madd_a_lut<20>
                                                       Madd_a_cy<20>
                                                       Madd_a_cy<21>
    SLICE_X15Y29.CIN     net (fanout=1)        0.000   Madd_a_cy<21>
    SLICE_X15Y29.COUT    Tbyp                  0.118   a<22>
                                                       Madd_a_cy<22>
                                                       Madd_a_cy<23>
    SLICE_X15Y30.CIN     net (fanout=1)        0.000   Madd_a_cy<23>
    SLICE_X15Y30.COUT    Tbyp                  0.118   a<24>
                                                       Madd_a_cy<24>
                                                       Madd_a_cy<25>
    SLICE_X15Y31.CIN     net (fanout=1)        0.000   Madd_a_cy<25>
    SLICE_X15Y31.COUT    Tbyp                  0.118   a<26>
                                                       Madd_a_cy<26>
                                                       Madd_a_cy<27>
    SLICE_X15Y32.CIN     net (fanout=1)        0.000   Madd_a_cy<27>
    SLICE_X15Y32.Y       Tciny                 0.869   a<28>
                                                       Madd_a_cy<28>
                                                       Madd_a_xor<29>
    SLICE_X19Y32.F1      net (fanout=4)        0.774   a<29>
    SLICE_X19Y32.X       Tilo                  0.704   Sh1262
                                                       Sh1262
    SLICE_X31Y18.F3      net (fanout=4)        1.654   Sh1262
    SLICE_X31Y18.X       Tif5x                 1.025   Sh96
                                                       Sh1262_rt
                                                       Sh96_f5
    SLICE_X30Y18.G3      net (fanout=4)        0.063   Sh96
    SLICE_X30Y18.X       Tif5x                 1.152   Sh128
                                                       Sh12828_F
                                                       Sh12828
    SLICE_X22Y13.G3      net (fanout=3)        1.429   Sh128
    SLICE_X22Y13.Y       Tilo                  0.759   Sh176
                                                       Sh1601
    SLICE_X23Y10.F1      net (fanout=1)        0.445   Sh160
    SLICE_X23Y10.COUT    Topcyf                1.162   b<0>
                                                       Madd_b_lut<0>
                                                       Madd_b_cy<0>
                                                       Madd_b_cy<1>
    SLICE_X23Y11.CIN     net (fanout=1)        0.000   Madd_b_cy<1>
    SLICE_X23Y11.Y       Tciny                 0.869   b<2>
                                                       Madd_b_cy<2>
                                                       Madd_b_xor<3>
    SLICE_X0Y31.G4       net (fanout=1)        1.528   b<3>
    SLICE_X0Y31.Y        Tilo                  0.759   b_reg_3_1
                                                       b_reg_3_mux000038
    SLICE_X1Y31.BX       net (fanout=1)        0.433   b_reg_3_mux0000
    SLICE_X1Y31.CLK      Tdick                 0.308   b_reg<3>
                                                       b_reg_3
    -------------------------------------------------  ---------------------------
    Total                                     27.944ns (12.425ns logic, 15.519ns route)
                                                       (44.5% logic, 55.5% route)

--------------------------------------------------------------------------------
Slack (setup path):     12.128ns (requirement - (data path - clock path skew + uncertainty))
  Source:               b_reg_1 (FF)
  Destination:          b_reg_3 (FF)
  Requirement:          40.000ns
  Data Path Delay:      27.855ns (Levels of Logic = 24)
  Clock Path Skew:      -0.017ns (0.028 - 0.045)
  Source Clock:         clk_25_BUFGP rising at 0.000ns
  Destination Clock:    clk_25_BUFGP rising at 40.000ns
  Clock Uncertainty:    0.000ns

  Maximum Data Path: b_reg_1 to b_reg_3
    Location             Delay type         Delay(ns)  Physical Resource
                                                       Logical Resource(s)
    -------------------------------------------------  -------------------
    SLICE_X10Y1.YQ       Tcko                  0.652   b_reg<1>
                                                       b_reg_1
    SLICE_X19Y28.BX      net (fanout=41)       3.958   b_reg<1>
    SLICE_X19Y28.X       Tbxx                  0.739   Sh20
                                                       Sh20
    SLICE_X2Y22.G2       net (fanout=4)        2.199   Sh20
    SLICE_X2Y22.X        Tif5x                 1.152   Sh52
                                                       Sh5231_F
                                                       Sh5231
    SLICE_X12Y21.G2      net (fanout=3)        1.634   Sh52
    SLICE_X12Y21.Y       Tilo                  0.759   Sh84
                                                       Sh681
    SLICE_X15Y20.BX      net (fanout=1)        0.433   Sh68
    SLICE_X15Y20.COUT    Tbxcy                 1.095   a<4>
                                                       Madd_a_cy<4>
                                                       Madd_a_cy<5>
    SLICE_X15Y21.CIN     net (fanout=1)        0.000   Madd_a_cy<5>
    SLICE_X15Y21.COUT    Tbyp                  0.118   a<6>
                                                       Madd_a_cy<6>
                                                       Madd_a_cy<7>
    SLICE_X15Y22.CIN     net (fanout=1)        0.000   Madd_a_cy<7>
    SLICE_X15Y22.COUT    Tbyp                  0.118   a<8>
                                                       Madd_a_cy<8>
                                                       Madd_a_cy<9>
    SLICE_X15Y23.CIN     net (fanout=1)        0.000   Madd_a_cy<9>
    SLICE_X15Y23.COUT    Tbyp                  0.118   a<10>
                                                       Madd_a_cy<10>
                                                       Madd_a_cy<11>
    SLICE_X15Y24.CIN     net (fanout=1)        0.000   Madd_a_cy<11>
    SLICE_X15Y24.COUT    Tbyp                  0.118   a<12>
                                                       Madd_a_cy<12>
                                                       Madd_a_cy<13>
    SLICE_X15Y25.CIN     net (fanout=1)        0.000   Madd_a_cy<13>
    SLICE_X15Y25.COUT    Tbyp                  0.118   a<14>
                                                       Madd_a_cy<14>
                                                       Madd_a_cy<15>
    SLICE_X15Y26.CIN     net (fanout=1)        0.000   Madd_a_cy<15>
    SLICE_X15Y26.COUT    Tbyp                  0.118   a<16>
                                                       Madd_a_cy<16>
                                                       Madd_a_cy<17>
    SLICE_X15Y27.CIN     net (fanout=1)        0.000   Madd_a_cy<17>
    SLICE_X15Y27.COUT    Tbyp                  0.118   a<18>
                                                       Madd_a_cy<18>
                                                       Madd_a_cy<19>
    SLICE_X15Y28.CIN     net (fanout=1)        0.000   Madd_a_cy<19>
    SLICE_X15Y28.COUT    Tbyp                  0.118   a<20>
                                                       Madd_a_cy<20>
                                                       Madd_a_cy<21>
    SLICE_X15Y29.CIN     net (fanout=1)        0.000   Madd_a_cy<21>
    SLICE_X15Y29.COUT    Tbyp                  0.118   a<22>
                                                       Madd_a_cy<22>
                                                       Madd_a_cy<23>
    SLICE_X15Y30.CIN     net (fanout=1)        0.000   Madd_a_cy<23>
    SLICE_X15Y30.COUT    Tbyp                  0.118   a<24>
                                                       Madd_a_cy<24>
                                                       Madd_a_cy<25>
    SLICE_X15Y31.CIN     net (fanout=1)        0.000   Madd_a_cy<25>
    SLICE_X15Y31.COUT    Tbyp                  0.118   a<26>
                                                       Madd_a_cy<26>
                                                       Madd_a_cy<27>
    SLICE_X15Y32.CIN     net (fanout=1)        0.000   Madd_a_cy<27>
    SLICE_X15Y32.COUT    Tbyp                  0.118   a<28>
                                                       Madd_a_cy<28>
                                                       Madd_a_cy<29>
    SLICE_X15Y33.CIN     net (fanout=1)        0.000   Madd_a_cy<29>
    SLICE_X15Y33.Y       Tciny                 0.869   a<30>
                                                       Madd_a_cy<30>
                                                       Madd_a_xor<31>
    SLICE_X18Y30.G4      net (fanout=5)        1.103   a<31>
    SLICE_X18Y30.Y       Tilo                  0.759   Sh1313
                                                       Sh1272
    SLICE_X28Y21.F1      net (fanout=2)        1.384   Sh1272
    SLICE_X28Y21.X       Tif5x                 1.152   Sh97
                                                       Sh1272_rt
                                                       Sh97_f5
    SLICE_X29Y19.G3      net (fanout=4)        0.394   Sh97
    SLICE_X29Y19.X       Tif5x                 1.025   Sh129
                                                       Sh12928_F
                                                       Sh12928
    SLICE_X22Y10.G2      net (fanout=4)        1.063   Sh129
    SLICE_X22Y10.Y       Tilo                  0.759   Sh177
                                                       Sh1611
    SLICE_X23Y10.BY      net (fanout=1)        0.441   Sh161
    SLICE_X23Y10.COUT    Tbycy                 0.972   b<0>
                                                       Madd_b_cy<1>
    SLICE_X23Y11.CIN     net (fanout=1)        0.000   Madd_b_cy<1>
    SLICE_X23Y11.Y       Tciny                 0.869   b<2>
                                                       Madd_b_cy<2>
                                                       Madd_b_xor<3>
    SLICE_X0Y31.G4       net (fanout=1)        1.528   b<3>
    SLICE_X0Y31.Y        Tilo                  0.759   b_reg_3_1
                                                       b_reg_3_mux000038
    SLICE_X1Y31.BX       net (fanout=1)        0.433   b_reg_3_mux0000
    SLICE_X1Y31.CLK      Tdick                 0.308   b_reg<3>
                                                       b_reg_3
    -------------------------------------------------  ---------------------------
    Total                                     27.855ns (13.285ns logic, 14.570ns route)
                                                       (47.7% logic, 52.3% route)

--------------------------------------------------------------------------------

Paths for end point b_reg_27 (SLICE_X22Y27.F1), 5901567 paths
--------------------------------------------------------------------------------
Slack (setup path):     12.394ns (requirement - (data path - clock path skew + uncertainty))
  Source:               b_reg_1 (FF)
  Destination:          b_reg_27 (FF)
  Requirement:          40.000ns
  Data Path Delay:      27.598ns (Levels of Logic = 28)
  Clock Path Skew:      -0.008ns (0.037 - 0.045)
  Source Clock:         clk_25_BUFGP rising at 0.000ns
  Destination Clock:    clk_25_BUFGP rising at 40.000ns
  Clock Uncertainty:    0.000ns

  Maximum Data Path: b_reg_1 to b_reg_27
    Location             Delay type         Delay(ns)  Physical Resource
                                                       Logical Resource(s)
    -------------------------------------------------  -------------------
    SLICE_X10Y1.YQ       Tcko                  0.652   b_reg<1>
                                                       b_reg_1
    SLICE_X19Y28.BX      net (fanout=41)       3.958   b_reg<1>
    SLICE_X19Y28.X       Tbxx                  0.739   Sh20
                                                       Sh20
    SLICE_X2Y22.G2       net (fanout=4)        2.199   Sh20
    SLICE_X2Y22.X        Tif5x                 1.152   Sh52
                                                       Sh5231_F
                                                       Sh5231
    SLICE_X12Y21.F2      net (fanout=3)        1.594   Sh52
    SLICE_X12Y21.X       Tilo                  0.759   Sh84
                                                       Sh841
    SLICE_X15Y28.F2      net (fanout=1)        1.442   Sh84
    SLICE_X15Y28.COUT    Topcyf                1.162   a<20>
                                                       Madd_a_lut<20>
                                                       Madd_a_cy<20>
                                                       Madd_a_cy<21>
    SLICE_X15Y29.CIN     net (fanout=1)        0.000   Madd_a_cy<21>
    SLICE_X15Y29.COUT    Tbyp                  0.118   a<22>
                                                       Madd_a_cy<22>
                                                       Madd_a_cy<23>
    SLICE_X15Y30.CIN     net (fanout=1)        0.000   Madd_a_cy<23>
    SLICE_X15Y30.COUT    Tbyp                  0.118   a<24>
                                                       Madd_a_cy<24>
                                                       Madd_a_cy<25>
    SLICE_X15Y31.CIN     net (fanout=1)        0.000   Madd_a_cy<25>
    SLICE_X15Y31.COUT    Tbyp                  0.118   a<26>
                                                       Madd_a_cy<26>
                                                       Madd_a_cy<27>
    SLICE_X15Y32.CIN     net (fanout=1)        0.000   Madd_a_cy<27>
    SLICE_X15Y32.COUT    Tbyp                  0.118   a<28>
                                                       Madd_a_cy<28>
                                                       Madd_a_cy<29>
    SLICE_X15Y33.CIN     net (fanout=1)        0.000   Madd_a_cy<29>
    SLICE_X15Y33.Y       Tciny                 0.869   a<30>
                                                       Madd_a_cy<30>
                                                       Madd_a_xor<31>
    SLICE_X18Y30.G4      net (fanout=5)        1.103   a<31>
    SLICE_X18Y30.Y       Tilo                  0.759   Sh1313
                                                       Sh1272
    SLICE_X28Y21.F1      net (fanout=2)        1.384   Sh1272
    SLICE_X28Y21.X       Tif5x                 1.152   Sh97
                                                       Sh1272_rt
                                                       Sh97_f5
    SLICE_X29Y19.G3      net (fanout=4)        0.394   Sh97
    SLICE_X29Y19.X       Tif5x                 1.025   Sh129
                                                       Sh12928_F
                                                       Sh12928
    SLICE_X22Y10.G2      net (fanout=4)        1.063   Sh129
    SLICE_X22Y10.Y       Tilo                  0.759   Sh177
                                                       Sh1611
    SLICE_X23Y10.BY      net (fanout=1)        0.441   Sh161
    SLICE_X23Y10.COUT    Tbycy                 0.972   b<0>
                                                       Madd_b_cy<1>
    SLICE_X23Y11.CIN     net (fanout=1)        0.000   Madd_b_cy<1>
    SLICE_X23Y11.COUT    Tbyp                  0.118   b<2>
                                                       Madd_b_cy<2>
                                                       Madd_b_cy<3>
    SLICE_X23Y12.CIN     net (fanout=1)        0.000   Madd_b_cy<3>
    SLICE_X23Y12.COUT    Tbyp                  0.118   b<4>
                                                       Madd_b_cy<4>
                                                       Madd_b_cy<5>
    SLICE_X23Y13.CIN     net (fanout=1)        0.000   Madd_b_cy<5>
    SLICE_X23Y13.COUT    Tbyp                  0.118   b<6>
                                                       Madd_b_cy<6>
                                                       Madd_b_cy<7>
    SLICE_X23Y14.CIN     net (fanout=1)        0.000   Madd_b_cy<7>
    SLICE_X23Y14.COUT    Tbyp                  0.118   b<8>
                                                       Madd_b_cy<8>
                                                       Madd_b_cy<9>
    SLICE_X23Y15.CIN     net (fanout=1)        0.000   Madd_b_cy<9>
    SLICE_X23Y15.COUT    Tbyp                  0.118   b<10>
                                                       Madd_b_cy<10>
                                                       Madd_b_cy<11>
    SLICE_X23Y16.CIN     net (fanout=1)        0.000   Madd_b_cy<11>
    SLICE_X23Y16.COUT    Tbyp                  0.118   b<12>
                                                       Madd_b_cy<12>
                                                       Madd_b_cy<13>
    SLICE_X23Y17.CIN     net (fanout=1)        0.000   Madd_b_cy<13>
    SLICE_X23Y17.COUT    Tbyp                  0.118   b<14>
                                                       Madd_b_cy<14>
                                                       Madd_b_cy<15>
    SLICE_X23Y18.CIN     net (fanout=1)        0.000   Madd_b_cy<15>
    SLICE_X23Y18.COUT    Tbyp                  0.118   b<16>
                                                       Madd_b_cy<16>
                                                       Madd_b_cy<17>
    SLICE_X23Y19.CIN     net (fanout=1)        0.000   Madd_b_cy<17>
    SLICE_X23Y19.COUT    Tbyp                  0.118   b<18>
                                                       Madd_b_cy<18>
                                                       Madd_b_cy<19>
    SLICE_X23Y20.CIN     net (fanout=1)        0.000   Madd_b_cy<19>
    SLICE_X23Y20.COUT    Tbyp                  0.118   b<20>
                                                       Madd_b_cy<20>
                                                       Madd_b_cy<21>
    SLICE_X23Y21.CIN     net (fanout=1)        0.000   Madd_b_cy<21>
    SLICE_X23Y21.COUT    Tbyp                  0.118   b<22>
                                                       Madd_b_cy<22>
                                                       Madd_b_cy<23>
    SLICE_X23Y22.CIN     net (fanout=1)        0.000   Madd_b_cy<23>
    SLICE_X23Y22.COUT    Tbyp                  0.118   b<24>
                                                       Madd_b_cy<24>
                                                       Madd_b_cy<25>
    SLICE_X23Y23.CIN     net (fanout=1)        0.000   Madd_b_cy<25>
    SLICE_X23Y23.Y       Tciny                 0.869   b<26>
                                                       Madd_b_cy<26>
                                                       Madd_b_xor<27>
    SLICE_X22Y27.F1      net (fanout=1)        0.371   b<27>
    SLICE_X22Y27.CLK     Tfck                  0.892   b_reg<27>
                                                       b_reg_27_mux00001
                                                       b_reg_27
    -------------------------------------------------  ---------------------------
    Total                                     27.598ns (13.649ns logic, 13.949ns route)
                                                       (49.5% logic, 50.5% route)

--------------------------------------------------------------------------------
Slack (setup path):     12.397ns (requirement - (data path - clock path skew + uncertainty))
  Source:               b_reg_1 (FF)
  Destination:          b_reg_27 (FF)
  Requirement:          40.000ns
  Data Path Delay:      27.595ns (Levels of Logic = 27)
  Clock Path Skew:      -0.008ns (0.037 - 0.045)
  Source Clock:         clk_25_BUFGP rising at 0.000ns
  Destination Clock:    clk_25_BUFGP rising at 40.000ns
  Clock Uncertainty:    0.000ns

  Maximum Data Path: b_reg_1 to b_reg_27
    Location             Delay type         Delay(ns)  Physical Resource
                                                       Logical Resource(s)
    -------------------------------------------------  -------------------
    SLICE_X10Y1.YQ       Tcko                  0.652   b_reg<1>
                                                       b_reg_1
    SLICE_X19Y28.BX      net (fanout=41)       3.958   b_reg<1>
    SLICE_X19Y28.X       Tbxx                  0.739   Sh20
                                                       Sh20
    SLICE_X2Y22.G2       net (fanout=4)        2.199   Sh20
    SLICE_X2Y22.X        Tif5x                 1.152   Sh52
                                                       Sh5231_F
                                                       Sh5231
    SLICE_X12Y21.F2      net (fanout=3)        1.594   Sh52
    SLICE_X12Y21.X       Tilo                  0.759   Sh84
                                                       Sh841
    SLICE_X15Y28.F2      net (fanout=1)        1.442   Sh84
    SLICE_X15Y28.COUT    Topcyf                1.162   a<20>
                                                       Madd_a_lut<20>
                                                       Madd_a_cy<20>
                                                       Madd_a_cy<21>
    SLICE_X15Y29.CIN     net (fanout=1)        0.000   Madd_a_cy<21>
    SLICE_X15Y29.COUT    Tbyp                  0.118   a<22>
                                                       Madd_a_cy<22>
                                                       Madd_a_cy<23>
    SLICE_X15Y30.CIN     net (fanout=1)        0.000   Madd_a_cy<23>
    SLICE_X15Y30.COUT    Tbyp                  0.118   a<24>
                                                       Madd_a_cy<24>
                                                       Madd_a_cy<25>
    SLICE_X15Y31.CIN     net (fanout=1)        0.000   Madd_a_cy<25>
    SLICE_X15Y31.COUT    Tbyp                  0.118   a<26>
                                                       Madd_a_cy<26>
                                                       Madd_a_cy<27>
    SLICE_X15Y32.CIN     net (fanout=1)        0.000   Madd_a_cy<27>
    SLICE_X15Y32.Y       Tciny                 0.869   a<28>
                                                       Madd_a_cy<28>
                                                       Madd_a_xor<29>
    SLICE_X19Y32.F1      net (fanout=4)        0.774   a<29>
    SLICE_X19Y32.X       Tilo                  0.704   Sh1262
                                                       Sh1262
    SLICE_X31Y18.F3      net (fanout=4)        1.654   Sh1262
    SLICE_X31Y18.X       Tif5x                 1.025   Sh96
                                                       Sh1262_rt
                                                       Sh96_f5
    SLICE_X30Y18.G3      net (fanout=4)        0.063   Sh96
    SLICE_X30Y18.X       Tif5x                 1.152   Sh128
                                                       Sh12828_F
                                                       Sh12828
    SLICE_X22Y13.G3      net (fanout=3)        1.429   Sh128
    SLICE_X22Y13.Y       Tilo                  0.759   Sh176
                                                       Sh1601
    SLICE_X23Y10.F1      net (fanout=1)        0.445   Sh160
    SLICE_X23Y10.COUT    Topcyf                1.162   b<0>
                                                       Madd_b_lut<0>
                                                       Madd_b_cy<0>
                                                       Madd_b_cy<1>
    SLICE_X23Y11.CIN     net (fanout=1)        0.000   Madd_b_cy<1>
    SLICE_X23Y11.COUT    Tbyp                  0.118   b<2>
                                                       Madd_b_cy<2>
                                                       Madd_b_cy<3>
    SLICE_X23Y12.CIN     net (fanout=1)        0.000   Madd_b_cy<3>
    SLICE_X23Y12.COUT    Tbyp                  0.118   b<4>
                                                       Madd_b_cy<4>
                                                       Madd_b_cy<5>
    SLICE_X23Y13.CIN     net (fanout=1)        0.000   Madd_b_cy<5>
    SLICE_X23Y13.COUT    Tbyp                  0.118   b<6>
                                                       Madd_b_cy<6>
                                                       Madd_b_cy<7>
    SLICE_X23Y14.CIN     net (fanout=1)        0.000   Madd_b_cy<7>
    SLICE_X23Y14.COUT    Tbyp                  0.118   b<8>
                                                       Madd_b_cy<8>
                                                       Madd_b_cy<9>
    SLICE_X23Y15.CIN     net (fanout=1)        0.000   Madd_b_cy<9>
    SLICE_X23Y15.COUT    Tbyp                  0.118   b<10>
                                                       Madd_b_cy<10>
                                                       Madd_b_cy<11>
    SLICE_X23Y16.CIN     net (fanout=1)        0.000   Madd_b_cy<11>
    SLICE_X23Y16.COUT    Tbyp                  0.118   b<12>
                                                       Madd_b_cy<12>
                                                       Madd_b_cy<13>
    SLICE_X23Y17.CIN     net (fanout=1)        0.000   Madd_b_cy<13>
    SLICE_X23Y17.COUT    Tbyp                  0.118   b<14>
                                                       Madd_b_cy<14>
                                                       Madd_b_cy<15>
    SLICE_X23Y18.CIN     net (fanout=1)        0.000   Madd_b_cy<15>
    SLICE_X23Y18.COUT    Tbyp                  0.118   b<16>
                                                       Madd_b_cy<16>
                                                       Madd_b_cy<17>
    SLICE_X23Y19.CIN     net (fanout=1)        0.000   Madd_b_cy<17>
    SLICE_X23Y19.COUT    Tbyp                  0.118   b<18>
                                                       Madd_b_cy<18>
                                                       Madd_b_cy<19>
    SLICE_X23Y20.CIN     net (fanout=1)        0.000   Madd_b_cy<19>
    SLICE_X23Y20.COUT    Tbyp                  0.118   b<20>
                                                       Madd_b_cy<20>
                                                       Madd_b_cy<21>
    SLICE_X23Y21.CIN     net (fanout=1)        0.000   Madd_b_cy<21>
    SLICE_X23Y21.COUT    Tbyp                  0.118   b<22>
                                                       Madd_b_cy<22>
                                                       Madd_b_cy<23>
    SLICE_X23Y22.CIN     net (fanout=1)        0.000   Madd_b_cy<23>
    SLICE_X23Y22.COUT    Tbyp                  0.118   b<24>
                                                       Madd_b_cy<24>
                                                       Madd_b_cy<25>
    SLICE_X23Y23.CIN     net (fanout=1)        0.000   Madd_b_cy<25>
    SLICE_X23Y23.Y       Tciny                 0.869   b<26>
                                                       Madd_b_cy<26>
                                                       Madd_b_xor<27>
    SLICE_X22Y27.F1      net (fanout=1)        0.371   b<27>
    SLICE_X22Y27.CLK     Tfck                  0.892   b_reg<27>
                                                       b_reg_27_mux00001
                                                       b_reg_27
    -------------------------------------------------  ---------------------------
    Total                                     27.595ns (13.666ns logic, 13.929ns route)
                                                       (49.5% logic, 50.5% route)

--------------------------------------------------------------------------------
Slack (setup path):     12.486ns (requirement - (data path - clock path skew + uncertainty))
  Source:               b_reg_1 (FF)
  Destination:          b_reg_27 (FF)
  Requirement:          40.000ns
  Data Path Delay:      27.506ns (Levels of Logic = 36)
  Clock Path Skew:      -0.008ns (0.037 - 0.045)
  Source Clock:         clk_25_BUFGP rising at 0.000ns
  Destination Clock:    clk_25_BUFGP rising at 40.000ns
  Clock Uncertainty:    0.000ns

  Maximum Data Path: b_reg_1 to b_reg_27
    Location             Delay type         Delay(ns)  Physical Resource
                                                       Logical Resource(s)
    -------------------------------------------------  -------------------
    SLICE_X10Y1.YQ       Tcko                  0.652   b_reg<1>
                                                       b_reg_1
    SLICE_X19Y28.BX      net (fanout=41)       3.958   b_reg<1>
    SLICE_X19Y28.X       Tbxx                  0.739   Sh20
                                                       Sh20
    SLICE_X2Y22.G2       net (fanout=4)        2.199   Sh20
    SLICE_X2Y22.X        Tif5x                 1.152   Sh52
                                                       Sh5231_F
                                                       Sh5231
    SLICE_X12Y21.G2      net (fanout=3)        1.634   Sh52
    SLICE_X12Y21.Y       Tilo                  0.759   Sh84
                                                       Sh681
    SLICE_X15Y20.BX      net (fanout=1)        0.433   Sh68
    SLICE_X15Y20.COUT    Tbxcy                 1.095   a<4>
                                                       Madd_a_cy<4>
                                                       Madd_a_cy<5>
    SLICE_X15Y21.CIN     net (fanout=1)        0.000   Madd_a_cy<5>
    SLICE_X15Y21.COUT    Tbyp                  0.118   a<6>
                                                       Madd_a_cy<6>
                                                       Madd_a_cy<7>
    SLICE_X15Y22.CIN     net (fanout=1)        0.000   Madd_a_cy<7>
    SLICE_X15Y22.COUT    Tbyp                  0.118   a<8>
                                                       Madd_a_cy<8>
                                                       Madd_a_cy<9>
    SLICE_X15Y23.CIN     net (fanout=1)        0.000   Madd_a_cy<9>
    SLICE_X15Y23.COUT    Tbyp                  0.118   a<10>
                                                       Madd_a_cy<10>
                                                       Madd_a_cy<11>
    SLICE_X15Y24.CIN     net (fanout=1)        0.000   Madd_a_cy<11>
    SLICE_X15Y24.COUT    Tbyp                  0.118   a<12>
                                                       Madd_a_cy<12>
                                                       Madd_a_cy<13>
    SLICE_X15Y25.CIN     net (fanout=1)        0.000   Madd_a_cy<13>
    SLICE_X15Y25.COUT    Tbyp                  0.118   a<14>
                                                       Madd_a_cy<14>
                                                       Madd_a_cy<15>
    SLICE_X15Y26.CIN     net (fanout=1)        0.000   Madd_a_cy<15>
    SLICE_X15Y26.COUT    Tbyp                  0.118   a<16>
                                                       Madd_a_cy<16>
                                                       Madd_a_cy<17>
    SLICE_X15Y27.CIN     net (fanout=1)        0.000   Madd_a_cy<17>
    SLICE_X15Y27.COUT    Tbyp                  0.118   a<18>
                                                       Madd_a_cy<18>
                                                       Madd_a_cy<19>
    SLICE_X15Y28.CIN     net (fanout=1)        0.000   Madd_a_cy<19>
    SLICE_X15Y28.COUT    Tbyp                  0.118   a<20>
                                                       Madd_a_cy<20>
                                                       Madd_a_cy<21>
    SLICE_X15Y29.CIN     net (fanout=1)        0.000   Madd_a_cy<21>
    SLICE_X15Y29.COUT    Tbyp                  0.118   a<22>
                                                       Madd_a_cy<22>
                                                       Madd_a_cy<23>
    SLICE_X15Y30.CIN     net (fanout=1)        0.000   Madd_a_cy<23>
    SLICE_X15Y30.COUT    Tbyp                  0.118   a<24>
                                                       Madd_a_cy<24>
                                                       Madd_a_cy<25>
    SLICE_X15Y31.CIN     net (fanout=1)        0.000   Madd_a_cy<25>
    SLICE_X15Y31.COUT    Tbyp                  0.118   a<26>
                                                       Madd_a_cy<26>
                                                       Madd_a_cy<27>
    SLICE_X15Y32.CIN     net (fanout=1)        0.000   Madd_a_cy<27>
    SLICE_X15Y32.COUT    Tbyp                  0.118   a<28>
                                                       Madd_a_cy<28>
                                                       Madd_a_cy<29>
    SLICE_X15Y33.CIN     net (fanout=1)        0.000   Madd_a_cy<29>
    SLICE_X15Y33.Y       Tciny                 0.869   a<30>
                                                       Madd_a_cy<30>
                                                       Madd_a_xor<31>
    SLICE_X18Y30.G4      net (fanout=5)        1.103   a<31>
    SLICE_X18Y30.Y       Tilo                  0.759   Sh1313
                                                       Sh1272
    SLICE_X28Y21.F1      net (fanout=2)        1.384   Sh1272
    SLICE_X28Y21.X       Tif5x                 1.152   Sh97
                                                       Sh1272_rt
                                                       Sh97_f5
    SLICE_X29Y19.G3      net (fanout=4)        0.394   Sh97
    SLICE_X29Y19.X       Tif5x                 1.025   Sh129
                                                       Sh12928_F
                                                       Sh12928
    SLICE_X22Y10.G2      net (fanout=4)        1.063   Sh129
    SLICE_X22Y10.Y       Tilo                  0.759   Sh177
                                                       Sh1611
    SLICE_X23Y10.BY      net (fanout=1)        0.441   Sh161
    SLICE_X23Y10.COUT    Tbycy                 0.972   b<0>
                                                       Madd_b_cy<1>
    SLICE_X23Y11.CIN     net (fanout=1)        0.000   Madd_b_cy<1>
    SLICE_X23Y11.COUT    Tbyp                  0.118   b<2>
                                                       Madd_b_cy<2>
                                                       Madd_b_cy<3>
    SLICE_X23Y12.CIN     net (fanout=1)        0.000   Madd_b_cy<3>
    SLICE_X23Y12.COUT    Tbyp                  0.118   b<4>
                                                       Madd_b_cy<4>
                                                       Madd_b_cy<5>
    SLICE_X23Y13.CIN     net (fanout=1)        0.000   Madd_b_cy<5>
    SLICE_X23Y13.COUT    Tbyp                  0.118   b<6>
                                                       Madd_b_cy<6>
                                                       Madd_b_cy<7>
    SLICE_X23Y14.CIN     net (fanout=1)        0.000   Madd_b_cy<7>
    SLICE_X23Y14.COUT    Tbyp                  0.118   b<8>
                                                       Madd_b_cy<8>
                                                       Madd_b_cy<9>
    SLICE_X23Y15.CIN     net (fanout=1)        0.000   Madd_b_cy<9>
    SLICE_X23Y15.COUT    Tbyp                  0.118   b<10>
                                                       Madd_b_cy<10>
                                                       Madd_b_cy<11>
    SLICE_X23Y16.CIN     net (fanout=1)        0.000   Madd_b_cy<11>
    SLICE_X23Y16.COUT    Tbyp                  0.118   b<12>
                                                       Madd_b_cy<12>
                                                       Madd_b_cy<13>
    SLICE_X23Y17.CIN     net (fanout=1)        0.000   Madd_b_cy<13>
    SLICE_X23Y17.COUT    Tbyp                  0.118   b<14>
                                                       Madd_b_cy<14>
                                                       Madd_b_cy<15>
    SLICE_X23Y18.CIN     net (fanout=1)        0.000   Madd_b_cy<15>
    SLICE_X23Y18.COUT    Tbyp                  0.118   b<16>
                                                       Madd_b_cy<16>
                                                       Madd_b_cy<17>
    SLICE_X23Y19.CIN     net (fanout=1)        0.000   Madd_b_cy<17>
    SLICE_X23Y19.COUT    Tbyp                  0.118   b<18>
                                                       Madd_b_cy<18>
                                                       Madd_b_cy<19>
    SLICE_X23Y20.CIN     net (fanout=1)        0.000   Madd_b_cy<19>
    SLICE_X23Y20.COUT    Tbyp                  0.118   b<20>
                                                       Madd_b_cy<20>
                                                       Madd_b_cy<21>
    SLICE_X23Y21.CIN     net (fanout=1)        0.000   Madd_b_cy<21>
    SLICE_X23Y21.COUT    Tbyp                  0.118   b<22>
                                                       Madd_b_cy<22>
                                                       Madd_b_cy<23>
    SLICE_X23Y22.CIN     net (fanout=1)        0.000   Madd_b_cy<23>
    SLICE_X23Y22.COUT    Tbyp                  0.118   b<24>
                                                       Madd_b_cy<24>
                                                       Madd_b_cy<25>
    SLICE_X23Y23.CIN     net (fanout=1)        0.000   Madd_b_cy<25>
    SLICE_X23Y23.Y       Tciny                 0.869   b<26>
                                                       Madd_b_cy<26>
                                                       Madd_b_xor<27>
    SLICE_X22Y27.F1      net (fanout=1)        0.371   b<27>
    SLICE_X22Y27.CLK     Tfck                  0.892   b_reg<27>
                                                       b_reg_27_mux00001
                                                       b_reg_27
    -------------------------------------------------  ---------------------------
    Total                                     27.506ns (14.526ns logic, 12.980ns route)
                                                       (52.8% logic, 47.2% route)

--------------------------------------------------------------------------------

Paths for end point b_reg_31 (SLICE_X22Y25.F1), 6757258 paths
--------------------------------------------------------------------------------
Slack (setup path):     12.411ns (requirement - (data path - clock path skew + uncertainty))
  Source:               b_reg_1 (FF)
  Destination:          b_reg_31 (FF)
  Requirement:          40.000ns
  Data Path Delay:      27.582ns (Levels of Logic = 30)
  Clock Path Skew:      -0.007ns (0.038 - 0.045)
  Source Clock:         clk_25_BUFGP rising at 0.000ns
  Destination Clock:    clk_25_BUFGP rising at 40.000ns
  Clock Uncertainty:    0.000ns

  Maximum Data Path: b_reg_1 to b_reg_31
    Location             Delay type         Delay(ns)  Physical Resource
                                                       Logical Resource(s)
    -------------------------------------------------  -------------------
    SLICE_X10Y1.YQ       Tcko                  0.652   b_reg<1>
                                                       b_reg_1
    SLICE_X19Y28.BX      net (fanout=41)       3.958   b_reg<1>
    SLICE_X19Y28.X       Tbxx                  0.739   Sh20
                                                       Sh20
    SLICE_X2Y22.G2       net (fanout=4)        2.199   Sh20
    SLICE_X2Y22.X        Tif5x                 1.152   Sh52
                                                       Sh5231_F
                                                       Sh5231
    SLICE_X12Y21.F2      net (fanout=3)        1.594   Sh52
    SLICE_X12Y21.X       Tilo                  0.759   Sh84
                                                       Sh841
    SLICE_X15Y28.F2      net (fanout=1)        1.442   Sh84
    SLICE_X15Y28.COUT    Topcyf                1.162   a<20>
                                                       Madd_a_lut<20>
                                                       Madd_a_cy<20>
                                                       Madd_a_cy<21>
    SLICE_X15Y29.CIN     net (fanout=1)        0.000   Madd_a_cy<21>
    SLICE_X15Y29.COUT    Tbyp                  0.118   a<22>
                                                       Madd_a_cy<22>
                                                       Madd_a_cy<23>
    SLICE_X15Y30.CIN     net (fanout=1)        0.000   Madd_a_cy<23>
    SLICE_X15Y30.COUT    Tbyp                  0.118   a<24>
                                                       Madd_a_cy<24>
                                                       Madd_a_cy<25>
    SLICE_X15Y31.CIN     net (fanout=1)        0.000   Madd_a_cy<25>
    SLICE_X15Y31.COUT    Tbyp                  0.118   a<26>
                                                       Madd_a_cy<26>
                                                       Madd_a_cy<27>
    SLICE_X15Y32.CIN     net (fanout=1)        0.000   Madd_a_cy<27>
    SLICE_X15Y32.COUT    Tbyp                  0.118   a<28>
                                                       Madd_a_cy<28>
                                                       Madd_a_cy<29>
    SLICE_X15Y33.CIN     net (fanout=1)        0.000   Madd_a_cy<29>
    SLICE_X15Y33.Y       Tciny                 0.869   a<30>
                                                       Madd_a_cy<30>
                                                       Madd_a_xor<31>
    SLICE_X18Y30.G4      net (fanout=5)        1.103   a<31>
    SLICE_X18Y30.Y       Tilo                  0.759   Sh1313
                                                       Sh1272
    SLICE_X28Y21.F1      net (fanout=2)        1.384   Sh1272
    SLICE_X28Y21.X       Tif5x                 1.152   Sh97
                                                       Sh1272_rt
                                                       Sh97_f5
    SLICE_X29Y19.G3      net (fanout=4)        0.394   Sh97
    SLICE_X29Y19.X       Tif5x                 1.025   Sh129
                                                       Sh12928_F
                                                       Sh12928
    SLICE_X22Y10.G2      net (fanout=4)        1.063   Sh129
    SLICE_X22Y10.Y       Tilo                  0.759   Sh177
                                                       Sh1611
    SLICE_X23Y10.BY      net (fanout=1)        0.441   Sh161
    SLICE_X23Y10.COUT    Tbycy                 0.972   b<0>
                                                       Madd_b_cy<1>
    SLICE_X23Y11.CIN     net (fanout=1)        0.000   Madd_b_cy<1>
    SLICE_X23Y11.COUT    Tbyp                  0.118   b<2>
                                                       Madd_b_cy<2>
                                                       Madd_b_cy<3>
    SLICE_X23Y12.CIN     net (fanout=1)        0.000   Madd_b_cy<3>
    SLICE_X23Y12.COUT    Tbyp                  0.118   b<4>
                                                       Madd_b_cy<4>
                                                       Madd_b_cy<5>
    SLICE_X23Y13.CIN     net (fanout=1)        0.000   Madd_b_cy<5>
    SLICE_X23Y13.COUT    Tbyp                  0.118   b<6>
                                                       Madd_b_cy<6>
                                                       Madd_b_cy<7>
    SLICE_X23Y14.CIN     net (fanout=1)        0.000   Madd_b_cy<7>
    SLICE_X23Y14.COUT    Tbyp                  0.118   b<8>
                                                       Madd_b_cy<8>
                                                       Madd_b_cy<9>
    SLICE_X23Y15.CIN     net (fanout=1)        0.000   Madd_b_cy<9>
    SLICE_X23Y15.COUT    Tbyp                  0.118   b<10>
                                                       Madd_b_cy<10>
                                                       Madd_b_cy<11>
    SLICE_X23Y16.CIN     net (fanout=1)        0.000   Madd_b_cy<11>
    SLICE_X23Y16.COUT    Tbyp                  0.118   b<12>
                                                       Madd_b_cy<12>
                                                       Madd_b_cy<13>
    SLICE_X23Y17.CIN     net (fanout=1)        0.000   Madd_b_cy<13>
    SLICE_X23Y17.COUT    Tbyp                  0.118   b<14>
                                                       Madd_b_cy<14>
                                                       Madd_b_cy<15>
    SLICE_X23Y18.CIN     net (fanout=1)        0.000   Madd_b_cy<15>
    SLICE_X23Y18.COUT    Tbyp                  0.118   b<16>
                                                       Madd_b_cy<16>
                                                       Madd_b_cy<17>
    SLICE_X23Y19.CIN     net (fanout=1)        0.000   Madd_b_cy<17>
    SLICE_X23Y19.COUT    Tbyp                  0.118   b<18>
                                                       Madd_b_cy<18>
                                                       Madd_b_cy<19>
    SLICE_X23Y20.CIN     net (fanout=1)        0.000   Madd_b_cy<19>
    SLICE_X23Y20.COUT    Tbyp                  0.118   b<20>
                                                       Madd_b_cy<20>
                                                       Madd_b_cy<21>
    SLICE_X23Y21.CIN     net (fanout=1)        0.000   Madd_b_cy<21>
    SLICE_X23Y21.COUT    Tbyp                  0.118   b<22>
                                                       Madd_b_cy<22>
                                                       Madd_b_cy<23>
    SLICE_X23Y22.CIN     net (fanout=1)        0.000   Madd_b_cy<23>
    SLICE_X23Y22.COUT    Tbyp                  0.118   b<24>
                                                       Madd_b_cy<24>
                                                       Madd_b_cy<25>
    SLICE_X23Y23.CIN     net (fanout=1)        0.000   Madd_b_cy<25>
    SLICE_X23Y23.COUT    Tbyp                  0.118   b<26>
                                                       Madd_b_cy<26>
                                                       Madd_b_cy<27>
    SLICE_X23Y24.CIN     net (fanout=1)        0.000   Madd_b_cy<27>
    SLICE_X23Y24.COUT    Tbyp                  0.118   b<28>
                                                       Madd_b_cy<28>
                                                       Madd_b_cy<29>
    SLICE_X23Y25.CIN     net (fanout=1)        0.000   Madd_b_cy<29>
    SLICE_X23Y25.Y       Tciny                 0.869   b<30>
                                                       Madd_b_cy<30>
                                                       Madd_b_xor<31>
    SLICE_X22Y25.F1      net (fanout=1)        0.119   b<31>
    SLICE_X22Y25.CLK     Tfck                  0.892   b_reg<31>
                                                       b_reg_31_mux00001
                                                       b_reg_31
    -------------------------------------------------  ---------------------------
    Total                                     27.582ns (13.885ns logic, 13.697ns route)
                                                       (50.3% logic, 49.7% route)

--------------------------------------------------------------------------------
Slack (setup path):     12.414ns (requirement - (data path - clock path skew + uncertainty))
  Source:               b_reg_1 (FF)
  Destination:          b_reg_31 (FF)
  Requirement:          40.000ns
  Data Path Delay:      27.579ns (Levels of Logic = 29)
  Clock Path Skew:      -0.007ns (0.038 - 0.045)
  Source Clock:         clk_25_BUFGP rising at 0.000ns
  Destination Clock:    clk_25_BUFGP rising at 40.000ns
  Clock Uncertainty:    0.000ns

  Maximum Data Path: b_reg_1 to b_reg_31
    Location             Delay type         Delay(ns)  Physical Resource
                                                       Logical Resource(s)
    -------------------------------------------------  -------------------
    SLICE_X10Y1.YQ       Tcko                  0.652   b_reg<1>
                                                       b_reg_1
    SLICE_X19Y28.BX      net (fanout=41)       3.958   b_reg<1>
    SLICE_X19Y28.X       Tbxx                  0.739   Sh20
                                                       Sh20
    SLICE_X2Y22.G2       net (fanout=4)        2.199   Sh20
    SLICE_X2Y22.X        Tif5x                 1.152   Sh52
                                                       Sh5231_F
                                                       Sh5231
    SLICE_X12Y21.F2      net (fanout=3)        1.594   Sh52
    SLICE_X12Y21.X       Tilo                  0.759   Sh84
                                                       Sh841
    SLICE_X15Y28.F2      net (fanout=1)        1.442   Sh84
    SLICE_X15Y28.COUT    Topcyf                1.162   a<20>
                                                       Madd_a_lut<20>
                                                       Madd_a_cy<20>
                                                       Madd_a_cy<21>
    SLICE_X15Y29.CIN     net (fanout=1)        0.000   Madd_a_cy<21>
    SLICE_X15Y29.COUT    Tbyp                  0.118   a<22>
                                                       Madd_a_cy<22>
                                                       Madd_a_cy<23>
    SLICE_X15Y30.CIN     net (fanout=1)        0.000   Madd_a_cy<23>
    SLICE_X15Y30.COUT    Tbyp                  0.118   a<24>
                                                       Madd_a_cy<24>
                                                       Madd_a_cy<25>
    SLICE_X15Y31.CIN     net (fanout=1)        0.000   Madd_a_cy<25>
    SLICE_X15Y31.COUT    Tbyp                  0.118   a<26>
                                                       Madd_a_cy<26>
                                                       Madd_a_cy<27>
    SLICE_X15Y32.CIN     net (fanout=1)        0.000   Madd_a_cy<27>
    SLICE_X15Y32.Y       Tciny                 0.869   a<28>
                                                       Madd_a_cy<28>
                                                       Madd_a_xor<29>
    SLICE_X19Y32.F1      net (fanout=4)        0.774   a<29>
    SLICE_X19Y32.X       Tilo                  0.704   Sh1262
                                                       Sh1262
    SLICE_X31Y18.F3      net (fanout=4)        1.654   Sh1262
    SLICE_X31Y18.X       Tif5x                 1.025   Sh96
                                                       Sh1262_rt
                                                       Sh96_f5
    SLICE_X30Y18.G3      net (fanout=4)        0.063   Sh96
    SLICE_X30Y18.X       Tif5x                 1.152   Sh128
                                                       Sh12828_F
                                                       Sh12828
    SLICE_X22Y13.G3      net (fanout=3)        1.429   Sh128
    SLICE_X22Y13.Y       Tilo                  0.759   Sh176
                                                       Sh1601
    SLICE_X23Y10.F1      net (fanout=1)        0.445   Sh160
    SLICE_X23Y10.COUT    Topcyf                1.162   b<0>
                                                       Madd_b_lut<0>
                                                       Madd_b_cy<0>
                                                       Madd_b_cy<1>
    SLICE_X23Y11.CIN     net (fanout=1)        0.000   Madd_b_cy<1>
    SLICE_X23Y11.COUT    Tbyp                  0.118   b<2>
                                                       Madd_b_cy<2>
                                                       Madd_b_cy<3>
    SLICE_X23Y12.CIN     net (fanout=1)        0.000   Madd_b_cy<3>
    SLICE_X23Y12.COUT    Tbyp                  0.118   b<4>
                                                       Madd_b_cy<4>
                                                       Madd_b_cy<5>
    SLICE_X23Y13.CIN     net (fanout=1)        0.000   Madd_b_cy<5>
    SLICE_X23Y13.COUT    Tbyp                  0.118   b<6>
                                                       Madd_b_cy<6>
                                                       Madd_b_cy<7>
    SLICE_X23Y14.CIN     net (fanout=1)        0.000   Madd_b_cy<7>
    SLICE_X23Y14.COUT    Tbyp                  0.118   b<8>
                                                       Madd_b_cy<8>
                                                       Madd_b_cy<9>
    SLICE_X23Y15.CIN     net (fanout=1)        0.000   Madd_b_cy<9>
    SLICE_X23Y15.COUT    Tbyp                  0.118   b<10>
                                                       Madd_b_cy<10>
                                                       Madd_b_cy<11>
    SLICE_X23Y16.CIN     net (fanout=1)        0.000   Madd_b_cy<11>
    SLICE_X23Y16.COUT    Tbyp                  0.118   b<12>
                                                       Madd_b_cy<12>
                                                       Madd_b_cy<13>
    SLICE_X23Y17.CIN     net (fanout=1)        0.000   Madd_b_cy<13>
    SLICE_X23Y17.COUT    Tbyp                  0.118   b<14>
                                                       Madd_b_cy<14>
                                                       Madd_b_cy<15>
    SLICE_X23Y18.CIN     net (fanout=1)        0.000   Madd_b_cy<15>
    SLICE_X23Y18.COUT    Tbyp                  0.118   b<16>
                                                       Madd_b_cy<16>
                                                       Madd_b_cy<17>
    SLICE_X23Y19.CIN     net (fanout=1)        0.000   Madd_b_cy<17>
    SLICE_X23Y19.COUT    Tbyp                  0.118   b<18>
                                                       Madd_b_cy<18>
                                                       Madd_b_cy<19>
    SLICE_X23Y20.CIN     net (fanout=1)        0.000   Madd_b_cy<19>
    SLICE_X23Y20.COUT    Tbyp                  0.118   b<20>
                                                       Madd_b_cy<20>
                                                       Madd_b_cy<21>
    SLICE_X23Y21.CIN     net (fanout=1)        0.000   Madd_b_cy<21>
    SLICE_X23Y21.COUT    Tbyp                  0.118   b<22>
                                                       Madd_b_cy<22>
                                                       Madd_b_cy<23>
    SLICE_X23Y22.CIN     net (fanout=1)        0.000   Madd_b_cy<23>
    SLICE_X23Y22.COUT    Tbyp                  0.118   b<24>
                                                       Madd_b_cy<24>
                                                       Madd_b_cy<25>
    SLICE_X23Y23.CIN     net (fanout=1)        0.000   Madd_b_cy<25>
    SLICE_X23Y23.COUT    Tbyp                  0.118   b<26>
                                                       Madd_b_cy<26>
                                                       Madd_b_cy<27>
    SLICE_X23Y24.CIN     net (fanout=1)        0.000   Madd_b_cy<27>
    SLICE_X23Y24.COUT    Tbyp                  0.118   b<28>
                                                       Madd_b_cy<28>
                                                       Madd_b_cy<29>
    SLICE_X23Y25.CIN     net (fanout=1)        0.000   Madd_b_cy<29>
    SLICE_X23Y25.Y       Tciny                 0.869   b<30>
                                                       Madd_b_cy<30>
                                                       Madd_b_xor<31>
    SLICE_X22Y25.F1      net (fanout=1)        0.119   b<31>
    SLICE_X22Y25.CLK     Tfck                  0.892   b_reg<31>
                                                       b_reg_31_mux00001
                                                       b_reg_31
    -------------------------------------------------  ---------------------------
    Total                                     27.579ns (13.902ns logic, 13.677ns route)
                                                       (50.4% logic, 49.6% route)

--------------------------------------------------------------------------------
Slack (setup path):     12.503ns (requirement - (data path - clock path skew + uncertainty))
  Source:               b_reg_1 (FF)
  Destination:          b_reg_31 (FF)
  Requirement:          40.000ns
  Data Path Delay:      27.490ns (Levels of Logic = 38)
  Clock Path Skew:      -0.007ns (0.038 - 0.045)
  Source Clock:         clk_25_BUFGP rising at 0.000ns
  Destination Clock:    clk_25_BUFGP rising at 40.000ns
  Clock Uncertainty:    0.000ns

  Maximum Data Path: b_reg_1 to b_reg_31
    Location             Delay type         Delay(ns)  Physical Resource
                                                       Logical Resource(s)
    -------------------------------------------------  -------------------
    SLICE_X10Y1.YQ       Tcko                  0.652   b_reg<1>
                                                       b_reg_1
    SLICE_X19Y28.BX      net (fanout=41)       3.958   b_reg<1>
    SLICE_X19Y28.X       Tbxx                  0.739   Sh20
                                                       Sh20
    SLICE_X2Y22.G2       net (fanout=4)        2.199   Sh20
    SLICE_X2Y22.X        Tif5x                 1.152   Sh52
                                                       Sh5231_F
                                                       Sh5231
    SLICE_X12Y21.G2      net (fanout=3)        1.634   Sh52
    SLICE_X12Y21.Y       Tilo                  0.759   Sh84
                                                       Sh681
    SLICE_X15Y20.BX      net (fanout=1)        0.433   Sh68
    SLICE_X15Y20.COUT    Tbxcy                 1.095   a<4>
                                                       Madd_a_cy<4>
                                                       Madd_a_cy<5>
    SLICE_X15Y21.CIN     net (fanout=1)        0.000   Madd_a_cy<5>
    SLICE_X15Y21.COUT    Tbyp                  0.118   a<6>
                                                       Madd_a_cy<6>
                                                       Madd_a_cy<7>
    SLICE_X15Y22.CIN     net (fanout=1)        0.000   Madd_a_cy<7>
    SLICE_X15Y22.COUT    Tbyp                  0.118   a<8>
                                                       Madd_a_cy<8>
                                                       Madd_a_cy<9>
    SLICE_X15Y23.CIN     net (fanout=1)        0.000   Madd_a_cy<9>
    SLICE_X15Y23.COUT    Tbyp                  0.118   a<10>
                                                       Madd_a_cy<10>
                                                       Madd_a_cy<11>
    SLICE_X15Y24.CIN     net (fanout=1)        0.000   Madd_a_cy<11>
    SLICE_X15Y24.COUT    Tbyp                  0.118   a<12>
                                                       Madd_a_cy<12>
                                                       Madd_a_cy<13>
    SLICE_X15Y25.CIN     net (fanout=1)        0.000   Madd_a_cy<13>
    SLICE_X15Y25.COUT    Tbyp                  0.118   a<14>
                                                       Madd_a_cy<14>
                                                       Madd_a_cy<15>
    SLICE_X15Y26.CIN     net (fanout=1)        0.000   Madd_a_cy<15>
    SLICE_X15Y26.COUT    Tbyp                  0.118   a<16>
                                                       Madd_a_cy<16>
                                                       Madd_a_cy<17>
    SLICE_X15Y27.CIN     net (fanout=1)        0.000   Madd_a_cy<17>
    SLICE_X15Y27.COUT    Tbyp                  0.118   a<18>
                                                       Madd_a_cy<18>
                                                       Madd_a_cy<19>
    SLICE_X15Y28.CIN     net (fanout=1)        0.000   Madd_a_cy<19>
    SLICE_X15Y28.COUT    Tbyp                  0.118   a<20>
                                                       Madd_a_cy<20>
                                                       Madd_a_cy<21>
    SLICE_X15Y29.CIN     net (fanout=1)        0.000   Madd_a_cy<21>
    SLICE_X15Y29.COUT    Tbyp                  0.118   a<22>
                                                       Madd_a_cy<22>
                                                       Madd_a_cy<23>
    SLICE_X15Y30.CIN     net (fanout=1)        0.000   Madd_a_cy<23>
    SLICE_X15Y30.COUT    Tbyp                  0.118   a<24>
                                                       Madd_a_cy<24>
                                                       Madd_a_cy<25>
    SLICE_X15Y31.CIN     net (fanout=1)        0.000   Madd_a_cy<25>
    SLICE_X15Y31.COUT    Tbyp                  0.118   a<26>
                                                       Madd_a_cy<26>
                                                       Madd_a_cy<27>
    SLICE_X15Y32.CIN     net (fanout=1)        0.000   Madd_a_cy<27>
    SLICE_X15Y32.COUT    Tbyp                  0.118   a<28>
                                                       Madd_a_cy<28>
                                                       Madd_a_cy<29>
    SLICE_X15Y33.CIN     net (fanout=1)        0.000   Madd_a_cy<29>
    SLICE_X15Y33.Y       Tciny                 0.869   a<30>
                                                       Madd_a_cy<30>
                                                       Madd_a_xor<31>
    SLICE_X18Y30.G4      net (fanout=5)        1.103   a<31>
    SLICE_X18Y30.Y       Tilo                  0.759   Sh1313
                                                       Sh1272
    SLICE_X28Y21.F1      net (fanout=2)        1.384   Sh1272
    SLICE_X28Y21.X       Tif5x                 1.152   Sh97
                                                       Sh1272_rt
                                                       Sh97_f5
    SLICE_X29Y19.G3      net (fanout=4)        0.394   Sh97
    SLICE_X29Y19.X       Tif5x                 1.025   Sh129
                                                       Sh12928_F
                                                       Sh12928
    SLICE_X22Y10.G2      net (fanout=4)        1.063   Sh129
    SLICE_X22Y10.Y       Tilo                  0.759   Sh177
                                                       Sh1611
    SLICE_X23Y10.BY      net (fanout=1)        0.441   Sh161
    SLICE_X23Y10.COUT    Tbycy                 0.972   b<0>
                                                       Madd_b_cy<1>
    SLICE_X23Y11.CIN     net (fanout=1)        0.000   Madd_b_cy<1>
    SLICE_X23Y11.COUT    Tbyp                  0.118   b<2>
                                                       Madd_b_cy<2>
                                                       Madd_b_cy<3>
    SLICE_X23Y12.CIN     net (fanout=1)        0.000   Madd_b_cy<3>
    SLICE_X23Y12.COUT    Tbyp                  0.118   b<4>
                                                       Madd_b_cy<4>
                                                       Madd_b_cy<5>
    SLICE_X23Y13.CIN     net (fanout=1)        0.000   Madd_b_cy<5>
    SLICE_X23Y13.COUT    Tbyp                  0.118   b<6>
                                                       Madd_b_cy<6>
                                                       Madd_b_cy<7>
    SLICE_X23Y14.CIN     net (fanout=1)        0.000   Madd_b_cy<7>
    SLICE_X23Y14.COUT    Tbyp                  0.118   b<8>
                                                       Madd_b_cy<8>
                                                       Madd_b_cy<9>
    SLICE_X23Y15.CIN     net (fanout=1)        0.000   Madd_b_cy<9>
    SLICE_X23Y15.COUT    Tbyp                  0.118   b<10>
                                                       Madd_b_cy<10>
                                                       Madd_b_cy<11>
    SLICE_X23Y16.CIN     net (fanout=1)        0.000   Madd_b_cy<11>
    SLICE_X23Y16.COUT    Tbyp                  0.118   b<12>
                                                       Madd_b_cy<12>
                                                       Madd_b_cy<13>
    SLICE_X23Y17.CIN     net (fanout=1)        0.000   Madd_b_cy<13>
    SLICE_X23Y17.COUT    Tbyp                  0.118   b<14>
                                                       Madd_b_cy<14>
                                                       Madd_b_cy<15>
    SLICE_X23Y18.CIN     net (fanout=1)        0.000   Madd_b_cy<15>
    SLICE_X23Y18.COUT    Tbyp                  0.118   b<16>
                                                       Madd_b_cy<16>
                                                       Madd_b_cy<17>
    SLICE_X23Y19.CIN     net (fanout=1)        0.000   Madd_b_cy<17>
    SLICE_X23Y19.COUT    Tbyp                  0.118   b<18>
                                                       Madd_b_cy<18>
                                                       Madd_b_cy<19>
    SLICE_X23Y20.CIN     net (fanout=1)        0.000   Madd_b_cy<19>
    SLICE_X23Y20.COUT    Tbyp                  0.118   b<20>
                                                       Madd_b_cy<20>
                                                       Madd_b_cy<21>
    SLICE_X23Y21.CIN     net (fanout=1)        0.000   Madd_b_cy<21>
    SLICE_X23Y21.COUT    Tbyp                  0.118   b<22>
                                                       Madd_b_cy<22>
                                                       Madd_b_cy<23>
    SLICE_X23Y22.CIN     net (fanout=1)        0.000   Madd_b_cy<23>
    SLICE_X23Y22.COUT    Tbyp                  0.118   b<24>
                                                       Madd_b_cy<24>
                                                       Madd_b_cy<25>
    SLICE_X23Y23.CIN     net (fanout=1)        0.000   Madd_b_cy<25>
    SLICE_X23Y23.COUT    Tbyp                  0.118   b<26>
                                                       Madd_b_cy<26>
                                                       Madd_b_cy<27>
    SLICE_X23Y24.CIN     net (fanout=1)        0.000   Madd_b_cy<27>
    SLICE_X23Y24.COUT    Tbyp                  0.118   b<28>
                                                       Madd_b_cy<28>
                                                       Madd_b_cy<29>
    SLICE_X23Y25.CIN     net (fanout=1)        0.000   Madd_b_cy<29>
    SLICE_X23Y25.Y       Tciny                 0.869   b<30>
                                                       Madd_b_cy<30>
                                                       Madd_b_xor<31>
    SLICE_X22Y25.F1      net (fanout=1)        0.119   b<31>
    SLICE_X22Y25.CLK     Tfck                  0.892   b_reg<31>
                                                       b_reg_31_mux00001
                                                       b_reg_31
    -------------------------------------------------  ---------------------------
    Total                                     27.490ns (14.762ns logic, 12.728ns route)
                                                       (53.7% logic, 46.3% route)

--------------------------------------------------------------------------------

Hold Paths: TS_clk_25 = PERIOD TIMEGRP "clk_25" 40 ns HIGH 50%;
--------------------------------------------------------------------------------

Paths for end point a_reg_19 (SLICE_X19Y27.F4), 1 path
--------------------------------------------------------------------------------
Slack (hold path):      1.329ns (requirement - (clock path skew + uncertainty - data path))
  Source:               a_reg_19 (FF)
  Destination:          a_reg_19 (FF)
  Requirement:          0.000ns
  Data Path Delay:      1.329ns (Levels of Logic = 1)
  Clock Path Skew:      0.000ns
  Source Clock:         clk_25_BUFGP rising at 40.000ns
  Destination Clock:    clk_25_BUFGP rising at 40.000ns
  Clock Uncertainty:    0.000ns

  Minimum Data Path: a_reg_19 to a_reg_19
    Location             Delay type         Delay(ns)  Physical Resource
                                                       Logical Resource(s)
    -------------------------------------------------  -------------------
    SLICE_X19Y27.XQ      Tcko                  0.473   a_reg<19>
                                                       a_reg_19
    SLICE_X19Y27.F4      net (fanout=2)        0.340   a_reg<19>
    SLICE_X19Y27.CLK     Tckf        (-Th)    -0.516   a_reg<19>
                                                       a_reg_19_mux00001
                                                       a_reg_19
    -------------------------------------------------  ---------------------------
    Total                                      1.329ns (0.989ns logic, 0.340ns route)
                                                       (74.4% logic, 25.6% route)

--------------------------------------------------------------------------------

Paths for end point a_reg_27 (SLICE_X16Y31.F4), 1 path
--------------------------------------------------------------------------------
Slack (hold path):      1.344ns (requirement - (clock path skew + uncertainty - data path))
  Source:               a_reg_27 (FF)
  Destination:          a_reg_27 (FF)
  Requirement:          0.000ns
  Data Path Delay:      1.344ns (Levels of Logic = 1)
  Clock Path Skew:      0.000ns
  Source Clock:         clk_25_BUFGP rising at 40.000ns
  Destination Clock:    clk_25_BUFGP rising at 40.000ns
  Clock Uncertainty:    0.000ns

  Minimum Data Path: a_reg_27 to a_reg_27
    Location             Delay type         Delay(ns)  Physical Resource
                                                       Logical Resource(s)
    -------------------------------------------------  -------------------
    SLICE_X16Y31.XQ      Tcko                  0.474   a_reg<27>
                                                       a_reg_27
    SLICE_X16Y31.F4      net (fanout=2)        0.310   a_reg<27>
    SLICE_X16Y31.CLK     Tckf        (-Th)    -0.560   a_reg<27>
                                                       a_reg_27_mux00001
                                                       a_reg_27
    -------------------------------------------------  ---------------------------
    Total                                      1.344ns (1.034ns logic, 0.310ns route)
                                                       (76.9% logic, 23.1% route)

--------------------------------------------------------------------------------

Paths for end point b_reg_18 (SLICE_X21Y18.G3), 1 path
--------------------------------------------------------------------------------
Slack (hold path):      1.357ns (requirement - (clock path skew + uncertainty - data path))
  Source:               b_reg_18 (FF)
  Destination:          b_reg_18 (FF)
  Requirement:          0.000ns
  Data Path Delay:      1.357ns (Levels of Logic = 1)
  Clock Path Skew:      0.000ns
  Source Clock:         clk_25_BUFGP rising at 40.000ns
  Destination Clock:    clk_25_BUFGP rising at 40.000ns
  Clock Uncertainty:    0.000ns

  Minimum Data Path: b_reg_18 to b_reg_18
    Location             Delay type         Delay(ns)  Physical Resource
                                                       Logical Resource(s)
    -------------------------------------------------  -------------------
    SLICE_X21Y18.YQ      Tcko                  0.470   b_reg<19>
                                                       b_reg_18
    SLICE_X21Y18.G3      net (fanout=9)        0.371   b_reg<18>
    SLICE_X21Y18.CLK     Tckg        (-Th)    -0.516   b_reg<19>
                                                       b_reg_18_mux00001
                                                       b_reg_18
    -------------------------------------------------  ---------------------------
    Total                                      1.357ns (0.986ns logic, 0.371ns route)
                                                       (72.7% logic, 27.3% route)

--------------------------------------------------------------------------------

Component Switching Limit Checks: TS_clk_25 = PERIOD TIMEGRP "clk_25" 40 ns HIGH 50%;
--------------------------------------------------------------------------------
Slack: 36.808ns (period - (min low pulse limit / (low pulse / period)))
  Period: 40.000ns
  Low pulse: 20.000ns
  Low pulse limit: 1.596ns (Trpw)
  Physical resource: LED_flash_cnt<0>/SR
  Logical resource: LED_flash_cnt_0/SR
  Location pin: SLICE_X27Y11.SR
  Clock network: clr_IBUF
--------------------------------------------------------------------------------
Slack: 36.808ns (period - (min high pulse limit / (high pulse / period)))
  Period: 40.000ns
  High pulse: 20.000ns
  High pulse limit: 1.596ns (Trpw)
  Physical resource: LED_flash_cnt<0>/SR
  Logical resource: LED_flash_cnt_0/SR
  Location pin: SLICE_X27Y11.SR
  Clock network: clr_IBUF
--------------------------------------------------------------------------------
Slack: 36.808ns (period - (min low pulse limit / (low pulse / period)))
  Period: 40.000ns
  Low pulse: 20.000ns
  Low pulse limit: 1.596ns (Trpw)
  Physical resource: LED_flash_cnt<0>/SR
  Logical resource: LED_flash_cnt_1/SR
  Location pin: SLICE_X27Y11.SR
  Clock network: clr_IBUF
--------------------------------------------------------------------------------


All constraints were met.


Data Sheet report:
-----------------
All values displayed in nanoseconds (ns)

Clock to Setup on destination clock clk_25
---------------+---------+---------+---------+---------+
               | Src:Rise| Src:Fall| Src:Rise| Src:Fall|
Source Clock   |Dest:Rise|Dest:Rise|Dest:Fall|Dest:Fall|
---------------+---------+---------+---------+---------+
clk_25         |   27.964|         |         |         |
---------------+---------+---------+---------+---------+


Timing summary:
---------------

Timing errors: 0  Score: 0  (Setup/Max: 0, Hold: 0)

Constraints cover 112555965 paths, 0 nets, and 2602 connections

Design statistics:
   Minimum period:  27.964ns{1}   (Maximum frequency:  35.760MHz)


------------------------------------Footnotes-----------------------------------
1)  The minimum period statistic assumes all single cycle delays.

Analysis completed Tue Apr 07 16:48:51 2015 
--------------------------------------------------------------------------------

Trace Settings:
-------------------------
Trace Settings 

Peak Memory Usage: 159 MB



